commit b69c15ee1b05ee1d9e6fdbb2c5572e033fa8e3e6 (HEAD, tag: SP2A.220305.012.2022030801, m/master, grapheneos/12.1)
Author: Daniel Micay <danielmicay@gmail.com>
Date:   Mon 2021-01-04 19:56:14-0500

    constify JNINativeMethod table
---
 framesequence/jni/FrameSequenceJNI.cpp | 2 +-
 1 file changed, 1 insertion(+), 1 deletion(-)

diff --git a/framesequence/jni/FrameSequenceJNI.cpp b/framesequence/jni/FrameSequenceJNI.cpp
index c701f033fc8118d838f55c074295c58bf3ba8685..4041733d93df154cc2b233683957b6e2c10104f0 100644
--- a/framesequence/jni/FrameSequenceJNI.cpp
+++ b/framesequence/jni/FrameSequenceJNI.cpp
@@ -134,21 +134,21 @@ static jlong JNICALL nativeGetFrame(
     }
 
     int pixelStride = info.stride >> 2;
     jlong delayMs = frameSequenceState->drawFrame(frameNr,
             (Color8888*) pixels, pixelStride, previousFrameNr);
 
     AndroidBitmap_unlockPixels(env, bitmap);
     return delayMs;
 }
 
-static JNINativeMethod gMethods[] = {
+static const JNINativeMethod gMethods[] = {
     {   "nativeDecodeByteArray",
         "([BII)L" JNI_PACKAGE "/FrameSequence;",
         (void*) nativeDecodeByteArray
     },
     {   "nativeDecodeByteBuffer",
         "(Ljava/nio/ByteBuffer;II)L" JNI_PACKAGE "/FrameSequence;",
         (void*) nativeDecodeByteBuffer
     },
     {   "nativeDecodeStream",
         "(Ljava/io/InputStream;[B)L" JNI_PACKAGE "/FrameSequence;",
