commit 8cfece6ef083e379eaa7b8d7b3f0db5cf9d1b110
Author: Daniel Micay <danielmicay@gmail.com>
Date:   Thu 2017-09-14 00:03:16-0400

    disable personalized dicts by default
---
 java/res/xml/prefs_screen_correction.xml                            | 1 -
 java/src/com/android/inputmethod/latin/settings/SettingsValues.java | 2 +-
 2 files changed, 1 insertion(+), 2 deletions(-)

diff --git a/java/res/xml/prefs_screen_correction.xml b/java/res/xml/prefs_screen_correction.xml
index a943dc1a3be197d1a512f1aef0fe6cf205490c45..6f6b3666cc3239f5db5e463baecb9e19062f8313 100644
--- a/java/res/xml/prefs_screen_correction.xml
+++ b/java/res/xml/prefs_screen_correction.xml
@@ -50,21 +50,20 @@
     <CheckBoxPreference
         android:key="show_suggestions"
         android:summary="@string/prefs_show_suggestions_summary"
         android:title="@string/prefs_show_suggestions"
         android:defaultValue="true"
         android:persistent="true" />
     <CheckBoxPreference
         android:key="pref_key_use_personalized_dicts"
         android:title="@string/use_personalized_dicts"
         android:summary="@string/use_personalized_dicts_summary"
-        android:defaultValue="true"
         android:persistent="true" />
     <CheckBoxPreference
         android:key="pref_key_use_contacts_dict"
         android:title="@string/use_contacts_dict"
         android:summary="@string/use_contacts_dict_summary"
         android:defaultValue="true"
         android:persistent="true" />
     <CheckBoxPreference
         android:key="next_word_prediction"
         android:title="@string/bigram_prediction"
diff --git a/java/src/com/android/inputmethod/latin/settings/SettingsValues.java b/java/src/com/android/inputmethod/latin/settings/SettingsValues.java
index 57018244ff0e0002495292e0442d7a376ca1d5fe..a2153df036141623765f548e9d8531b6ed85cb80 100644
--- a/java/src/com/android/inputmethod/latin/settings/SettingsValues.java
+++ b/java/src/com/android/inputmethod/latin/settings/SettingsValues.java
@@ -139,21 +139,21 @@ public class SettingsValues {
                 DebugSettings.PREF_SLIDING_KEY_INPUT_PREVIEW, true);
         mShowsVoiceInputKey = needsToShowVoiceInputKey(prefs, res)
                 && mInputAttributes.mShouldShowVoiceInputKey
                 && Build.VERSION.SDK_INT >= Build.VERSION_CODES.JELLY_BEAN;
         mIncludesOtherImesInLanguageSwitchList = Settings.ENABLE_SHOW_LANGUAGE_SWITCH_KEY_SETTINGS
                 ? prefs.getBoolean(Settings.PREF_INCLUDE_OTHER_IMES_IN_LANGUAGE_SWITCH_LIST, false)
                 : true /* forcibly */;
         mShowsLanguageSwitchKey = Settings.ENABLE_SHOW_LANGUAGE_SWITCH_KEY_SETTINGS
                 ? Settings.readShowsLanguageSwitchKey(prefs) : true /* forcibly */;
         mUseContactsDict = prefs.getBoolean(Settings.PREF_KEY_USE_CONTACTS_DICT, true);
-        mUsePersonalizedDicts = prefs.getBoolean(Settings.PREF_KEY_USE_PERSONALIZED_DICTS, true);
+        mUsePersonalizedDicts = prefs.getBoolean(Settings.PREF_KEY_USE_PERSONALIZED_DICTS, false);
         mUseDoubleSpacePeriod = prefs.getBoolean(Settings.PREF_KEY_USE_DOUBLE_SPACE_PERIOD, true)
                 && inputAttributes.mIsGeneralTextInput;
         mBlockPotentiallyOffensive = Settings.readBlockPotentiallyOffensive(prefs, res);
         mAutoCorrectEnabled = Settings.readAutoCorrectEnabled(prefs, res);
         final String autoCorrectionThresholdRawValue = mAutoCorrectEnabled
                 ? res.getString(R.string.auto_correction_threshold_mode_index_modest)
                 : res.getString(R.string.auto_correction_threshold_mode_index_off);
         mBigramPredictionEnabled = readBigramPredictionEnabled(prefs, res);
         mDoubleSpacePeriodTimeout = res.getInteger(R.integer.config_double_space_period_timeout);
         mHasHardwareKeyboard = Settings.readHasHardwareKeyboard(res.getConfiguration());

commit 272de9aeb7ecf82a2c16d188b93d64f36d46c35b
Author: Daniel Micay <danielmicay@gmail.com>
Date:   Thu 2016-12-15 03:37:17-0500

    hide unsupported gesture settings
---
 java/res/xml/prefs.xml | 2 ++
 1 file changed, 2 insertions(+)

diff --git a/java/res/xml/prefs.xml b/java/res/xml/prefs.xml
index f01909f373f4c9b4f5db30a36debe100b750cd54..55b9b102ec737ed81575ba9d0cac4a3e5362b2e8 100644
--- a/java/res/xml/prefs.xml
+++ b/java/res/xml/prefs.xml
@@ -23,23 +23,25 @@
         android:title="@string/settings_screen_preferences"
         android:key="screen_preferences" />
     <PreferenceScreen
         android:fragment="com.android.inputmethod.latin.settings.AccountsSettingsFragment"
         android:title="@string/settings_screen_accounts"
         android:key="screen_accounts" />
     <PreferenceScreen
         android:fragment="com.android.inputmethod.latin.settings.AppearanceSettingsFragment"
         android:title="@string/settings_screen_appearance"
         android:key="screen_appearance" />
+    <!-- Requires a missing proprietary Google library
     <PreferenceScreen
         android:fragment="com.android.inputmethod.latin.settings.GestureSettingsFragment"
         android:title="@string/settings_screen_gesture"
         android:key="screen_gesture" />
+    -->
     <PreferenceScreen
         android:fragment="com.android.inputmethod.latin.settings.CorrectionSettingsFragment"
         android:title="@string/settings_screen_correction"
         android:key="screen_correction" />
     <PreferenceScreen
         android:fragment="com.android.inputmethod.latin.settings.AdvancedSettingsFragment"
         android:title="@string/settings_screen_advanced"
         android:key="screen_advanced" />
 </PreferenceScreen>

commit 95a1b354ea6b0ac7fbdce2fd485b730b5bb914f2
Author: Daniel Micay <danielmicay@gmail.com>
Date:   Mon 2017-01-02 16:20:43-0500

    consistently disable keypress sound by default
---
 java/res/values-sw600dp/config-per-form-factor.xml | 2 +-
 java/res/values-sw768dp/config-per-form-factor.xml | 2 +-
 2 files changed, 2 insertions(+), 2 deletions(-)

diff --git a/java/res/values-sw600dp/config-per-form-factor.xml b/java/res/values-sw600dp/config-per-form-factor.xml
index aa9a054821fd6ea9ceaa88e84e9877e578c86517..bb2eaa85ff1ea3555e55f5238f33889797ab4ba7 100644
--- a/java/res/values-sw600dp/config-per-form-factor.xml
+++ b/java/res/values-sw600dp/config-per-form-factor.xml
@@ -16,18 +16,18 @@
 ** See the License for the specific language governing permissions and
 ** limitations under the License.
 */
 -->
 
 <!-- Configuration values for Small Tablet. -->
 <resources>
     <bool name="config_enable_show_key_preview_popup_option">false</bool>
     <!-- Whether or not Popup on key press is enabled by default -->
     <bool name="config_default_key_preview_popup">false</bool>
-    <bool name="config_default_sound_enabled">true</bool>
+    <bool name="config_default_sound_enabled">false</bool>
     <bool name="config_enable_show_voice_key_option">false</bool>
     <bool name="config_key_selection_by_dragging_finger">false</bool>
     <!-- Showing more keys keyboard, just above the touched point if true, aligned to the key if
          false -->
     <bool name="config_show_more_keys_keyboard_at_touched_point">false</bool>
     <bool name="config_use_fullscreen_mode">false</bool>
 </resources>
diff --git a/java/res/values-sw768dp/config-per-form-factor.xml b/java/res/values-sw768dp/config-per-form-factor.xml
index b90fbaea58acf4fd485503c4ded920396b0251e2..45ff0b1ffac3f0c1ba90d78e57ce09c0e5546fb9 100644
--- a/java/res/values-sw768dp/config-per-form-factor.xml
+++ b/java/res/values-sw768dp/config-per-form-factor.xml
@@ -16,18 +16,18 @@
 ** See the License for the specific language governing permissions and
 ** limitations under the License.
 */
 -->
 
 <!-- Configuration values for Large Tablet. -->
 <resources>
     <bool name="config_enable_show_key_preview_popup_option">false</bool>
     <!-- Whether or not Popup on key press is enabled by default -->
     <bool name="config_default_key_preview_popup">false</bool>
-    <bool name="config_default_sound_enabled">true</bool>
+    <bool name="config_default_sound_enabled">false</bool>
     <bool name="config_enable_show_voice_key_option">false</bool>
     <bool name="config_key_selection_by_dragging_finger">false</bool>
     <!-- Showing more keys keyboard, just above the touched point if true, aligned to the key if
          false -->
     <bool name="config_show_more_keys_keyboard_at_touched_point">true</bool>
     <bool name="config_use_fullscreen_mode">false</bool>
 </resources>

commit 056b16b65c43331011123f6d6d0a9bbe4da98d4e (HEAD, tag: RQ2A.210405.005.2021.04.05.20, tag: RQ2A.210305.006.2021.03.02.10, tag: RQ1A.210205.004.2021.02.02.09, tag: RQ1A.210105.002.2021.01.05.03, m/master)
Author: Daniel Micay <danielmicay@gmail.com>
Date:   Sun 2019-03-31 00:00:58-0400

    rebranding
---
 java/res/values-en-rAU/strings-appname.xml        | 8 ++++----
 java/res/values-en-rCA/strings-appname.xml        | 8 ++++----
 java/res/values-en-rGB/strings-appname.xml        | 8 ++++----
 java/res/values-en-rIN/strings-appname.xml        | 8 ++++----
 java/res/values-en-rXC/strings-appname.xml        | 8 ++++----
 java/res/values/donottranslate-debug-settings.xml | 2 +-
 java/res/values/strings-appname.xml               | 8 ++++----
 7 files changed, 25 insertions(+), 25 deletions(-)

diff --git a/java/res/values-en-rAU/strings-appname.xml b/java/res/values-en-rAU/strings-appname.xml
index f37c9814144d62bfa0ba3f2460c2e1d282084b49..1b4d1c10a872f457c2b841ff09abbf30919eeb9f 100644
--- a/java/res/values-en-rAU/strings-appname.xml
+++ b/java/res/values-en-rAU/strings-appname.xml
@@ -13,15 +13,15 @@
 ** Unless required by applicable law or agreed to in writing, software
 ** distributed under the License is distributed on an "AS IS" BASIS,
 ** WITHOUT WARRANTIES OR CONDITIONS OF ANY KIND, either express or implied.
 ** See the License for the specific language governing permissions and
 ** limitations under the License.
 */
  -->
 
 <resources xmlns:android="http://schemas.android.com/apk/res/android"
     xmlns:xliff="urn:oasis:names:tc:xliff:document:1.2">
-    <string name="english_ime_name" msgid="4475547506953371028">"Android Keyboard (AOSP)"</string>
-    <string name="spell_checker_service_name" msgid="7417621022652876777">"Android Spell Checker (AOSP)"</string>
-    <string name="english_ime_settings" msgid="1497566567404939275">"Android Keyboard Settings (AOSP)"</string>
-    <string name="android_spell_checker_settings" msgid="2821003654878860820">"Android Spell Checker Settings (AOSP)"</string>
+    <string name="english_ime_name" msgid="4475547506953371028">"GrapheneOS Keyboard"</string>
+    <string name="spell_checker_service_name" msgid="7417621022652876777">"GrapheneOS Spell Checker"</string>
+    <string name="english_ime_settings" msgid="1497566567404939275">"GrapheneOS Keyboard Settings"</string>
+    <string name="android_spell_checker_settings" msgid="2821003654878860820">"GrapheneOS Spell Checker Settings"</string>
 </resources>
diff --git a/java/res/values-en-rCA/strings-appname.xml b/java/res/values-en-rCA/strings-appname.xml
index f37c9814144d62bfa0ba3f2460c2e1d282084b49..1b4d1c10a872f457c2b841ff09abbf30919eeb9f 100644
--- a/java/res/values-en-rCA/strings-appname.xml
+++ b/java/res/values-en-rCA/strings-appname.xml
@@ -13,15 +13,15 @@
 ** Unless required by applicable law or agreed to in writing, software
 ** distributed under the License is distributed on an "AS IS" BASIS,
 ** WITHOUT WARRANTIES OR CONDITIONS OF ANY KIND, either express or implied.
 ** See the License for the specific language governing permissions and
 ** limitations under the License.
 */
  -->
 
 <resources xmlns:android="http://schemas.android.com/apk/res/android"
     xmlns:xliff="urn:oasis:names:tc:xliff:document:1.2">
-    <string name="english_ime_name" msgid="4475547506953371028">"Android Keyboard (AOSP)"</string>
-    <string name="spell_checker_service_name" msgid="7417621022652876777">"Android Spell Checker (AOSP)"</string>
-    <string name="english_ime_settings" msgid="1497566567404939275">"Android Keyboard Settings (AOSP)"</string>
-    <string name="android_spell_checker_settings" msgid="2821003654878860820">"Android Spell Checker Settings (AOSP)"</string>
+    <string name="english_ime_name" msgid="4475547506953371028">"GrapheneOS Keyboard"</string>
+    <string name="spell_checker_service_name" msgid="7417621022652876777">"GrapheneOS Spell Checker"</string>
+    <string name="english_ime_settings" msgid="1497566567404939275">"GrapheneOS Keyboard Settings"</string>
+    <string name="android_spell_checker_settings" msgid="2821003654878860820">"GrapheneOS Spell Checker Settings"</string>
 </resources>
diff --git a/java/res/values-en-rGB/strings-appname.xml b/java/res/values-en-rGB/strings-appname.xml
index f37c9814144d62bfa0ba3f2460c2e1d282084b49..1b4d1c10a872f457c2b841ff09abbf30919eeb9f 100644
--- a/java/res/values-en-rGB/strings-appname.xml
+++ b/java/res/values-en-rGB/strings-appname.xml
@@ -13,15 +13,15 @@
 ** Unless required by applicable law or agreed to in writing, software
 ** distributed under the License is distributed on an "AS IS" BASIS,
 ** WITHOUT WARRANTIES OR CONDITIONS OF ANY KIND, either express or implied.
 ** See the License for the specific language governing permissions and
 ** limitations under the License.
 */
  -->
 
 <resources xmlns:android="http://schemas.android.com/apk/res/android"
     xmlns:xliff="urn:oasis:names:tc:xliff:document:1.2">
-    <string name="english_ime_name" msgid="4475547506953371028">"Android Keyboard (AOSP)"</string>
-    <string name="spell_checker_service_name" msgid="7417621022652876777">"Android Spell Checker (AOSP)"</string>
-    <string name="english_ime_settings" msgid="1497566567404939275">"Android Keyboard Settings (AOSP)"</string>
-    <string name="android_spell_checker_settings" msgid="2821003654878860820">"Android Spell Checker Settings (AOSP)"</string>
+    <string name="english_ime_name" msgid="4475547506953371028">"GrapheneOS Keyboard"</string>
+    <string name="spell_checker_service_name" msgid="7417621022652876777">"GrapheneOS Spell Checker"</string>
+    <string name="english_ime_settings" msgid="1497566567404939275">"GrapheneOS Keyboard Settings"</string>
+    <string name="android_spell_checker_settings" msgid="2821003654878860820">"GrapheneOS Spell Checker Settings"</string>
 </resources>
diff --git a/java/res/values-en-rIN/strings-appname.xml b/java/res/values-en-rIN/strings-appname.xml
index f37c9814144d62bfa0ba3f2460c2e1d282084b49..1b4d1c10a872f457c2b841ff09abbf30919eeb9f 100644
--- a/java/res/values-en-rIN/strings-appname.xml
+++ b/java/res/values-en-rIN/strings-appname.xml
@@ -13,15 +13,15 @@
 ** Unless required by applicable law or agreed to in writing, software
 ** distributed under the License is distributed on an "AS IS" BASIS,
 ** WITHOUT WARRANTIES OR CONDITIONS OF ANY KIND, either express or implied.
 ** See the License for the specific language governing permissions and
 ** limitations under the License.
 */
  -->
 
 <resources xmlns:android="http://schemas.android.com/apk/res/android"
     xmlns:xliff="urn:oasis:names:tc:xliff:document:1.2">
-    <string name="english_ime_name" msgid="4475547506953371028">"Android Keyboard (AOSP)"</string>
-    <string name="spell_checker_service_name" msgid="7417621022652876777">"Android Spell Checker (AOSP)"</string>
-    <string name="english_ime_settings" msgid="1497566567404939275">"Android Keyboard Settings (AOSP)"</string>
-    <string name="android_spell_checker_settings" msgid="2821003654878860820">"Android Spell Checker Settings (AOSP)"</string>
+    <string name="english_ime_name" msgid="4475547506953371028">"GrapheneOS Keyboard"</string>
+    <string name="spell_checker_service_name" msgid="7417621022652876777">"GrapheneOS Spell Checker"</string>
+    <string name="english_ime_settings" msgid="1497566567404939275">"GrapheneOS Keyboard Settings"</string>
+    <string name="android_spell_checker_settings" msgid="2821003654878860820">"GrapheneOS Spell Checker Settings"</string>
 </resources>
diff --git a/java/res/values-en-rXC/strings-appname.xml b/java/res/values-en-rXC/strings-appname.xml
index b5412726ef763923eae6702c3991286f04279fb7..b07459d1a39b0868586818751912af4857618f96 100644
--- a/java/res/values-en-rXC/strings-appname.xml
+++ b/java/res/values-en-rXC/strings-appname.xml
@@ -13,15 +13,15 @@
 ** Unless required by applicable law or agreed to in writing, software
 ** distributed under the License is distributed on an "AS IS" BASIS,
 ** WITHOUT WARRANTIES OR CONDITIONS OF ANY KIND, either express or implied.
 ** See the License for the specific language governing permissions and
 ** limitations under the License.
 */
  -->
 
 <resources xmlns:android="http://schemas.android.com/apk/res/android"
     xmlns:xliff="urn:oasis:names:tc:xliff:document:1.2">
-    <string name="english_ime_name" msgid="4475547506953371028">"‎‏‎‎‎‎‎‏‎‏‏‏‎‎‎‎‎‎‏‏‎‏‎‏‏‏‏‏‏‏‏‏‎‏‏‏‏‏‎‎‎‎‏‏‏‎‎‎‏‎‏‎‏‏‎‏‎‏‏‏‏‏‎‏‎‏‏‏‏‏‏‎‏‎‏‎‏‏‏‎‎‏‏‏‏‎‏‏‎‎‏‎‏‎‎‎Android Keyboard (AOSP)‎‏‎‎‏‎"</string>
-    <string name="spell_checker_service_name" msgid="7417621022652876777">"‎‏‎‎‎‎‎‏‎‏‏‏‎‎‎‎‎‎‏‏‎‏‎‏‏‏‏‏‏‏‏‏‏‏‏‎‎‏‏‎‏‏‏‏‎‎‎‎‏‎‏‎‏‏‏‏‎‎‎‎‎‏‎‏‎‎‎‏‎‏‎‏‏‎‏‏‎‎‎‏‏‏‎‎‎‏‏‏‏‏‏‎‏‎‎‏‎Android Spell Checker (AOSP)‎‏‎‎‏‎"</string>
-    <string name="english_ime_settings" msgid="1497566567404939275">"‎‏‎‎‎‎‎‏‎‏‏‏‎‎‎‎‎‎‏‏‎‏‎‏‏‏‏‏‏‏‏‎‏‏‎‏‎‎‏‏‎‎‏‎‎‎‎‏‏‎‏‏‎‎‏‏‎‏‏‎‏‏‏‏‎‎‏‏‎‏‏‎‏‎‏‏‎‎‎‎‏‎‏‎‎‎‎‎‎‎‏‎‏‏‎Android Keyboard Settings (AOSP)‎‏‎‎‏‎"</string>
-    <string name="android_spell_checker_settings" msgid="2821003654878860820">"‎‏‎‎‎‎‎‏‎‏‏‏‎‎‎‎‎‎‏‏‎‏‎‏‏‏‏‏‏‏‏‏‎‏‎‎‏‏‏‎‎‏‎‎‏‏‎‎‎‏‏‎‏‏‏‏‏‏‎‎‎‎‎‏‎‏‏‎‏‏‏‎‎‏‎‎‎‏‎‎‎‎‏‎‏‏‎‎‎‎‏‎‏‎‎‎Android Spell Checker Settings (AOSP)‎‏‎‎‏‎"</string>
+    <string name="english_ime_name" msgid="4475547506953371028">"‎‏‎‎‎‎‎‏‎‏‏‏‎‎‎‎‎‎‏‏‎‏‎‏‏‏‏‏‏‏‏‏‎‏‏‏‏‏‎‎‎‎‏‏‏‎‎‎‏‎‏‎‏‏‎‏‎‏‏‏‏‏‎‏‎‏‏‏‏‏‏‎‏‎‏‎‏‏‏‎‎‏‏‏‏‎‏‏‎‎‏‎‏‎‎‎GrapheneOS Keyboard‎‏‎‎‏‎"</string>
+    <string name="spell_checker_service_name" msgid="7417621022652876777">"‎‏‎‎‎‎‎‏‎‏‏‏‎‎‎‎‎‎‏‏‎‏‎‏‏‏‏‏‏‏‏‏‏‏‏‎‎‏‏‎‏‏‏‏‎‎‎‎‏‎‏‎‏‏‏‏‎‎‎‎‎‏‎‏‎‎‎‏‎‏‎‏‏‎‏‏‎‎‎‏‏‏‎‎‎‏‏‏‏‏‏‎‏‎‎‏‎GrapheneOS Spell Checker (AOSP)‎‏‎‎‏‎"</string>
+    <string name="english_ime_settings" msgid="1497566567404939275">"‎‏‎‎‎‎‎‏‎‏‏‏‎‎‎‎‎‎‏‏‎‏‎‏‏‏‏‏‏‏‏‎‏‏‎‏‎‎‏‏‎‎‏‎‎‎‎‏‏‎‏‏‎‎‏‏‎‏‏‎‏‏‏‏‎‎‏‏‎‏‏‎‏‎‏‏‎‎‎‎‏‎‏‎‎‎‎‎‎‎‏‎‏‏‎GrapheneOS Keyboard Settings‎‏‎‎‏‎"</string>
+    <string name="android_spell_checker_settings" msgid="2821003654878860820">"‎‏‎‎‎‎‎‏‎‏‏‏‎‎‎‎‎‎‏‏‎‏‎‏‏‏‏‏‏‏‏‏‎‏‎‎‏‏‏‎‎‏‎‎‏‏‎‎‎‏‏‎‏‏‏‏‏‏‎‎‎‎‎‏‎‏‏‎‏‏‏‎‎‏‎‎‎‏‎‎‎‎‏‎‏‏‎‎‎‎‏‎‏‎‎‎GrapheneOS Spell Checker Settings (AOSP)‎‏‎‎‏‎"</string>
 </resources>
diff --git a/java/res/values/donottranslate-debug-settings.xml b/java/res/values/donottranslate-debug-settings.xml
index 9df73ae4f06d84f5f38f45978da1d3d6b5672f17..ff6b765cb86413cba6e4076bac9453e9fb5e585d 100644
--- a/java/res/values/donottranslate-debug-settings.xml
+++ b/java/res/values/donottranslate-debug-settings.xml
@@ -12,21 +12,21 @@
 **
 ** Unless required by applicable law or agreed to in writing, software
 ** distributed under the License is distributed on an "AS IS" BASIS,
 ** WITHOUT WARRANTIES OR CONDITIONS OF ANY KIND, either express or implied.
 ** See the License for the specific language governing permissions and
 ** limitations under the License.
 */
 -->
 <resources xmlns:xliff="urn:oasis:names:tc:xliff:document:1.2">
     <!-- Title for Android keyboard debug settings activity / dialog -->
-    <string name="english_ime_debug_settings">Android Keyboard Debug settings</string>
+    <string name="english_ime_debug_settings">GrapheneOS Keyboard Debug settings</string>
     <string name="prefs_debug_mode">Debug Mode</string>
     <string name="prefs_force_non_distinct_multitouch">Force non-distinct multitouch</string>
     <string name="prefs_should_show_lxx_suggestion_ui">Show LXX suggestion UI</string>
     <!-- Option to enable sliding key input indicator. The user can see a rubber band-like effect during sliding key input. [CHAR LIMIT=30]-->
     <string name="sliding_key_input_preview">Show slide indicator</string>
     <!-- Option summary to enable sliding key input indicator. The user can see a rubber band-like effect during sliding key input. [CHAR LIMIT=66]-->
     <string name="sliding_key_input_preview_summary">Display visual cue while sliding from Shift or Symbol keys</string>
     <!-- Title of the settings for customize key popup animation parameters [CHAR LIMIT=35] -->
     <string name="prefs_customize_key_preview_animation">Customize key preview animation</string>
     <!-- Title of the settings for key popup show up animation duration (in milliseconds) [CHAR LIMIT=35] -->
diff --git a/java/res/values/strings-appname.xml b/java/res/values/strings-appname.xml
index 46d8c44acb98b0c0582180510ed78f3f8f40f661..e0f3a64883469ba85f3825d2ff27b8f9d140b898 100644
--- a/java/res/values/strings-appname.xml
+++ b/java/res/values/strings-appname.xml
@@ -14,24 +14,24 @@
 ** distributed under the License is distributed on an "AS IS" BASIS,
 ** WITHOUT WARRANTIES OR CONDITIONS OF ANY KIND, either express or implied.
 ** See the License for the specific language governing permissions and
 ** limitations under the License.
 */
 -->
 
 <resources>
     <!-- Application name for opensource Android keyboard. AOSP(Android Open Source Project) should not be translated.
          This resource should be copied from msgid="8250992613616792321" -->
-    <string name="english_ime_name">Android Keyboard (AOSP)</string>
+    <string name="english_ime_name">GrapheneOS Keyboard</string>
 
     <!-- Name of Android spell checker service. AOSP(Android Open Source Project) should not be translated.
          This resource should be copied from msgid="511950477199948048" -->
-    <string name="spell_checker_service_name">Android Spell Checker (AOSP)</string>
+    <string name="spell_checker_service_name">GrapheneOS Spell Checker</string>
 
     <!-- Title for Android Keyboard settings screen. AOSP(Android Open Source Project) should not be translated.
          This resource should be copied from msgid="423615877174850267" -->
-    <string name="english_ime_settings">Android Keyboard Settings (AOSP)</string>
+    <string name="english_ime_settings">GrapheneOS Keyboard Settings</string>
 
     <!-- Title for the spell checking service settings screen. AOSP(Android Open Source Project) should not be translated.
          This resource should be copied from msgid="2970535894327288421" -->
-    <string name="android_spell_checker_settings">Android Spell Checker Settings (AOSP)</string>
+    <string name="android_spell_checker_settings">GrapheneOS Spell Checker Settings</string>
 </resources>
