commit 8cda3878ad65c88523adf48f50528eb8b40a6a26
Author: Daniel Micay <danielmicay@gmail.com>
Date:   Thu 2017-07-27 17:26:39-0400

    remove useless no-op privacy policy / terms of use
---
 res/xml/preference_about.xml                       | 12 ----------
 .../preference/AboutPreferenceFragment.java        | 28 ----------------------
 2 files changed, 40 deletions(-)

diff --git a/res/xml/preference_about.xml b/res/xml/preference_about.xml
index a109db68ed657688ffda3cbf1d005e05ff93fa03..6b31d238f0d857a5dc7294900f5ef2e93fb910f5 100644
--- a/res/xml/preference_about.xml
+++ b/res/xml/preference_about.xml
@@ -18,23 +18,11 @@
     <Preference
             android:icon="@null"
             android:key="@string/pref_build_version_key"
             android:title="@string/about_build_version"/>
 
     <Preference
             android:icon="@null"
             android:key="@string/pref_open_source_licenses_key"
             android:title="@string/about_open_source_licenses"
             android:summary="@string/about_open_source_licenses_summary"/>
-
-    <Preference
-            android:icon="@null"
-            android:key="@string/pref_privacy_policy_key"
-            android:title="@string/about_privacy_policy">
-    </Preference>
-
-    <Preference
-            android:icon="@null"
-            android:key="@string/pref_terms_of_service_key"
-            android:title="@string/about_terms_of_service">
-    </Preference>
 </PreferenceScreen>
diff --git a/src/com/android/contacts/preference/AboutPreferenceFragment.java b/src/com/android/contacts/preference/AboutPreferenceFragment.java
index 378948033ac42c95473a48016d3e2f765935a76d..721ab0460a31ba3c22b4a602c02c514028ef7e1a 100644
--- a/src/com/android/contacts/preference/AboutPreferenceFragment.java
+++ b/src/com/android/contacts/preference/AboutPreferenceFragment.java
@@ -27,24 +27,20 @@ import android.preference.Preference;
 import android.preference.PreferenceFragment;
 import android.widget.Toast;
 
 import com.android.contacts.R;
 import com.android.contacts.activities.LicenseActivity;
 
 /**
  * This fragment shows the preferences for "about".
  */
 public class AboutPreferenceFragment extends PreferenceFragment {
-
-    public static final String PRIVACY_POLICY_URL = "http://www.google.com/policies/privacy";
-    public static final String TERMS_OF_SERVICE_URL = "http://www.google.com/policies/terms";
-
     public static AboutPreferenceFragment newInstance() {
         return new AboutPreferenceFragment();
     }
 
     @Override
     public void onCreate(Bundle savedInstanceState) {
         super.onCreate(savedInstanceState);
 
         // Load the preferences from an XML resource
         addPreferencesFromResource(R.xml.preference_about);
@@ -56,44 +52,20 @@ public class AboutPreferenceFragment extends PreferenceFragment {
             final Preference versionPreference = findPreference(
                     getString(R.string.pref_build_version_key));
             versionPreference.setSummary(info.versionName);
         } catch (PackageManager.NameNotFoundException e) {
             // Nothing
         }
 
         final Preference licensePreference = findPreference(
                 getString(R.string.pref_open_source_licenses_key));
         licensePreference.setIntent(new Intent(getActivity(), LicenseActivity.class));
-
-        final Preference privacyPolicyPreference = findPreference("pref_privacy_policy");
-        final Preference termsOfServicePreference = findPreference("pref_terms_of_service");
-
-        final Preference.OnPreferenceClickListener listener =
-                new Preference.OnPreferenceClickListener() {
-            @Override
-            public boolean onPreferenceClick(Preference preference) {
-                try {
-                    if (preference == privacyPolicyPreference) {
-                        startActivityForUrl(PRIVACY_POLICY_URL);
-                    } else if (preference == termsOfServicePreference) {
-                        startActivityForUrl(TERMS_OF_SERVICE_URL);
-                    }
-                } catch (ActivityNotFoundException ex) {
-                    Toast.makeText(getContext(), getString(R.string.url_open_error_toast),
-                            Toast.LENGTH_SHORT).show();
-                }
-                return true;
-            }
-        };
-
-        privacyPolicyPreference.setOnPreferenceClickListener(listener);
-        termsOfServicePreference.setOnPreferenceClickListener(listener);
     }
 
     @Override
     public Context getContext() {
         return getActivity();
     }
 
     private void startActivityForUrl(String urlString) {
         final Intent intent = new Intent();
         intent.setAction(Intent.ACTION_VIEW);

commit d2d77b363d28451b8df6ccca4195192bc253c174 (tag: SQ1A.220105.002.2022010500)
Author: Daniel Micay <danielmicay@gmail.com>
Date:   Tue 2017-08-22 02:51:36-0400

    remove 'to Google' from Contacts backup notice
---
 res/values-en-rAU/strings.xml | 2 +-
 res/values-en-rGB/strings.xml | 2 +-
 res/values-en-rIN/strings.xml | 2 +-
 res/values/strings.xml        | 2 +-
 4 files changed, 4 insertions(+), 4 deletions(-)

diff --git a/res/values-en-rAU/strings.xml b/res/values-en-rAU/strings.xml
index 3baa6d9479dc60585432476e4a04c3e8cf454dc4..06c139f5639b5b2b3311f289d39066222407de82 100644
--- a/res/values-en-rAU/strings.xml
+++ b/res/values-en-rAU/strings.xml
@@ -180,21 +180,21 @@
     <string name="clear_default" msgid="2055883863621491533">"Clear default"</string>
     <string name="toast_text_copied" msgid="845906090076228771">"Text copied"</string>
     <string name="cancel_confirmation_dialog_message" msgid="7486892574762212762">"Discard changes?"</string>
     <string name="cancel_confirmation_dialog_cancel_editing_button" msgid="8280294641821133477">"Discard"</string>
     <string name="cancel_confirmation_dialog_keep_editing_button" msgid="7117943783437253341">"Cancel"</string>
     <string name="leave_customize_confirmation_dialog_message" msgid="5330853530872707231">"Discard customisations?"</string>
     <string name="enter_contact_name" msgid="521859148893732679">"Search contacts"</string>
     <string name="title_edit_group" msgid="4246193439931854759">"Remove contacts"</string>
     <string name="local_profile_title" msgid="1613784248702623410">"My local profile"</string>
     <string name="external_profile_title" msgid="2706282819025406927">"My <xliff:g id="EXTERNAL_SOURCE">%1$s</xliff:g> profile"</string>
-    <string name="contact_editor_prompt_zero_accounts" msgid="4468363031413457746">"Take a moment to add an account that will back up your contacts to Google."</string>
+    <string name="contact_editor_prompt_zero_accounts" msgid="4468363031413457746">"Take a moment to add an account that will back up your contacts."</string>
     <string name="contact_editor_prompt_one_account" msgid="765343809177951169">"New contacts will be saved to <xliff:g id="ACCOUNT_NAME">%1$s</xliff:g>."</string>
     <string name="contact_editor_prompt_multiple_accounts" msgid="1543322760761168351">"Choose a default account for new contacts:"</string>
     <string name="contact_editor_title_new_contact" msgid="7534775011591770343">"Create new contact"</string>
     <string name="contact_editor_title_existing_contact" msgid="3647774955741654029">"Edit contact"</string>
     <string name="contact_editor_title_read_only_contact" msgid="5494810291515292596">"View only"</string>
     <string name="contact_editor_pick_raw_contact_to_edit_dialog_title" msgid="4478782370280424187">"Choose contact to edit"</string>
     <string name="contact_editor_pick_linked_contact_dialog_title" msgid="3332134735168016293">"Linked contacts"</string>
     <string name="contact_editor_add_linked_contact" msgid="2895453741206196138">"Add"</string>
     <string name="contact_editor_unlink_contacts" msgid="8399419729744305687">"Unlink"</string>
     <string name="add_account" msgid="3071396624500839020">"Add account"</string>
diff --git a/res/values-en-rGB/strings.xml b/res/values-en-rGB/strings.xml
index 3baa6d9479dc60585432476e4a04c3e8cf454dc4..06c139f5639b5b2b3311f289d39066222407de82 100644
--- a/res/values-en-rGB/strings.xml
+++ b/res/values-en-rGB/strings.xml
@@ -180,21 +180,21 @@
     <string name="clear_default" msgid="2055883863621491533">"Clear default"</string>
     <string name="toast_text_copied" msgid="845906090076228771">"Text copied"</string>
     <string name="cancel_confirmation_dialog_message" msgid="7486892574762212762">"Discard changes?"</string>
     <string name="cancel_confirmation_dialog_cancel_editing_button" msgid="8280294641821133477">"Discard"</string>
     <string name="cancel_confirmation_dialog_keep_editing_button" msgid="7117943783437253341">"Cancel"</string>
     <string name="leave_customize_confirmation_dialog_message" msgid="5330853530872707231">"Discard customisations?"</string>
     <string name="enter_contact_name" msgid="521859148893732679">"Search contacts"</string>
     <string name="title_edit_group" msgid="4246193439931854759">"Remove contacts"</string>
     <string name="local_profile_title" msgid="1613784248702623410">"My local profile"</string>
     <string name="external_profile_title" msgid="2706282819025406927">"My <xliff:g id="EXTERNAL_SOURCE">%1$s</xliff:g> profile"</string>
-    <string name="contact_editor_prompt_zero_accounts" msgid="4468363031413457746">"Take a moment to add an account that will back up your contacts to Google."</string>
+    <string name="contact_editor_prompt_zero_accounts" msgid="4468363031413457746">"Take a moment to add an account that will back up your contacts."</string>
     <string name="contact_editor_prompt_one_account" msgid="765343809177951169">"New contacts will be saved to <xliff:g id="ACCOUNT_NAME">%1$s</xliff:g>."</string>
     <string name="contact_editor_prompt_multiple_accounts" msgid="1543322760761168351">"Choose a default account for new contacts:"</string>
     <string name="contact_editor_title_new_contact" msgid="7534775011591770343">"Create new contact"</string>
     <string name="contact_editor_title_existing_contact" msgid="3647774955741654029">"Edit contact"</string>
     <string name="contact_editor_title_read_only_contact" msgid="5494810291515292596">"View only"</string>
     <string name="contact_editor_pick_raw_contact_to_edit_dialog_title" msgid="4478782370280424187">"Choose contact to edit"</string>
     <string name="contact_editor_pick_linked_contact_dialog_title" msgid="3332134735168016293">"Linked contacts"</string>
     <string name="contact_editor_add_linked_contact" msgid="2895453741206196138">"Add"</string>
     <string name="contact_editor_unlink_contacts" msgid="8399419729744305687">"Unlink"</string>
     <string name="add_account" msgid="3071396624500839020">"Add account"</string>
diff --git a/res/values-en-rIN/strings.xml b/res/values-en-rIN/strings.xml
index 3baa6d9479dc60585432476e4a04c3e8cf454dc4..06c139f5639b5b2b3311f289d39066222407de82 100644
--- a/res/values-en-rIN/strings.xml
+++ b/res/values-en-rIN/strings.xml
@@ -180,21 +180,21 @@
     <string name="clear_default" msgid="2055883863621491533">"Clear default"</string>
     <string name="toast_text_copied" msgid="845906090076228771">"Text copied"</string>
     <string name="cancel_confirmation_dialog_message" msgid="7486892574762212762">"Discard changes?"</string>
     <string name="cancel_confirmation_dialog_cancel_editing_button" msgid="8280294641821133477">"Discard"</string>
     <string name="cancel_confirmation_dialog_keep_editing_button" msgid="7117943783437253341">"Cancel"</string>
     <string name="leave_customize_confirmation_dialog_message" msgid="5330853530872707231">"Discard customisations?"</string>
     <string name="enter_contact_name" msgid="521859148893732679">"Search contacts"</string>
     <string name="title_edit_group" msgid="4246193439931854759">"Remove contacts"</string>
     <string name="local_profile_title" msgid="1613784248702623410">"My local profile"</string>
     <string name="external_profile_title" msgid="2706282819025406927">"My <xliff:g id="EXTERNAL_SOURCE">%1$s</xliff:g> profile"</string>
-    <string name="contact_editor_prompt_zero_accounts" msgid="4468363031413457746">"Take a moment to add an account that will back up your contacts to Google."</string>
+    <string name="contact_editor_prompt_zero_accounts" msgid="4468363031413457746">"Take a moment to add an account that will back up your contacts."</string>
     <string name="contact_editor_prompt_one_account" msgid="765343809177951169">"New contacts will be saved to <xliff:g id="ACCOUNT_NAME">%1$s</xliff:g>."</string>
     <string name="contact_editor_prompt_multiple_accounts" msgid="1543322760761168351">"Choose a default account for new contacts:"</string>
     <string name="contact_editor_title_new_contact" msgid="7534775011591770343">"Create new contact"</string>
     <string name="contact_editor_title_existing_contact" msgid="3647774955741654029">"Edit contact"</string>
     <string name="contact_editor_title_read_only_contact" msgid="5494810291515292596">"View only"</string>
     <string name="contact_editor_pick_raw_contact_to_edit_dialog_title" msgid="4478782370280424187">"Choose contact to edit"</string>
     <string name="contact_editor_pick_linked_contact_dialog_title" msgid="3332134735168016293">"Linked contacts"</string>
     <string name="contact_editor_add_linked_contact" msgid="2895453741206196138">"Add"</string>
     <string name="contact_editor_unlink_contacts" msgid="8399419729744305687">"Unlink"</string>
     <string name="add_account" msgid="3071396624500839020">"Add account"</string>
diff --git a/res/values/strings.xml b/res/values/strings.xml
index faa1d96e130018c95cb3cb6d6953321155b75595..bc740d06de51d2dab06a986285595986acbf5467 100644
--- a/res/values/strings.xml
+++ b/res/values/strings.xml
@@ -539,21 +539,21 @@
     <!-- Title of the edit label view in selection mode when contacts are being selected for removal.[CHAR LIMIT=40] -->
     <string name="title_edit_group">Remove contacts</string>
 
     <!-- Header label in the contact editor for a profile that is local to the device only (and not associated with any account) [CHAR LIMIT=25] -->
     <string name="local_profile_title">My local profile</string>
 
     <!-- Header label in the contact editor for a profile that comes from an external third-party app whose name is given by source [CHAR LIMIT=20] -->
     <string name="external_profile_title">My <xliff:g id="external_source">%1$s</xliff:g> profile</string>
 
     <!-- Message in the contact editor prompt that notifies the user that the newly created contact will not be saved to any account, and prompts addition of an account [CHAR LIMIT=NONE] -->
-    <string name="contact_editor_prompt_zero_accounts">Take a minute to add an account that will back up your contacts to Google.</string>
+    <string name="contact_editor_prompt_zero_accounts">Take a minute to add an account that will back up your contacts.</string>
 
     <!-- Message in the contact editor prompt that asks the user if it's okay to save the newly created contact to the account shown. [CHAR LIMIT=NONE] -->
     <string name="contact_editor_prompt_one_account">New contacts will be saved to <xliff:g id="account_name">%1$s</xliff:g>.</string>
 
     <!-- Message in the contact editor prompt that asks the user which account they want to save the newly created contact to. [CHAR LIMIT=NONE] -->
     <string name="contact_editor_prompt_multiple_accounts">Choose a default account for new contacts:</string>
 
     <!-- Title of the editor activity when creating a new contact. The char
          limit is short and cannot be increased, since this needs to be displayed in a single line
          at a pre-determined text size. [CHAR LIMIT=20] -->

commit 1f8ff875fc58769db84363461b6a5940bd8c3889
Author: Joey <joey@lineageos.org>
Date:   Thu 2018-01-25 12:23:13+0100

    Contacts: define app category
    
    Change-Id: I54fd9b2bc0d1beb4885d5dd5cb59c93a34f4bb7d
    Signed-off-by: Joey <joey@lineageos.org>
---
 AndroidManifest.xml | 1 +
 1 file changed, 1 insertion(+)

diff --git a/AndroidManifest.xml b/AndroidManifest.xml
index 32d6644a7190c09c551eb093279cf6df1e971bd5..f72a4461009960518c26f758d202eec47667a027 100644
--- a/AndroidManifest.xml
+++ b/AndroidManifest.xml
@@ -57,20 +57,21 @@
 
     <uses-feature
         android:name="android.hardware.telephony"
         android:required="false"/>
 
     <application
         android:name="com.android.contacts.ContactsApplication"
         android:hardwareAccelerated="true"
         android:icon="@mipmap/ic_contacts_launcher"
         android:label="@string/applicationLabel"
+        android:appCategory="social"
         android:supportsRtl="true"
         android:taskAffinity="android.task.contacts"
         android:usesCleartextTraffic="false">
         <!-- The main Contacts activity with the contact list, favorites, and groups. -->
         <activity
             android:name=".activities.PeopleActivity"
             android:alwaysRetainTaskState="true"
             android:launchMode="singleTop"
             android:resizeableActivity="true"
             android:theme="@style/LaunchScreenTheme"

commit c85725483bc013139529e4b758318d45448584ab
Author: flawedworld <flawedworld@flawed.world>
Date:   Fri 2022-02-04 22:12:10+0000

    Raise minSdkVersion to 30
---
 AndroidManifest.xml | 2 +-
 1 file changed, 1 insertion(+), 1 deletion(-)

diff --git a/AndroidManifest.xml b/AndroidManifest.xml
index f72a4461009960518c26f758d202eec47667a027..dfccc43ce830f488063f25bb0c523177a2afcfe6 100644
--- a/AndroidManifest.xml
+++ b/AndroidManifest.xml
@@ -13,21 +13,21 @@
      See the License for the specific language governing permissions and
      limitations under the License.
 -->
 
 <manifest xmlns:android="http://schemas.android.com/apk/res/android"
           package="com.android.contacts"
           android:versionCode="10733"
           android:versionName="1.7.33">
 
     <uses-sdk
-        android:minSdkVersion="21"
+        android:minSdkVersion="30"
         android:targetSdkVersion="30"/>
 
     <original-package android:name="com.android.contacts"/>
 
     <!-- Contacts permission listed first because order determines
          order that permissions are requested with some OEMs -->
     <uses-permission android:name="android.permission.READ_CONTACTS"/>
     <uses-permission android:name="android.permission.WRITE_CONTACTS"/>
     <uses-permission android:name="android.permission.GET_ACCOUNTS"/>
     <uses-permission android:name="android.permission.GET_ACCOUNTS_PRIVILEGED"/>

commit e416e9daa116bda53bd17b5d6072db593d706759 (HEAD, tag: SQ1A.220205.002.2022020800, m/master, grapheneos/12)
Author: flawedworld <flawedworld@flawed.world>
Date:   Sat 2022-02-05 16:37:24+0000

    Add GrapheneOS icon
---
 AndroidManifest.xml                           |  3 ++-
 res/drawable/ic_launcher_foreground.xml (new) | 27 +++++++++++++++++++++++++++
 res/mipmap-anydpi/ic_launcher.xml (new)       |  5 +++++
 res/mipmap-anydpi/ic_launcher_round.xml (new) |  5 +++++
 res/values/ic_launcher_background.xml (new)   |  4 ++++
 5 files changed, 43 insertions(+), 1 deletion(-)

diff --git a/AndroidManifest.xml b/AndroidManifest.xml
index dfccc43ce830f488063f25bb0c523177a2afcfe6..9f1cf50033a4f54576ff7d2ebe5523766e6432b7 100644
--- a/AndroidManifest.xml
+++ b/AndroidManifest.xml
@@ -55,21 +55,22 @@
     <uses-permission android:name="android.permission.FOREGROUND_SERVICE"/>
     <uses-permission android:name="android.permission.HIDE_NON_SYSTEM_OVERLAY_WINDOWS" />
 
     <uses-feature
         android:name="android.hardware.telephony"
         android:required="false"/>
 
     <application
         android:name="com.android.contacts.ContactsApplication"
         android:hardwareAccelerated="true"
-        android:icon="@mipmap/ic_contacts_launcher"
+        android:icon="@mipmap/ic_launcher"
+        android:roundIcon="@mipmap/ic_launcher_round"
         android:label="@string/applicationLabel"
         android:appCategory="social"
         android:supportsRtl="true"
         android:taskAffinity="android.task.contacts"
         android:usesCleartextTraffic="false">
         <!-- The main Contacts activity with the contact list, favorites, and groups. -->
         <activity
             android:name=".activities.PeopleActivity"
             android:alwaysRetainTaskState="true"
             android:launchMode="singleTop"
diff --git a/res/drawable/ic_launcher_foreground.xml b/res/drawable/ic_launcher_foreground.xml
new file mode 100644
index 0000000000000000000000000000000000000000..2d27b83fc7792128838301c62b14ddd3fc4b4993
--- /dev/null
+++ b/res/drawable/ic_launcher_foreground.xml
@@ -0,0 +1,27 @@
+<!--
+  Copyright (C) 2021 Google Inc.
+  Licensed under the Apache License, Version 2.0 (the "License");
+  you may not use this file except in compliance with the License.
+  You may obtain a copy of the License at
+    http://www.apache.org/licenses/LICENSE-2.0
+  Unless required by applicable law or agreed to in writing, software
+  distributed under the License is distributed on an "AS IS" BASIS,
+  WITHOUT WARRANTIES OR CONDITIONS OF ANY KIND, either express or implied.
+  See the License for the specific language governing permissions and
+  limitations under the License.
+  -->
+  <vector xmlns:android="http://schemas.android.com/apk/res/android"
+  android:width="108dp"
+  android:height="108dp"
+  android:viewportWidth="108"
+  android:viewportHeight="108"
+  android:tint="?attr/colorControlNormal">
+<group android:scaleX="2.25"
+    android:scaleY="2.25"
+    android:translateX="27"
+    android:translateY="27">
+  <path
+      android:fillColor="@android:color/black"
+      android:pathData="M20,0H4v2h16V0zM4,24h16v-2H4v2zM22,4H2v16h20V4zM12,6.75c1.24,0 2.25,1.01 2.25,2.25s-1.01,2.25 -2.25,2.25S9.75,10.24 9.75,9 10.76,6.75 12,6.75zM17,17H7v-1.5c0,-1.67 3.33,-2.5 5,-2.5s5,0.83 5,2.5V17z"/>
+</group>
+</vector>
diff --git a/res/mipmap-anydpi/ic_launcher.xml b/res/mipmap-anydpi/ic_launcher.xml
new file mode 100644
index 0000000000000000000000000000000000000000..a8a8fa5518fcdb2db0385028800968b2667af71e
--- /dev/null
+++ b/res/mipmap-anydpi/ic_launcher.xml
@@ -0,0 +1,5 @@
+<?xml version="1.0" encoding="utf-8"?>
+<adaptive-icon xmlns:android="http://schemas.android.com/apk/res/android">
+    <background android:drawable="@color/ic_launcher_background" />
+    <foreground android:drawable="@drawable/ic_launcher_foreground" />
+</adaptive-icon>
diff --git a/res/mipmap-anydpi/ic_launcher_round.xml b/res/mipmap-anydpi/ic_launcher_round.xml
new file mode 100644
index 0000000000000000000000000000000000000000..a8a8fa5518fcdb2db0385028800968b2667af71e
--- /dev/null
+++ b/res/mipmap-anydpi/ic_launcher_round.xml
@@ -0,0 +1,5 @@
+<?xml version="1.0" encoding="utf-8"?>
+<adaptive-icon xmlns:android="http://schemas.android.com/apk/res/android">
+    <background android:drawable="@color/ic_launcher_background" />
+    <foreground android:drawable="@drawable/ic_launcher_foreground" />
+</adaptive-icon>
diff --git a/res/values/ic_launcher_background.xml b/res/values/ic_launcher_background.xml
new file mode 100644
index 0000000000000000000000000000000000000000..f42ada656ee26e30d170aaa67989f0f15c1a300b
--- /dev/null
+++ b/res/values/ic_launcher_background.xml
@@ -0,0 +1,4 @@
+<?xml version="1.0" encoding="utf-8"?>
+<resources>
+    <color name="ic_launcher_background">#FFFFFF</color>
+</resources>
