commit 951189445528e6455155e5a1fe805f010a07378b
Author: Daniel Micay <danielmicay@gmail.com>
Date:   Sat 2016-12-10 23:32:38-0500

    disable launcher icon
---
 AndroidManifest.xml | 5 -----
 1 file changed, 5 deletions(-)

diff --git a/AndroidManifest.xml b/AndroidManifest.xml
index 8b83023671c9ad9d9d43f6888b8c77702037e80e..a697c88be760f00b11f867d3a2903f4fb866834a 100644
--- a/AndroidManifest.xml
+++ b/AndroidManifest.xml
@@ -39,25 +39,20 @@
                  android:name=".QsbApplicationWrapper"
                  android:theme="@style/Theme.QuickSearchBox"
                  android:hardwareAccelerated="true">
         <uses-library android:name="org.apache.http.legacy" android:required="false" />
 
         <activity android:name=".SearchActivity"
                   android:label="@string/app_name"
                   android:launchMode="singleTask"
                   android:exported="true"
                   android:theme="@style/Theme.QuickSearchBox.Search">
-            <!-- Show app icon in Launcher. -->
-            <intent-filter>
-                <action android:name="android.intent.action.MAIN" />
-                <category android:name="android.intent.category.LAUNCHER" />
-            </intent-filter>
             <!-- Handle global search. -->
             <intent-filter>
                 <action android:name="android.search.action.GLOBAL_SEARCH" />
                 <category android:name="android.intent.category.DEFAULT" />
             </intent-filter>
             <intent-filter>
                 <action android:name="android.search.action.GLOBAL_SEARCH" />
                 <category android:name="android.intent.category.DEFAULT" />
             </intent-filter>
             <meta-data android:name="com.android.launcher.toolbar_icon" android:resource="@drawable/ic_google_logo_normal" />

commit 6c2850403027d5ebcd8ea820877156226bde7968 (HEAD, tag: SQ1A.220205.002.2022020800, tag: SQ1A.220105.002.2022010500, m/master, grapheneos/12)
Author: Daniel Micay <danielmicay@gmail.com>
Date:   Thu 2016-12-22 08:20:57-0500

    disable widget
---
 AndroidManifest.xml | 9 ---------
 1 file changed, 9 deletions(-)

diff --git a/AndroidManifest.xml b/AndroidManifest.xml
index a697c88be760f00b11f867d3a2903f4fb866834a..3589b78db39a8fa3af1f970e8771c312afab0105 100644
--- a/AndroidManifest.xml
+++ b/AndroidManifest.xml
@@ -51,29 +51,20 @@
                 <action android:name="android.search.action.GLOBAL_SEARCH" />
                 <category android:name="android.intent.category.DEFAULT" />
             </intent-filter>
             <intent-filter>
                 <action android:name="android.search.action.GLOBAL_SEARCH" />
                 <category android:name="android.intent.category.DEFAULT" />
             </intent-filter>
             <meta-data android:name="com.android.launcher.toolbar_icon" android:resource="@drawable/ic_google_logo_normal" />
         </activity>
 
-        <receiver android:name=".SearchWidgetProvider"
-                  android:exported="true"
-                  android:label="@string/app_name">
-            <intent-filter>
-                <action android:name="android.appwidget.action.APPWIDGET_UPDATE" />
-            </intent-filter>
-            <meta-data android:name="android.appwidget.provider" android:resource="@xml/search_widget_info" />
-        </receiver>
-
         <activity android:name=".google.GoogleSearch"
                 android:label="@string/google_search_label"
                 android:icon="@mipmap/google_icon"
                 android:theme="@android:style/Theme.NoDisplay"
                 android:exported="true"
                 android:excludeFromRecents="true">
             <intent-filter>
                 <action android:name="android.intent.action.WEB_SEARCH" />
                 <category android:name="android.intent.category.DEFAULT" />
             </intent-filter>
