commit 753f2bc0ec46c8750d7e44250ac9caf74b0d82b2
Author: Daniel Micay <danielmicay@gmail.com>
Date:   Thu 2018-12-13 09:26:25-0500

    increase max_map_count for hardened malloc
    
    Signed-off-by: anupritaisno1 <www.anuprita804@gmail.com>
---
 rootdir/init.rc | 2 ++
 1 file changed, 2 insertions(+)

diff --git a/rootdir/init.rc b/rootdir/init.rc
index 376a678a8361073fbabff8915125c2d86ca903f2..10e824cde7fbebe5a70d3167a51c88ca69702cc3 100644
--- a/rootdir/init.rc
+++ b/rootdir/init.rc
@@ -999,20 +999,22 @@ on boot
     chmod 0664 /sys/block/zram0/writeback
 
     # to access F2FS sysfs on dm-<num> directly
     mkdir /dev/sys/fs/by-name 0755 system system
     symlink /sys/fs/f2fs/${dev.mnt.blk.data} /dev/sys/fs/by-name/userdata
 
     # to access dm-<num> sysfs
     mkdir /dev/sys/block/by-name 0755 system system
     symlink /sys/devices/virtual/block/${dev.mnt.blk.data} /dev/sys/block/by-name/userdata
 
+    write /proc/sys/vm/max_map_count 1048576
+
     # F2FS tuning. Set cp_interval larger than dirty_expire_centisecs, 30 secs,
     # to avoid power consumption when system becomes mostly idle. Be careful
     # to make it too large, since it may bring userdata loss, if they
     # are not aware of using fsync()/sync() to prepare sudden power-cut.
     write /dev/sys/fs/by-name/userdata/cp_interval 200
     write /dev/sys/fs/by-name/userdata/gc_urgent_sleep_time 50
     write /dev/sys/fs/by-name/userdata/iostat_enable 1
 
     # limit discard size to 128MB in order to avoid long IO latency
     # for filesystem tuning first (dm or sda)

commit 759399bf49b24081917e9bc80ac07c3ea00a958e
Author: Daniel Micay <danielmicay@gmail.com>
Date:   Fri 2015-02-06 11:46:34-0500

    tighten up mount permissions
    
    Signed-off-by: anupritaisno1 <www.anuprita804@gmail.com>
---
 init/first_stage_init.cpp | 6 +++---
 1 file changed, 3 insertions(+), 3 deletions(-)

diff --git a/init/first_stage_init.cpp b/init/first_stage_init.cpp
index 78e5b60a191b94351631328f5ee24388b5571ccd..3044ffbd71147d3036fd24493f668f634ed5850c 100644
--- a/init/first_stage_init.cpp
+++ b/init/first_stage_init.cpp
@@ -195,35 +195,35 @@ int FirstStageMain(int argc, char** argv) {
     umask(0);
 
     CHECKCALL(clearenv());
     CHECKCALL(setenv("PATH", _PATH_DEFPATH, 1));
     // Get the basic filesystem setup we need put together in the initramdisk
     // on / and then we'll let the rc file figure out the rest.
     CHECKCALL(mount("tmpfs", "/dev", "tmpfs", MS_NOSUID, "mode=0755"));
     CHECKCALL(mkdir("/dev/pts", 0755));
     CHECKCALL(mkdir("/dev/socket", 0755));
     CHECKCALL(mkdir("/dev/dm-user", 0755));
-    CHECKCALL(mount("devpts", "/dev/pts", "devpts", 0, NULL));
+    CHECKCALL(mount("devpts", "/dev/pts", "devpts", MS_NOSUID|MS_NOEXEC, NULL));
 #define MAKE_STR(x) __STRING(x)
-    CHECKCALL(mount("proc", "/proc", "proc", 0, "hidepid=2,gid=" MAKE_STR(AID_READPROC)));
+    CHECKCALL(mount("proc", "/proc", "proc", MS_NOSUID|MS_NODEV|MS_NOEXEC, "hidepid=2,gid=" MAKE_STR(AID_READPROC)));
 #undef MAKE_STR
     // Don't expose the raw commandline to unprivileged processes.
     CHECKCALL(chmod("/proc/cmdline", 0440));
     std::string cmdline;
     android::base::ReadFileToString("/proc/cmdline", &cmdline);
     // Don't expose the raw bootconfig to unprivileged processes.
     chmod("/proc/bootconfig", 0440);
     std::string bootconfig;
     android::base::ReadFileToString("/proc/bootconfig", &bootconfig);
     gid_t groups[] = {AID_READPROC};
     CHECKCALL(setgroups(arraysize(groups), groups));
-    CHECKCALL(mount("sysfs", "/sys", "sysfs", 0, NULL));
+    CHECKCALL(mount("sysfs", "/sys", "sysfs", MS_NOSUID|MS_NODEV|MS_NOEXEC, NULL));
     CHECKCALL(mount("selinuxfs", "/sys/fs/selinux", "selinuxfs", 0, NULL));
 
     CHECKCALL(mknod("/dev/kmsg", S_IFCHR | 0600, makedev(1, 11)));
 
     if constexpr (WORLD_WRITABLE_KMSG) {
         CHECKCALL(mknod("/dev/kmsg_debug", S_IFCHR | 0622, makedev(1, 11)));
     }
 
     CHECKCALL(mknod("/dev/random", S_IFCHR | 0666, makedev(1, 8)));
     CHECKCALL(mknod("/dev/urandom", S_IFCHR | 0666, makedev(1, 9)));

commit 13485e55b1fc6f6252248b69e3ee8b6da4ea796c
Author: Daniel Micay <danielmicay@gmail.com>
Date:   Wed 2016-06-15 17:51:42-0400

    add properties for controlling deny_new_usb
    
    Signed-off-by: anupritaisno1 <www.anuprita804@gmail.com>
---
 rootdir/init.rc | 12 ++++++++++++
 1 file changed, 12 insertions(+)

diff --git a/rootdir/init.rc b/rootdir/init.rc
index 10e824cde7fbebe5a70d3167a51c88ca69702cc3..77dea972612e631e143ec74d8475fad60010a9cf 100644
--- a/rootdir/init.rc
+++ b/rootdir/init.rc
@@ -1140,20 +1140,32 @@ on property:sys.sysctl.extra_free_kbytes=*
 
 # Allow users to drop caches
 on property:perf.drop_caches=3
     write /proc/sys/vm/drop_caches 3
     setprop perf.drop_caches 0
 
 # "tcp_default_init_rwnd" Is too long!
 on property:net.tcp_def_init_rwnd=*
     write /proc/sys/net/ipv4/tcp_default_init_rwnd ${net.tcp_def_init_rwnd}
 
+on property:persist.security.deny_new_usb=disabled
+    write /proc/sys/kernel/deny_new_usb 0
+
+on property:persist.security.deny_new_usb=enabled
+    write /proc/sys/kernel/deny_new_usb 1
+
+on property:persist.security.deny_new_usb=dynamic
+    write /proc/sys/kernel/deny_new_usb 1
+
+on property:security.deny_new_usb=*
+    write /proc/sys/kernel/deny_new_usb ${security.deny_new_usb}
+
 # perf_event_open syscall security:
 # Newer kernels have the ability to control the use of the syscall via SELinux
 # hooks. init tests for this, and sets sys_init.perf_lsm_hooks to 1 if the
 # kernel has the hooks. In this case, the system-wide perf_event_paranoid
 # sysctl is set to -1 (unrestricted use), and the SELinux policy is used for
 # controlling access. On older kernels, the paranoid value is the only means of
 # controlling access. It is normally 3 (allow only root), but the shell user
 # can lower it to 1 (allowing thread-scoped pofiling) via security.perf_harden.
 on property:sys.init.perf_lsm_hooks=1
     write /proc/sys/kernel/perf_event_paranoid -1

commit 126c540eceb323a65960e8b908732f4aeb886750
Author: Daniel Micay <danielmicay@gmail.com>
Date:   Tue 2019-07-16 14:49:29-0400

    enable kernel mitigations for link races
    
    Signed-off-by: anupritaisno1 <www.anuprita804@gmail.com>
---
 rootdir/init.rc | 3 +++
 1 file changed, 3 insertions(+)

diff --git a/rootdir/init.rc b/rootdir/init.rc
index 77dea972612e631e143ec74d8475fad60010a9cf..a20c524bd675aef71b880cc75e7340f89e452ad2 100644
--- a/rootdir/init.rc
+++ b/rootdir/init.rc
@@ -276,20 +276,23 @@ on init
     mkdir /mnt/runtime/full/self 0755 root root
 
     # Symlink to keep legacy apps working in multi-user world
     symlink /storage/self/primary /mnt/sdcard
     symlink /mnt/user/0/primary /mnt/runtime/default/self/primary
 
     write /proc/sys/kernel/panic_on_oops 1
     write /proc/sys/kernel/hung_task_timeout_secs 0
     write /proc/cpu/alignment 4
 
+    write /proc/sys/fs/protected_hardlinks 1
+    write /proc/sys/fs/protected_symlinks 1
+
     # scheduler tunables
     # Disable auto-scaling of scheduler tunables with hotplug. The tunables
     # will vary across devices in unpredictable ways if allowed to scale with
     # cpu cores.
     write /proc/sys/kernel/sched_tunable_scaling 0
     write /proc/sys/kernel/sched_latency_ns 10000000
     write /proc/sys/kernel/sched_wakeup_granularity_ns 2000000
     write /proc/sys/kernel/sched_child_runs_first 0
 
     write /proc/sys/kernel/randomize_va_space 2

commit 4b787c8db4f690b3f8af146e7cb3970e4e323d07
Author: Daniel Micay <danielmicay@gmail.com>
Date:   Tue 2019-07-16 14:54:28-0400

    enable kernel mitigations for file spoofing
    
    Signed-off-by: anupritaisno1 <www.anuprita804@gmail.com>
---
 rootdir/init.rc | 3 +++
 1 file changed, 3 insertions(+)

diff --git a/rootdir/init.rc b/rootdir/init.rc
index a20c524bd675aef71b880cc75e7340f89e452ad2..eebb26adcd50e87f129f8652de57970e014f3889 100644
--- a/rootdir/init.rc
+++ b/rootdir/init.rc
@@ -279,20 +279,23 @@ on init
     symlink /storage/self/primary /mnt/sdcard
     symlink /mnt/user/0/primary /mnt/runtime/default/self/primary
 
     write /proc/sys/kernel/panic_on_oops 1
     write /proc/sys/kernel/hung_task_timeout_secs 0
     write /proc/cpu/alignment 4
 
     write /proc/sys/fs/protected_hardlinks 1
     write /proc/sys/fs/protected_symlinks 1
 
+    write /proc/sys/fs/protected_fifos 2
+    write /proc/sys/fs/protected_regular 2
+
     # scheduler tunables
     # Disable auto-scaling of scheduler tunables with hotplug. The tunables
     # will vary across devices in unpredictable ways if allowed to scale with
     # cpu cores.
     write /proc/sys/kernel/sched_tunable_scaling 0
     write /proc/sys/kernel/sched_latency_ns 10000000
     write /proc/sys/kernel/sched_wakeup_granularity_ns 2000000
     write /proc/sys/kernel/sched_child_runs_first 0
 
     write /proc/sys/kernel/randomize_va_space 2

commit db920f09ac076ed309c4494c1dc28c50fdad9e5a (HEAD, tag: SP1A.211105.002.2021110617, m/master, grapheneos/12)
Author: flawedworld <38294951+flawedworld@users.noreply.github.com>
Date:   Mon 2021-04-05 03:02:51+0100

    add a property for controlling ptrace_scope
    
    Signed-off-by: anupritaisno1 <www.anuprita804@gmail.com>
---
 rootdir/init.rc | 6 ++++++
 1 file changed, 6 insertions(+)

diff --git a/rootdir/init.rc b/rootdir/init.rc
index eebb26adcd50e87f129f8652de57970e014f3889..335ef9a1e0cbb5337575c73a0fbd4218fed2f13a 100644
--- a/rootdir/init.rc
+++ b/rootdir/init.rc
@@ -1158,20 +1158,26 @@ on property:persist.security.deny_new_usb=disabled
 
 on property:persist.security.deny_new_usb=enabled
     write /proc/sys/kernel/deny_new_usb 1
 
 on property:persist.security.deny_new_usb=dynamic
     write /proc/sys/kernel/deny_new_usb 1
 
 on property:security.deny_new_usb=*
     write /proc/sys/kernel/deny_new_usb ${security.deny_new_usb}
 
+on property:persist.native_debug=true
+    write /proc/sys/kernel/yama/ptrace_scope 0
+
+on property:persist.native_debug=false
+    write /proc/sys/kernel/yama/ptrace_scope 2
+
 # perf_event_open syscall security:
 # Newer kernels have the ability to control the use of the syscall via SELinux
 # hooks. init tests for this, and sets sys_init.perf_lsm_hooks to 1 if the
 # kernel has the hooks. In this case, the system-wide perf_event_paranoid
 # sysctl is set to -1 (unrestricted use), and the SELinux policy is used for
 # controlling access. On older kernels, the paranoid value is the only means of
 # controlling access. It is normally 3 (allow only root), but the shell user
 # can lower it to 1 (allowing thread-scoped pofiling) via security.perf_harden.
 on property:sys.init.perf_lsm_hooks=1
     write /proc/sys/kernel/perf_event_paranoid -1
