commit b8bfd373c5102770bdebf2019a6b19007b359f6f (HEAD, tag: RQ3A.210905.001.2021090819, m/master)
Author: Pratyush <codelab@pratyush.dev>
Date:   Thu 2021-08-12 00:15:25+0530

    use uid instead of app id for tracking INTERNET permission
    
    Change-Id: Ibec846480f3b440b5a323c86efa95c2fd1d81284
---
 bpf_progs/netd.c | 10 ++--------
 1 file changed, 2 insertions(+), 8 deletions(-)

diff --git a/bpf_progs/netd.c b/bpf_progs/netd.c
index f3470280035e9c043354914ef4bb2e6f01617df0..96651e67f4a0d929439969f7f7390bd8d9a9a43c 100644
--- a/bpf_progs/netd.c
+++ b/bpf_progs/netd.c
@@ -339,28 +339,22 @@ DEFINE_BPF_PROG("skfilter/blacklist/xtbpf", AID_ROOT, AID_NET_ADMIN, xt_bpf_blac
     if (blacklistMatch) return blacklistMatch->rule & PENALTY_BOX_MATCH ? BPF_MATCH : BPF_NOMATCH;
     return BPF_NOMATCH;
 }
 
 DEFINE_BPF_MAP(uid_permission_map, HASH, uint32_t, uint8_t, UID_OWNER_MAP_SIZE)
 
 DEFINE_BPF_PROG_KVER("cgroupsock/inet/create", AID_ROOT, AID_ROOT, inet_socket_create,
                      KVER(4, 14, 0))
 (struct bpf_sock* sk) {
     uint64_t gid_uid = bpf_get_current_uid_gid();
-    /*
-     * A given app is guaranteed to have the same app ID in all the profiles in
-     * which it is installed, and install permission is granted to app for all
-     * user at install time so we only check the appId part of a request uid at
-     * run time. See UserHandle#isSameApp for detail.
-     */
-    uint32_t appId = (gid_uid & 0xffffffff) % PER_USER_RANGE;
-    uint8_t* permissions = bpf_uid_permission_map_lookup_elem(&appId);
+    uint32_t uid = (gid_uid & 0xffffffff);
+    uint8_t* permissions = bpf_uid_permission_map_lookup_elem(&uid);
     if (!permissions) {
         // UID not in map. Default to just INTERNET permission.
         return 1;
     }
 
     // A return value of 1 means allow, everything else means deny.
     return (*permissions & BPF_PERMISSION_INTERNET) == BPF_PERMISSION_INTERNET;
 }
 
 LICENSE("Apache 2.0");
