commit d03588ce53199fa52b13a5358ba94d7cae787fe3 (HEAD, tag: RQ2A.210505.002.2021.05.04.01, tag: RQ2A.210405.005.2021.04.05.20, tag: RQ2A.210305.006.2021.03.02.10, m/master)
Author: Daniel Micay <danielmicay@gmail.com>
Date:   Sun 2021-01-03 11:57:26-0500

    always use dark vendor theme
---
 common/init.pixel.rc | 12 +-----------
 1 file changed, 1 insertion(+), 11 deletions(-)

diff --git a/common/init.pixel.rc b/common/init.pixel.rc
index 9c4d223f71e7b196e216b10908d98f3e65744b05..8d1fead4aba4f5fce96237f44a43849dbd97eac2 100644
--- a/common/init.pixel.rc
+++ b/common/init.pixel.rc
@@ -13,22 +13,12 @@ on property:sys.boot_completed=1
 # Write the dark theme magic to /misc partition.
 service vendor.theme_set /vendor/bin/misc_writer --set-dark-theme
     disabled
     oneshot
 
 # Clear the dark theme magic in /misc partition.
 service vendor.theme_clear /vendor/bin/misc_writer --clear-dark-theme
     disabled
     oneshot
 
-# Set dark boot flag on dark mode (UiModeManager.MODE_NIGHT_YES == 2).
-on property:persist.sys.theme=2
+on init
     start vendor.theme_set
-
-# Clear the dark boot flag on light mode (UiModeManager.MODE_NIGHT_NO == 1) or auto mode
-# (UiModeManager.MODE_NIGHT_AUTO == 0).
-on property:persist.sys.theme=1
-    start vendor.theme_clear
-
-on property:persist.sys.theme=0
-    start vendor.theme_clear
-
