commit fafbb8c3705fc0e959e10243c9a798e65057a625
Author: Daniel Micay <danielmicay@gmail.com>
Date:   Fri 2020-06-05 03:15:21-0400

    mk_combined_img: stop hard-wiring path to python
---
 tools/mk_combined_img.py | 2 +-
 1 file changed, 1 insertion(+), 1 deletion(-)

diff --git a/tools/mk_combined_img.py b/tools/mk_combined_img.py
index 1e35dc6787972d1f253cb68d8ac4a47cebf0692e..78dd28801cc24a83a266c5de72b1b4b2fe98669e 100755
--- a/tools/mk_combined_img.py
+++ b/tools/mk_combined_img.py
@@ -1,11 +1,11 @@
-#!/usr/bin/python
+#!/usr/bin/env python
 
 from __future__ import print_function
 
 import argparse
 import codecs
 import operator
 import os
 import sys
 from subprocess import Popen, PIPE
 from tempfile import mkstemp

commit ff660000e22638b07817e666b4b0f0afb5fbb880
Author: Daniel Micay <danielmicay@gmail.com>
Date:   Sat 2021-10-09 20:14:08-0400

    remove obsolete wallpaper_picker_package override
---
 overlay/packages/apps/Launcher3/res/values/config.xml (gone) | 4 ----
 1 file changed, 4 deletions(-)

diff --git a/overlay/packages/apps/Launcher3/res/values/config.xml b/overlay/packages/apps/Launcher3/res/values/config.xml
deleted file mode 100644
index 27e41023af5366b1860ca3d974d105c538815f88..0000000000000000000000000000000000000000
--- a/overlay/packages/apps/Launcher3/res/values/config.xml
+++ /dev/null
@@ -1,4 +0,0 @@
-<resources>
-    <!-- Package name of the default wallpaper picker. -->
-    <string name="wallpaper_picker_package" translatable="false">com.android.wallpaper.livepicker</string>
-</resources>

commit 0c4411f674a71c060f9509ef00526acc6da0c3db (HEAD, tag: SQ1A.220105.002.2022010500, m/master, grapheneos/12)
Author: Daniel Micay <danielmicay@gmail.com>
Date:   Sat 2021-10-16 21:36:34-0400

    constify JNINativeMethod table
---
 MultiDisplayProvider/jni/com_android_emulator_multidisplay.cpp | 2 +-
 1 file changed, 1 insertion(+), 1 deletion(-)

diff --git a/MultiDisplayProvider/jni/com_android_emulator_multidisplay.cpp b/MultiDisplayProvider/jni/com_android_emulator_multidisplay.cpp
index 10e928288c904caacdbb17c8bab4dcf9a9f7d503..559b97498d391dea4967ce9c6eb205b995964e69 100644
--- a/MultiDisplayProvider/jni/com_android_emulator_multidisplay.cpp
+++ b/MultiDisplayProvider/jni/com_android_emulator_multidisplay.cpp
@@ -159,21 +159,21 @@ static bool nativeReleaseListener(JNIEnv* env, jobject obj, jint id) {
 }
 
 static bool nativeResizeListener(JNIEnv* env, jobject obj, jint id, jint w, jint h) {
     if (gFrameListener[id]) {
         gFrameListener[id]->setDefaultBufferSize(w, h);
         return true;
     }
     return false;
 }
 
-static JNINativeMethod sMethods[] = {
+static const JNINativeMethod sMethods[] = {
     { "nativeOpen", "()I", (void*) nativeOpen },
     { "nativeCreateSurface", "(III)Landroid/view/Surface;", (void*) nativeCreateSurface },
     { "nativeReadPipe", "([I)Z", (void*) nativeReadPipe},
     { "nativeReleaseListener", "(I)Z", (void*) nativeReleaseListener},
     { "nativeResizeListener", "(III)Z", (void*) nativeResizeListener},
 };
 
 /*
  * JNI Initialization
  */
