commit 5f995938dc063f11fb894a2d8c897ec3db5d6fb4 (HEAD, tag: RQ3A.210905.001.2021090819, tag: RQ3A.210805.001.A1.2021.08.03.03, tag: RQ3A.210705.001.2021.07.07.19, tag: RQ3A.210605.005.2021.06.08.06, m/master)
Author: Daniel Micay <danielmicay@gmail.com>
Date:   Mon 2020-04-06 08:41:19-0400

    update for isolated_app split
    b246b6eb5aa78348798794edef258ab7816742fb removed the need for one of the policy updates
    
    Signed-off-by: anupritaisno1 <www.anuprita804@gmail.com>
---
 vendor/qcom/common/hal_drm_widevine.te | 2 +-
 1 file changed, 1 insertion(+), 1 deletion(-)

diff --git a/vendor/qcom/common/hal_drm_widevine.te b/vendor/qcom/common/hal_drm_widevine.te
index b4a3c180d64c218d555cc237597b346ebda91ec2..1baf1258c5b8c9a0847e4b65e82536587d7ad0a8 100644
--- a/vendor/qcom/common/hal_drm_widevine.te
+++ b/vendor/qcom/common/hal_drm_widevine.te
@@ -1,19 +1,19 @@
 type hal_drm_widevine, domain;
 type hal_drm_widevine_exec, exec_type, vendor_file_type, file_type;
 
 init_daemon_domain(hal_drm_widevine)
 
 hal_server_domain(hal_drm_widevine, hal_drm)
 
 vndbinder_use(hal_drm_widevine);
 
 allow hal_drm mediacodec:fd use;
-allow hal_drm { appdomain -isolated_app }:fd use;
+allow hal_drm { appdomain -isolated_app -isolated_base_app }:fd use;
 
 allow hal_drm_widevine hal_allocator_server:fd use;
 
 allow hal_drm_widevine mediadrm_vendor_data_file:dir create_dir_perms;
 allow hal_drm_widevine mediadrm_vendor_data_file:file create_file_perms;
 allow hal_drm_widevine hal_display_config_hwservice:hwservice_manager find;
 allow hal_drm_widevine qce_device:chr_file rw_file_perms;
 binder_call(hal_drm_widevine, hal_graphics_composer_default)
