commit df4210a8dd531674f3b7950663e138de7d29be73
Author: Daniel Micay <danielmicay@gmail.com>
Date:   Thu 2019-06-13 16:42:55-0400

    set proper values for PRODUCT_MODEL
---
 aosp_bonito.mk | 2 +-
 aosp_sargo.mk  | 2 +-
 2 files changed, 2 insertions(+), 2 deletions(-)

diff --git a/aosp_bonito.mk b/aosp_bonito.mk
index 050a6220de7b80a8192c6049493ef063af3f78ff..6379ae5649dfa84d684b1a97e6d62de66085dc01 100644
--- a/aosp_bonito.mk
+++ b/aosp_bonito.mk
@@ -57,11 +57,11 @@ PRODUCT_BROKEN_VERIFY_USES_LIBRARIES := true
 # Keep the VNDK APEX in /system partition for REL branches as these branches are
 # expected to have stable API/ABI surfaces.
 ifneq (REL,$(PLATFORM_VERSION_CODENAME))
   PRODUCT_PACKAGES += com.android.vndk.current.on_vendor
 endif
 
 PRODUCT_MANUFACTURER := Google
 PRODUCT_BRAND := Android
 PRODUCT_NAME := aosp_bonito
 PRODUCT_DEVICE := bonito
-PRODUCT_MODEL := AOSP on bonito
+PRODUCT_MODEL := Pixel 3a XL
diff --git a/aosp_sargo.mk b/aosp_sargo.mk
index 976af6608424794a24da7b3052e3b25be7494069..a37776f85d05173e92415dec60fc9de2fe566e64 100644
--- a/aosp_sargo.mk
+++ b/aosp_sargo.mk
@@ -57,11 +57,11 @@ PRODUCT_BROKEN_VERIFY_USES_LIBRARIES := true
 # Keep the VNDK APEX in /system partition for REL branches as these branches are
 # expected to have stable API/ABI surfaces.
 ifneq (REL,$(PLATFORM_VERSION_CODENAME))
   PRODUCT_PACKAGES += com.android.vndk.current.on_vendor
 endif
 
 PRODUCT_MANUFACTURER := Google
 PRODUCT_BRAND := Android
 PRODUCT_NAME := aosp_sargo
 PRODUCT_DEVICE := sargo
-PRODUCT_MODEL := AOSP on sargo
+PRODUCT_MODEL := Pixel 3a

commit f0c195768cc7f089a0c9262f72c48662b299e59c
Author: Daniel Micay <danielmicay@gmail.com>
Date:   Thu 2021-07-15 21:06:38-0400

    set PRODUCT_BRAND to hardware brand
---
 aosp_bonito.mk | 2 +-
 aosp_sargo.mk  | 2 +-
 2 files changed, 2 insertions(+), 2 deletions(-)

diff --git a/aosp_bonito.mk b/aosp_bonito.mk
index 6379ae5649dfa84d684b1a97e6d62de66085dc01..77d65252938006e43f441088a72330ad0bc34360 100644
--- a/aosp_bonito.mk
+++ b/aosp_bonito.mk
@@ -54,14 +54,14 @@ PRODUCT_COPY_FILES += \
 # b/189477034: Bypass build time check on uses_libs until vendor fixes all their apps
 PRODUCT_BROKEN_VERIFY_USES_LIBRARIES := true
 
 # Keep the VNDK APEX in /system partition for REL branches as these branches are
 # expected to have stable API/ABI surfaces.
 ifneq (REL,$(PLATFORM_VERSION_CODENAME))
   PRODUCT_PACKAGES += com.android.vndk.current.on_vendor
 endif
 
 PRODUCT_MANUFACTURER := Google
-PRODUCT_BRAND := Android
+PRODUCT_BRAND := google
 PRODUCT_NAME := aosp_bonito
 PRODUCT_DEVICE := bonito
 PRODUCT_MODEL := Pixel 3a XL
diff --git a/aosp_sargo.mk b/aosp_sargo.mk
index a37776f85d05173e92415dec60fc9de2fe566e64..208d1352d0cd5ac7a496e83b59ba9818270ef4f5 100644
--- a/aosp_sargo.mk
+++ b/aosp_sargo.mk
@@ -54,14 +54,14 @@ PRODUCT_COPY_FILES += \
 # b/189477034: Bypass build time check on uses_libs until vendor fixes all their apps
 PRODUCT_BROKEN_VERIFY_USES_LIBRARIES := true
 
 # Keep the VNDK APEX in /system partition for REL branches as these branches are
 # expected to have stable API/ABI surfaces.
 ifneq (REL,$(PLATFORM_VERSION_CODENAME))
   PRODUCT_PACKAGES += com.android.vndk.current.on_vendor
 endif
 
 PRODUCT_MANUFACTURER := Google
-PRODUCT_BRAND := Android
+PRODUCT_BRAND := google
 PRODUCT_NAME := aosp_sargo
 PRODUCT_DEVICE := sargo
 PRODUCT_MODEL := Pixel 3a

commit c2cfd39bbb941ae7fe198e4d88202367deea3461
Author: Daniel Micay <danielmicay@gmail.com>
Date:   Thu 2021-07-15 20:31:53-0400

    remove aosp_ prefix from product names
---
 AndroidProducts.mk | 8 ++++----
 bonito.mk (new)    | 5 +++++
 sargo.mk (new)     | 5 +++++
 3 files changed, 14 insertions(+), 4 deletions(-)

diff --git a/AndroidProducts.mk b/AndroidProducts.mk
index d48e20febee43793484f54c3803d0e9e97147365..a7d5fa68b17942f7e88197367c928d1d9610a258 100644
--- a/AndroidProducts.mk
+++ b/AndroidProducts.mk
@@ -8,18 +8,18 @@
 #      http://www.apache.org/licenses/LICENSE-2.0
 #
 # Unless required by applicable law or agreed to in writing, software
 # distributed under the License is distributed on an "AS IS" BASIS,
 # WITHOUT WARRANTIES OR CONDITIONS OF ANY KIND, either express or implied.
 # See the License for the specific language governing permissions and
 # limitations under the License.
 #
 
 PRODUCT_MAKEFILES := \
-    $(LOCAL_DIR)/aosp_bonito.mk \
-    $(LOCAL_DIR)/aosp_sargo.mk \
+    $(LOCAL_DIR)/bonito.mk \
+    $(LOCAL_DIR)/sargo.mk \
     $(LOCAL_DIR)/aosp_bonito_hwasan.mk \
     $(LOCAL_DIR)/aosp_sargo_hwasan.mk
 
 COMMON_LUNCH_CHOICES := \
-    aosp_bonito-userdebug \
-    aosp_sargo-userdebug
+    bonito-userdebug \
+    sargo-userdebug
diff --git a/bonito.mk b/bonito.mk
new file mode 100644
index 0000000000000000000000000000000000000000..a907c130e399d90a595ddc176975b365f1e84344
--- /dev/null
+++ b/bonito.mk
@@ -0,0 +1,5 @@
+# Inherit AOSP product configuration
+$(call inherit-product, device/google/bonito/aosp_bonito.mk)
+
+# Remove AOSP prefix from product name
+PRODUCT_NAME := bonito
diff --git a/sargo.mk b/sargo.mk
new file mode 100644
index 0000000000000000000000000000000000000000..32d8cdd9c9446ee75d3baa9607890dc38924da17
--- /dev/null
+++ b/sargo.mk
@@ -0,0 +1,5 @@
+# Inherit AOSP product configuration
+$(call inherit-product, device/google/bonito/aosp_sargo.mk)
+
+# Remove AOSP prefix from product name
+PRODUCT_NAME := sargo

commit 4ee143f1a6450435d1b8990a3f65c1f8ff137dbf
Author: Daniel Micay <danielmicay@gmail.com>
Date:   Thu 2019-06-20 12:48:08-0400

    disable system_other odex
---
 device.mk | 4 ----
 1 file changed, 4 deletions(-)

diff --git a/device.mk b/device.mk
index bcb9efbff0dcec131b69a819587f50c6917af6de..83345b5d99dc1d7953b385a59d53d1f73b57b094 100644
--- a/device.mk
+++ b/device.mk
@@ -131,35 +131,31 @@ PRODUCT_COPY_FILES += \
     $(LOCAL_PATH)/sargo/init.sargo.rc:$(TARGET_COPY_OUT_VENDOR)/etc/init/hw/init.sargo.rc \
     $(LOCAL_PATH)/init.recovery.hardware.device.rc:recovery/root/init.recovery.bonito.rc \
     $(LOCAL_PATH)/init.recovery.hardware.device.rc:recovery/root/init.recovery.sargo.rc \
 
 MSM_VIDC_TARGET_LIST := sdm710 # Get the color format from kernel headers
 MASTER_SIDE_CP_TARGET_LIST := sdm710 # ION specific settings
 
 # A/B support
 PRODUCT_PACKAGES += \
     otapreopt_script \
-    cppreopts.sh \
     update_engine \
     update_verifier
 
 # Use Sdcardfs
 PRODUCT_PRODUCT_PROPERTIES += \
     ro.sys.sdcardfs=1
 
 PRODUCT_PACKAGES += \
     bootctrl.sdm710 \
     bootctrl.sdm710.recovery
 
-PRODUCT_PROPERTY_OVERRIDES += \
-    ro.cp_system_other_odex=1
-
 # Userdata Checkpointing OTA GC
 PRODUCT_PACKAGES += \
     checkpoint_gc
 
 AB_OTA_POSTINSTALL_CONFIG += \
     RUN_POSTINSTALL_system=true \
     POSTINSTALL_PATH_system=system/bin/otapreopt_script \
     FILESYSTEM_TYPE_system=ext4 \
     POSTINSTALL_OPTIONAL_system=true
 

commit 8e9eb7d2f3f8bb5ae54ce90d8e285163c2f51df8
Author: Daniel Micay <danielmicay@gmail.com>
Date:   Thu 2019-06-20 12:50:53-0400

    move to monolithic kernel builds
---
 BoardConfig-common.mk | 40 ----------------------------------------
 init.insmod.cfg       | 43 -------------------------------------------
 2 files changed, 83 deletions(-)

diff --git a/BoardConfig-common.mk b/BoardConfig-common.mk
index 17a472c5195272725d2d299c7e1aaa08c97a906b..9cdb1e42e2a3c8e7a7f12c28e9ad97b945b37a39 100644
--- a/BoardConfig-common.mk
+++ b/BoardConfig-common.mk
@@ -227,56 +227,16 @@ ODM_MANIFEST_G020B_FILES := device/google/bonito/nfc/manifest_se_SIM1.xml
 ODM_MANIFEST_G020C_FILES := device/google/bonito/nfc/manifest_se_SIM1.xml
 ODM_MANIFEST_G020D_FILES := device/google/bonito/nfc/manifest_se_eSE1.xml
 ODM_MANIFEST_G020E_FILES := device/google/bonito/nfc/manifest_se_SIM1.xml
 ODM_MANIFEST_G020F_FILES := device/google/bonito/nfc/manifest_se_SIM1.xml
 ODM_MANIFEST_G020G_FILES := device/google/bonito/nfc/manifest_se_SIM1.xml
 ODM_MANIFEST_G020H_FILES := device/google/bonito/nfc/manifest_se_eSE1.xml
 
 # Use mke2fs to create ext4 images
 TARGET_USES_MKE2FS := true
 
-# Kernel modules
-ifeq (,$(filter-out sargo_kasan bonito_kasan, $(TARGET_PRODUCT)))
-BOARD_VENDOR_KERNEL_MODULES += \
-    $(wildcard device/google/bonito-kernel/kasan/*.ko)
-else ifeq (,$(filter-out sargo_kernel_debug_memory bonito_kernel_debug_memory, $(TARGET_PRODUCT)))
-BOARD_VENDOR_KERNEL_MODULES += \
-    $(wildcard device/google/bonito-kernel/debug_memory/*.ko)
-else ifeq (,$(filter-out sargo_kernel_debug_memory_accounting bonito_kernel_debug_memory_accounting, $(TARGET_PRODUCT)))
-BOARD_VENDOR_KERNEL_MODULES += \
-    $(wildcard device/google/bonito-kernel/debug_memory_acounting/*.ko)
-BOARD_KERNEL_CMDLINE += page_owner=on
-else ifeq (,$(filter-out sargo_kernel_debug_locking bonito_kernel_debug_locking, $(TARGET_PRODUCT)))
-BOARD_VENDOR_KERNEL_MODULES += \
-    $(wildcard device/google/bonito-kernel/debug_locking/*.ko)
-else ifeq (,$(filter-out sargo_kernel_debug_hang bonito_kernel_debug_hang, $(TARGET_PRODUCT)))
-BOARD_VENDOR_KERNEL_MODULES += \
-    $(wildcard device/google/bonito-kernel/debug_hang/*.ko)
-else ifeq (,$(filter-out sargo_kernel_debug_api bonito_kernel_debug_api, $(TARGET_PRODUCT)))
-BOARD_VENDOR_KERNEL_MODULES += \
-    $(wildcard device/google/bonito-kernel/debug_api/*.ko)
-else
-BOARD_VENDOR_KERNEL_MODULES += \
-    $(wildcard device/google/bonito-kernel/*.ko)
-endif
-
-# DTB
-ifeq (,$(filter-out sargo_kasan bonito_kasan, $(TARGET_PRODUCT)))
-BOARD_PREBUILT_DTBIMAGE_DIR := device/google/bonito-kernel/kasan
-else ifeq (,$(filter-out sargo_kernel_debug_memory bonito_kernel_debug_memory, $(TARGET_PRODUCT)))
-BOARD_PREBUILT_DTBIMAGE_DIR := device/google/bonito-kernel/debug_memory
-else ifeq (,$(filter-out sargo_kernel_debug_memory_accounting bonito_kernel_debug_memory_accounting, $(TARGET_PRODUCT)))
-BOARD_PREBUILT_DTBIMAGE_DIR := device/google/bonito-kernel/debug_memory_accounting
-else ifeq (,$(filter-out sargo_kernel_debug_locking bonito_kernel_debug_locking, $(TARGET_PRODUCT)))
-BOARD_PREBUILT_DTBIMAGE_DIR := device/google/bonito-kernel/debug_locking
-else ifeq (,$(filter-out sargo_kernel_debug_hang bonito_kernel_debug_hang, $(TARGET_PRODUCT)))
-BOARD_PREBUILT_DTBIMAGE_DIR := device/google/bonito-kernel/debug_hang
-else ifeq (,$(filter-out sargo_kernel_debug_api bonito_kernel_debug_api, $(TARGET_PRODUCT)))
-BOARD_PREBUILT_DTBIMAGE_DIR := device/google/bonito-kernel/debug_api
-else
 BOARD_PREBUILT_DTBIMAGE_DIR := device/google/bonito-kernel
-endif
 
 # Testing related defines
 BOARD_PERFSETUP_SCRIPT := platform_testing/scripts/perf-setup/b4s4-setup.sh
 
 -include vendor/google_devices/bonito/proprietary/BoardConfigVendor.mk
diff --git a/init.insmod.cfg b/init.insmod.cfg
index 885c3e28c3960e1ff2cf72dd645e5ad8e0cfe00e..c6992bc817f15bff1772c143a7f81c759dac6416 100644
--- a/init.insmod.cfg
+++ b/init.insmod.cfg
@@ -1,48 +1,5 @@
 #############################################
 #           init.insmod.cfg                 #
 # This file contains kernel modules to load #
 # at init time by init.insmod.sh script     #
 #############################################
-
-# Touch modules
-insmod /vendor/lib/modules/synaptics_dsx_core.ko
-insmod /vendor/lib/modules/synaptics_dsx_fw_update.ko
-insmod /vendor/lib/modules/synaptics_dsx_test_reporting.ko
-insmod /vendor/lib/modules/synaptics_dsx_rmi_dev.ko
-
-# WiFi Driver module
-insmod /vendor/lib/modules/wlan.ko
-
-# Audio modules
-insmod /vendor/lib/modules/q6_pdr_dlkm.ko
-insmod /vendor/lib/modules/wglink_dlkm.ko
-insmod /vendor/lib/modules/q6_notifier_dlkm.ko
-insmod /vendor/lib/modules/apr_dlkm.ko
-insmod /vendor/lib/modules/q6_dlkm.ko
-insmod /vendor/lib/modules/adsp_loader_dlkm.ko
-insmod /vendor/lib/modules/cs35l36_dlkm.ko
-insmod /vendor/lib/modules/rt5514_spi_dlkm.ko
-insmod /vendor/lib/modules/rt5514_dlkm.ko
-insmod /vendor/lib/modules/usf_dlkm.ko
-insmod /vendor/lib/modules/pinctrl_wcd_dlkm.ko
-insmod /vendor/lib/modules/pinctrl_lpi_dlkm.ko
-insmod /vendor/lib/modules/swr_dlkm.ko
-insmod /vendor/lib/modules/wcd_core_dlkm.ko
-insmod /vendor/lib/modules/wsa881x_dlkm.ko
-insmod /vendor/lib/modules/swr_ctrl_dlkm.ko
-insmod /vendor/lib/modules/platform_dlkm.ko
-insmod /vendor/lib/modules/hdmi_dlkm.ko
-insmod /vendor/lib/modules/stub_dlkm.ko
-insmod /vendor/lib/modules/mbhc_dlkm.ko
-insmod /vendor/lib/modules/wcd_spi_dlkm.ko
-insmod /vendor/lib/modules/wcd_cpe_dlkm.ko
-insmod /vendor/lib/modules/wcd9xxx_dlkm.ko
-insmod /vendor/lib/modules/wcd9335_dlkm.ko
-insmod /vendor/lib/modules/wcd934x_dlkm.ko
-insmod /vendor/lib/modules/cpe_lsm_dlkm.ko
-insmod /vendor/lib/modules/digital_cdc_dlkm.ko
-insmod /vendor/lib/modules/analog_cdc_dlkm.ko
-insmod /vendor/lib/modules/msm_sdw_dlkm.ko
-insmod /vendor/lib/modules/native_dlkm.ko
-insmod /vendor/lib/modules/machine_dlkm.ko
-

commit c78a84574286d9e8c2fc22f6d54c14b569d5d674
Author: Daniel Micay <danielmicay@gmail.com>
Date:   Thu 2019-06-13 15:19:03-0400

    SystemUIGoogle -> SystemUI
---
 device.mk                                              | 2 +-
 overlay/frameworks/base/core/res/res/values/config.xml | 2 +-
 2 files changed, 2 insertions(+), 2 deletions(-)

diff --git a/device.mk b/device.mk
index 83345b5d99dc1d7953b385a59d53d1f73b57b094..a1fc388bc567eb1f504de9e3c57be90cd8e29725 100644
--- a/device.mk
+++ b/device.mk
@@ -819,21 +819,21 @@ PRODUCT_PROPERTY_OVERRIDES += \
 
 # Enable tcpdump_logger on userdebug and eng
 ifneq (,$(filter userdebug eng, $(TARGET_BUILD_VARIANT)))
     PRODUCT_PROPERTY_OVERRIDES += \
         persist.vendor.tcpdump.log.alwayson=false \
         persist.vendor.tcpdump.log.br_num=5
 endif
 
 # Preopt SystemUI
 PRODUCT_DEXPREOPT_SPEED_APPS += \
-    SystemUIGoogle
+    SystemUI
 
 # Enable stats logging in LMKD
 TARGET_LMKD_STATS_LOG := true
 
 # default usb oem functions
 ifneq (,$(filter userdebug eng, $(TARGET_BUILD_VARIANT)))
   PRODUCT_PROPERTY_OVERRIDES += \
       persist.vendor.usb.usbradio.config=diag
 endif
 
diff --git a/overlay/frameworks/base/core/res/res/values/config.xml b/overlay/frameworks/base/core/res/res/values/config.xml
index 57993b0b31fcc336ed6768dc4cfefef9bad1a3b9..892a0929cf016e4642eae918fbacec77845b43d0 100644
--- a/overlay/frameworks/base/core/res/res/values/config.xml
+++ b/overlay/frameworks/base/core/res/res/values/config.xml
@@ -272,21 +272,21 @@
     <!-- Use ERI text for network name on CDMA LTE -->
         <bool name="config_LTE_eri_for_network_name">false</bool>
 
     <!-- Default list of files pinned by the Pinner Service -->
     <string-array translatable="false" name="config_defaultPinnerServiceFiles">
         <item>"/system/framework/framework.jar"</item>
         <item>"/system/framework/services.jar"</item>
         <item>"/apex/com.android.art/javalib/core-oj.jar"</item>
         <item>"/apex/com.android.art/javalib/core-libart.jar"</item>
         <item>"/apex/com.android.media/javalib/updatable-media.jar"</item>
-        <item>"/system_ext/priv-app/SystemUIGoogle/SystemUIGoogle.apk"</item>
+        <item>"/system_ext/priv-app/SystemUI/SystemUI.apk"</item>
         <item>"/system/bin/surfaceflinger"</item>
     </string-array>
 
     <!-- Should the pinner service pin the Camera application? -->
     <bool name="config_pinnerCameraApp">true</bool>
 
     <!-- Should the pinner service pin the Home application? -->
     <bool name="config_pinnerHomeApp">true</bool>
 
     <!-- Enable system navigation keys. -->

commit 2e1426beecb4bd0f386cb85c5bc6f7e682911079
Author: Daniel Micay <danielmicay@gmail.com>
Date:   Fri 2019-06-14 22:08:05-0400

    raise maximum users to 16
---
 overlay/frameworks/base/core/res/res/values/config.xml | 2 +-
 1 file changed, 1 insertion(+), 1 deletion(-)

diff --git a/overlay/frameworks/base/core/res/res/values/config.xml b/overlay/frameworks/base/core/res/res/values/config.xml
index 892a0929cf016e4642eae918fbacec77845b43d0..a0a876e6d98e1bee86b1aa13eb8d4db510e62688 100644
--- a/overlay/frameworks/base/core/res/res/values/config.xml
+++ b/overlay/frameworks/base/core/res/res/values/config.xml
@@ -95,21 +95,21 @@
     <!-- Default LED off time for notification LED in milliseconds. -->
     <integer name="config_defaultNotificationLedOff">9000</integer>
 
     <!-- reference volume index for music stream to limit headphone volume and display warning -->
     <integer name="config_safe_media_volume_index">7</integer>
 
     <!--  Whether Multiuser UI should be shown -->
     <bool name="config_enableMultiUserUI">true</bool>
 
     <!--  Maximum number of supported users -->
-    <integer name="config_multiuserMaximumUsers">4</integer>
+    <integer name="config_multiuserMaximumUsers">16</integer>
 
     <!-- List of regexpressions describing the interface (if any) that represent tetherable
          USB interfaces.  If the device doesn't want to support tething over USB this should
          be empty.  An example would be "usb.*" -->
     <string-array translatable="false" name="config_tether_usb_regexs">
         <item>"usb\\d"</item>
         <item>"rndis\\d"</item>
     </string-array>
 
     <!-- List of regexpressions describing the interface (if any) that represent tetherable

commit 1cc32fb68e85278d983dd20f8066d3e709f3a0d2
Author: Daniel Micay <danielmicay@gmail.com>
Date:   Wed 2019-09-18 10:48:18-0400

    disable GSI keys
---
 device.mk | 3 ---
 1 file changed, 3 deletions(-)

diff --git a/device.mk b/device.mk
index a1fc388bc567eb1f504de9e3c57be90cd8e29725..11b465208d03215810599d25f2ad97e814888257 100644
--- a/device.mk
+++ b/device.mk
@@ -64,23 +64,20 @@ PRODUCT_PACKAGES += \
 ifneq (,$(filter userdebug eng, $(TARGET_BUILD_VARIANT)))
 PRODUCT_PACKAGES += chre_test_client
 endif
 
 LOCAL_PATH := device/google/bonito
 
 TARGET_PRODUCT_PROP := $(LOCAL_PATH)/product.prop
 
 $(call inherit-product, $(LOCAL_PATH)/utils.mk)
 
-# Installs gsi keys into ramdisk, to boot a developer GSI with verified boot.
-$(call inherit-product, $(SRC_TARGET_DIR)/product/developer_gsi_keys.mk)
-
 ifeq ($(wildcard vendor/google_devices/bonito/proprietary/device-vendor-bonito.mk),)
     BUILD_WITHOUT_VENDOR := true
 endif
 
 ifeq ($(TARGET_PREBUILT_KERNEL),)
     LOCAL_KERNEL := device/google/bonito-kernel/Image.lz4
 else
     LOCAL_KERNEL := $(TARGET_PREBUILT_KERNEL)
 endif
 

commit dd22ce50457901dc5c4978ec8e247efc6fae831c
Author: Daniel Micay <danielmicay@gmail.com>
Date:   Tue 2020-09-15 02:29:31-0400

    disable updatable apex
---
 device-common.mk | 3 ---
 1 file changed, 3 deletions(-)

diff --git a/device-common.mk b/device-common.mk
index f16c2abda2d821c98a383ddcc653047cdf76b7e0..f4f4d023c85e382ae942ba13a6765396afd35727 100644
--- a/device-common.mk
+++ b/device-common.mk
@@ -14,23 +14,20 @@
 # limitations under the License.
 #
 
 TARGET_USERIMAGES_USE_F2FS := true
 
 LOCAL_PATH := device/google/bonito
 
 # define hardware platform
 PRODUCT_PLATFORM := sdm670
 
-# Enable updating of APEXes
-$(call inherit-product, $(SRC_TARGET_DIR)/product/updatable_apex.mk)
-
 include device/google/bonito/device-audio-mfg.mk
 include device/google/bonito/device.mk
 
 # Bug 77867216
 PRODUCT_PROPERTY_OVERRIDES += audio.adm.buffering.ms=3
 PRODUCT_PROPERTY_OVERRIDES += vendor.audio.adm.buffering.ms=3
 PRODUCT_PROPERTY_OVERRIDES += audio_hal.period_multiplier=2
 PRODUCT_PROPERTY_OVERRIDES += af.fast_track_multiplier=1
 
 # Set c2 codec in default

commit 4f8ce2da8597372a4ae052c351cfd80bdf969059
Author: Daniel Micay <danielmicay@gmail.com>
Date:   Sat 2020-11-14 03:11:59-0500

    use device-specific NFC configuration
---
 aosp_bonito.mk | 4 ++++
 aosp_sargo.mk  | 4 ++++
 2 files changed, 8 insertions(+)

diff --git a/aosp_bonito.mk b/aosp_bonito.mk
index 77d65252938006e43f441088a72330ad0bc34360..0ffce770eba024fbb46951e9cfb6634ec2be06fc 100644
--- a/aosp_bonito.mk
+++ b/aosp_bonito.mk
@@ -7,20 +7,24 @@
 #
 #      http://www.apache.org/licenses/LICENSE-2.0
 #
 # Unless required by applicable law or agreed to in writing, software
 # distributed under the License is distributed on an "AS IS" BASIS,
 # WITHOUT WARRANTIES OR CONDITIONS OF ANY KIND, either express or implied.
 # See the License for the specific language governing permissions and
 # limitations under the License.
 #
 
+# avoid using generic aosp_product.mk libnfc-nci.conf
+PRODUCT_COPY_FILES += \
+    $(LOCAL_PATH)/nfc/libnfc-nci.conf:$(TARGET_COPY_OUT_PRODUCT)/etc/libnfc-nci.conf
+
 #
 # All components inherited here go to system image
 #
 $(call inherit-product, $(SRC_TARGET_DIR)/product/core_64_bit.mk)
 $(call inherit-product, $(SRC_TARGET_DIR)/product/generic_system.mk)
 
 # Enable mainline checking
 # TODO(b/138706293): Enable mainline checking later
 # PRODUCT_ENFORCE_ARTIFACT_PATH_REQUIREMENTS := relaxed
 
diff --git a/aosp_sargo.mk b/aosp_sargo.mk
index 208d1352d0cd5ac7a496e83b59ba9818270ef4f5..a0402611e9506aab9b367f0c8036d18d17dfa82b 100644
--- a/aosp_sargo.mk
+++ b/aosp_sargo.mk
@@ -7,20 +7,24 @@
 #
 #      http://www.apache.org/licenses/LICENSE-2.0
 #
 # Unless required by applicable law or agreed to in writing, software
 # distributed under the License is distributed on an "AS IS" BASIS,
 # WITHOUT WARRANTIES OR CONDITIONS OF ANY KIND, either express or implied.
 # See the License for the specific language governing permissions and
 # limitations under the License.
 #
 
+# avoid using generic aosp_product.mk libnfc-nci.conf
+PRODUCT_COPY_FILES += \
+    $(LOCAL_PATH)/nfc/libnfc-nci.conf:$(TARGET_COPY_OUT_PRODUCT)/etc/libnfc-nci.conf
+
 #
 # All components inherited here go to system image
 #
 $(call inherit-product, $(SRC_TARGET_DIR)/product/core_64_bit.mk)
 $(call inherit-product, $(SRC_TARGET_DIR)/product/generic_system.mk)
 
 # Enable mainline checking
 # TODO(b/138706293): Enable mainline checking later
 # PRODUCT_ENFORCE_ARTIFACT_PATH_REQUIREMENTS := relaxed
 

commit 51710949cba5a7bb0b1b5ec0dae2269693e671e3
Author: Daniel Micay <danielmicay@gmail.com>
Date:   Sun 2021-01-03 11:41:36-0500

    always use dark vendor theme
---
 init.hardware.rc | 3 +--
 1 file changed, 1 insertion(+), 2 deletions(-)

diff --git a/init.hardware.rc b/init.hardware.rc
index 0d88b17d97b9fb498e72ba74c19c2eb83970aa72..a16227f3118e5a6865156580cf7551c9b3d7ed86 100644
--- a/init.hardware.rc
+++ b/init.hardware.rc
@@ -815,22 +815,21 @@ on property:sys.boot_completed=1
     start init-fingerprint-sh
 
 on property:vendor.fps.init.succeed=true && property:init.svc.vendor.fps_hal=stopped
     start init-fingerprint-sh
 
 # Write the dark theme magic to /misc partition.
 service vendor.theme_set /vendor/bin/misc_writer --set-dark-theme
     disabled
     oneshot
 
-# Set dark boot flag when the device is provisioned.
-on property:persist.sys.device_provisioned=1
+on init
     start vendor.theme_set
 
 on init && property:ro.boot.slot_successful=no
     write /sys/module/msm_poweroff/parameters/warm_reset 1
 
 # Set or clear the warm reset flag upon the change of system property. The flag itself is set
 # by writing a sysfs file; and the file will be read by kernel.
 on property:ota.warm_reset=1
     write /sys/module/msm_poweroff/parameters/warm_reset 1
 

commit 916f713af112b28e797666c7321abd3755996e9f
Author: razorloves <razorloves@gmail.com>
Date:   Tue 2020-05-12 23:50:50-0500

    b4s4: Set slotId# of non-removable esim
    
    This is needed for esim to function properly.
    Without it the EID value could not be read.
    
    Change-Id: I414a7c98362523c5880cfa90b6ce9c0ce92e9c32
    Signed-off-by: anupritaisno1 <www.anuprita804@gmail.com>
---
 .../base/core/res/res/values/arrays.xml (new)      | 37 ++++++++++++++++++++++
 1 file changed, 37 insertions(+)

diff --git a/overlay/frameworks/base/core/res/res/values/arrays.xml b/overlay/frameworks/base/core/res/res/values/arrays.xml
new file mode 100644
index 0000000000000000000000000000000000000000..29691515b16f20c5b6ba81489c14fc7ba2250a3d
--- /dev/null
+++ b/overlay/frameworks/base/core/res/res/values/arrays.xml
@@ -0,0 +1,37 @@
+<?xml version="1.0" encoding="utf-8"?>
+<!--
+/*
+** Copyright 2020, The LineageOS Project
+**
+** Licensed under the Apache License, Version 2.0 (the "License");
+** you may not use this file except in compliance with the License.
+** You may obtain a copy of the License at
+**
+**     http://www.apache.org/licenses/LICENSE-2.0
+**
+** Unless required by applicable law or agreed to in writing, software
+** distributed under the License is distributed on an "AS IS" BASIS,
+** WITHOUT WARRANTIES OR CONDITIONS OF ANY KIND, either express or implied.
+** See the License for the specific language governing permissions and
+** limitations under the License.
+*/
+-->
+<resources xmlns:xliff="urn:oasis:names:tc:xliff:document:1.2">
+    <!-- Device-specific array of SIM slot indexes which are are embedded eUICCs.
+         e.g. If a device has two physical slots with indexes 0, 1, and slot 1 is an
+         eUICC, then the value of this array should be:
+             <integer-array name="non_removable_euicc_slots">
+                 <item>1</item>
+             </integer-array>
+         If a device has three physical slots and slot 1 and 2 are eUICCs, then the value of
+         this array should be:
+             <integer-array name="non_removable_euicc_slots">
+                <item>1</item>
+                <item>2</item>
+             </integer-array>
+         This is used to differentiate between removable eUICCs and built in eUICCs, and should
+         be set by OEMs for devices which use eUICCs. -->
+    <integer-array name="non_removable_euicc_slots">
+        <item>1</item>
+    </integer-array>
+</resources>

commit 85a1979c6feb23020f78be30c7afa7953aec1d36
Author: Philip Rinn <rinni@inventati.org>
Date:   Sun 2021-06-20 14:26:56+0200

    Add the set of PIXEL_*_EXPERIENCE features for bonito and sargo
---
 device-bonito.mk            | 4 ++++
 device-sargo.mk             | 4 ++++
 google_experience.xml (new) | 9 +++++++++
 3 files changed, 17 insertions(+)

diff --git a/device-bonito.mk b/device-bonito.mk
index 9cf2e1eae4a3556bf7d80a02bd750f555f3dade7..3506f374d2566c06364ebf55e4aaeff0e66a73a0 100644
--- a/device-bonito.mk
+++ b/device-bonito.mk
@@ -53,10 +53,14 @@ PRODUCT_PRODUCT_PROPERTIES +=\
 PRODUCT_COPY_FILES += \
     device/google/bonito/vibrator/drv2624/drv2624_B4.bin:$(TARGET_COPY_OUT_VENDOR)/firmware/drv2624.bin
 
 # camera front flashColor
 PRODUCT_PROPERTY_OVERRIDES += \
     persist.camera.front.flashColor=0xffebcc
 
 # Add white point compensated coefficient
 PRODUCT_PROPERTY_OVERRIDES += \
     vendor.display.adaptive_white_coefficient=0.0051,-0.3462,18.964,0.0047,-0.1155,-10.312,0.005,-0.2931,12.301
+
+# Set of *_EXPERIENCE features for bonito
+PRODUCT_COPY_FILES += \
+    $(LOCAL_PATH)/google_experience.xml:$(TARGET_COPY_OUT_PRODUCT)/etc/sysconfig/google_experience.xml
diff --git a/device-sargo.mk b/device-sargo.mk
index c8c0171f1027cbffaddb1b76fee57a05b3975dd5..d9aaa80285b800ef1b7b2c5e766efb78441166a8 100644
--- a/device-sargo.mk
+++ b/device-sargo.mk
@@ -59,10 +59,14 @@ PRODUCT_PRODUCT_PROPERTIES +=\
 PRODUCT_COPY_FILES += \
     device/google/bonito/vibrator/drv2624/drv2624_S4.bin:$(TARGET_COPY_OUT_VENDOR)/firmware/drv2624.bin
 
 # camera front flashColor
 PRODUCT_PROPERTY_OVERRIDES += \
     persist.camera.front.flashColor=0xffe1c1
 
 # Add white point compensated coefficient
 PRODUCT_PROPERTY_OVERRIDES += \
     vendor.display.adaptive_white_coefficient=0.0031,0.5535,-87.498,0.0031,0.5535,-87.498,0.0031,0.5535,-87.498
+
+# Set of *_EXPERIENCE features for sargo
+PRODUCT_COPY_FILES += \
+    $(LOCAL_PATH)/google_experience.xml:$(TARGET_COPY_OUT_PRODUCT)/etc/sysconfig/google_experience.xml
diff --git a/google_experience.xml b/google_experience.xml
new file mode 100644
index 0000000000000000000000000000000000000000..6ad44f13ccb58340803b1a9c7006a5d384ed040f
--- /dev/null
+++ b/google_experience.xml
@@ -0,0 +1,9 @@
+<?xml version="1.0" encoding="utf-8"?>
+
+<config>
+    <feature name="com.google.android.feature.GOOGLE_EXPERIENCE" />
+    <feature name="com.google.android.feature.PIXEL_EXPERIENCE" />
+    <feature name="com.google.android.feature.PIXEL_2017_EXPERIENCE" />
+    <feature name="com.google.android.feature.PIXEL_2018_EXPERIENCE" />
+    <feature name="com.google.android.feature.PIXEL_2019_MIDYEAR_EXPERIENCE" />
+</config>

commit 7ceb0cb1e21517be9ee1411ff7fe80fd9608b19b
Author: flawedworld <flawedworld@flawed.world>
Date:   Sun 2021-10-10 00:44:51+0100

    Add vendor soong namespace
---
 aosp_bonito.mk | 2 ++
 aosp_sargo.mk  | 2 ++
 2 files changed, 4 insertions(+)

diff --git a/aosp_bonito.mk b/aosp_bonito.mk
index 0ffce770eba024fbb46951e9cfb6634ec2be06fc..035a82e0bcb0e9eb8ec0e0ba1b79b723bdad38d5 100644
--- a/aosp_bonito.mk
+++ b/aosp_bonito.mk
@@ -7,20 +7,22 @@
 #
 #      http://www.apache.org/licenses/LICENSE-2.0
 #
 # Unless required by applicable law or agreed to in writing, software
 # distributed under the License is distributed on an "AS IS" BASIS,
 # WITHOUT WARRANTIES OR CONDITIONS OF ANY KIND, either express or implied.
 # See the License for the specific language governing permissions and
 # limitations under the License.
 #
 
+PRODUCT_SOONG_NAMESPACES += vendor/google_devices/bonito
+
 # avoid using generic aosp_product.mk libnfc-nci.conf
 PRODUCT_COPY_FILES += \
     $(LOCAL_PATH)/nfc/libnfc-nci.conf:$(TARGET_COPY_OUT_PRODUCT)/etc/libnfc-nci.conf
 
 #
 # All components inherited here go to system image
 #
 $(call inherit-product, $(SRC_TARGET_DIR)/product/core_64_bit.mk)
 $(call inherit-product, $(SRC_TARGET_DIR)/product/generic_system.mk)
 
diff --git a/aosp_sargo.mk b/aosp_sargo.mk
index a0402611e9506aab9b367f0c8036d18d17dfa82b..a673ee7e53defb5f957d416c3344cb36091066fb 100644
--- a/aosp_sargo.mk
+++ b/aosp_sargo.mk
@@ -7,20 +7,22 @@
 #
 #      http://www.apache.org/licenses/LICENSE-2.0
 #
 # Unless required by applicable law or agreed to in writing, software
 # distributed under the License is distributed on an "AS IS" BASIS,
 # WITHOUT WARRANTIES OR CONDITIONS OF ANY KIND, either express or implied.
 # See the License for the specific language governing permissions and
 # limitations under the License.
 #
 
+PRODUCT_SOONG_NAMESPACES += vendor/google_devices/sargo
+
 # avoid using generic aosp_product.mk libnfc-nci.conf
 PRODUCT_COPY_FILES += \
     $(LOCAL_PATH)/nfc/libnfc-nci.conf:$(TARGET_COPY_OUT_PRODUCT)/etc/libnfc-nci.conf
 
 #
 # All components inherited here go to system image
 #
 $(call inherit-product, $(SRC_TARGET_DIR)/product/core_64_bit.mk)
 $(call inherit-product, $(SRC_TARGET_DIR)/product/generic_system.mk)
 

commit afc7984ba1c9e7a469e21f8fe6321713342e5faf (HEAD, m/master, grapheneos/12)
Author: Daniel Micay <danielmicay@gmail.com>
Date:   Mon 2021-10-11 18:08:28-0400

    Enable microphone and camera privacy toggles
    
    The HALs on this device support microphone and camera toggles, and they
    are enabled on stock.
---
 overlay/frameworks/base/core/res/res/values/config.xml | 5 +++++
 1 file changed, 5 insertions(+)

diff --git a/overlay/frameworks/base/core/res/res/values/config.xml b/overlay/frameworks/base/core/res/res/values/config.xml
index a0a876e6d98e1bee86b1aa13eb8d4db510e62688..3b84b2db5f4db656dbb9be538b377994ec33f88c 100644
--- a/overlay/frameworks/base/core/res/res/values/config.xml
+++ b/overlay/frameworks/base/core/res/res/values/config.xml
@@ -349,11 +349,16 @@
     <!-- True if the firmware supports p2p MAC randomization -->
     <bool name="config_wifi_p2p_mac_randomization_supported">true</bool>
 
     <!-- List of biometric sensors on the device, in decreasing strength. Consumed by AuthService
          when registering authenticators with BiometricService. Format must be ID:Modality:Strength,
          where: IDs are unique per device, Modality as defined in BiometricAuthenticator.java,
          and Strength as defined in Authenticators.java -->
     <string-array name="config_biometric_sensors" translatable="false" >
         <item>0:2:15</item> <!-- ID0:Fingerprint:Strong -->
     </string-array>
+
+    <!-- Whether this device is supporting the microphone toggle -->
+    <bool name="config_supportsMicToggle">true</bool>
+    <!-- Whether this device is supporting the camera toggle -->
+    <bool name="config_supportsCamToggle">true</bool>
 </resources>
