commit 13adc8ddb32eeb3894ff93a9de0a76c429080223 (grafted, HEAD, tag: RQ1A.210205.004.2021.02.02.09, m/master)
Author: Daniel Micay <danielmicay@gmail.com>
Date:   Tue 2021-02-02 05:40:19-0500

    read-only changes
---
 Image.lz4 (new)  | Bin 0 -> 20175465 bytes
 dtbo.img (new)   | Bin 0 -> 1212526 bytes
 sdm670.dtb (new) | Bin 0 -> 377530 bytes
 3 files changed, 0 insertions(+), 0 deletions(-)

diff --git a/Image.lz4 b/Image.lz4
new file mode 100644
index 0000000000000000000000000000000000000000..88efcfff74ab99c63acc5b9db2504ff99867b992
Binary files /dev/null and b/Image.lz4 differ
diff --git a/dtbo.img b/dtbo.img
new file mode 100644
index 0000000000000000000000000000000000000000..709f4d3f4b61f4d875ae8354373cf46da483e26a
Binary files /dev/null and b/dtbo.img differ
diff --git a/sdm670.dtb b/sdm670.dtb
new file mode 100644
index 0000000000000000000000000000000000000000..0fd47749940f192e129abce4dbc9f134105ac932
Binary files /dev/null and b/sdm670.dtb differ
