commit e12cae05b7c5b067f8d5a4a5f686eb62bc8ef279 (HEAD, tag: SP2A.220305.012.2022030801, m/master, grapheneos/12.1)
Author: flawedworld <flawedworld@flawed.world>
Date:   Tue 2021-11-30 02:15:00+0000

    Update SELinux policy from oriole SD1A.210817.037
    
    Change-Id: I105d711de847b9eae135e928f05bfefd04dd3904
---
 .../vendor/google/certs/EuiccSupportPixel.x509.pem | 58 +++++++++++-----------
 .../vendor/google/certs/com_google_mds.x509.pem    | 58 +++++++++++-----------
 .../vendor/google/certs/com_qorvo_uwb.x509.pem     | 52 +++++++++----------
 3 files changed, 84 insertions(+), 84 deletions(-)

diff --git a/whitechapel/vendor/google/certs/EuiccSupportPixel.x509.pem b/whitechapel/vendor/google/certs/EuiccSupportPixel.x509.pem
index d11ad3d0f2a29d7765e76bd942db86a0ecab5706..452579df42b04b6c47a0b0c139d29c2ddf2a6d60 100644
--- a/whitechapel/vendor/google/certs/EuiccSupportPixel.x509.pem
+++ b/whitechapel/vendor/google/certs/EuiccSupportPixel.x509.pem
@@ -1,29 +1,29 @@
------BEGIN CERTIFICATE-----
-MIIF2zCCA8OgAwIBAgIVAIFP2e+Gh4wn4YFsSI7fRB6AXjIsMA0GCSqGSIb3DQEBCwUAMH4xCzAJ
-BgNVBAYTAlVTMRMwEQYDVQQIEwpDYWxpZm9ybmlhMRYwFAYDVQQHEw1Nb3VudGFpbiBWaWV3MRQw
-EgYDVQQKEwtHb29nbGUgSW5jLjEQMA4GA1UECxMHQW5kcm9pZDEaMBgGA1UEAxMRRXVpY2NTdXBw
-b3J0UGl4ZWwwHhcNMTkwMjI4MTkyMjE4WhcNNDkwMjI4MTkyMjE4WjB+MQswCQYDVQQGEwJVUzET
-MBEGA1UECBMKQ2FsaWZvcm5pYTEWMBQGA1UEBxMNTW91bnRhaW4gVmlldzEUMBIGA1UEChMLR29v
-Z2xlIEluYy4xEDAOBgNVBAsTB0FuZHJvaWQxGjAYBgNVBAMTEUV1aWNjU3VwcG9ydFBpeGVsMIIC
-IjANBgkqhkiG9w0BAQEFAAOCAg8AMIICCgKCAgEAqklePqeltzqnyXVch9eJRXFBRQQIBIJWhcXb
-WIP/kZ28ISnQ2SrZisdxqtvRIeInxb7lU1rRQDfqCFSp/vMZ3l25Ryn6OVLFP4bxV1vO797t7Ef/
-amYA1mFKBsD4KLaIGj0/2RpGesneCOb0jWl2yRgIO2Ez7Y4YgWU/IoickZDLp1u6/7e7E/Qq9OXK
-aXvtBSzooGrYC7eyKn7O21FOfz5cQRo4BipjJqXG5Ez8Vi+m/dL1IFRZheYttEf3v390vBcb0oJ0
-oYPzLxmnb1LchjZC3yLAknRA0hNt8clvJ3tjXFjtzCGKsQsT4rnvvGFFABJTCf3EdEiwBNS5U4ho
-+9+EtH7PpuoC+uVv2rLv/Gb7stlGQGx32KmK2CfKED3PdNqoT7WRx6nvVjCk3i7afdUcxQxcS9td
-5r80CB1bQEhS2sWLWB21PJrfMugWUJO5Bwz6u0es8dP+4FAHojIaF6iwB5ZYIuHGcEaOviHm4jOK
-rrGMlLqTwuEhq2aVIP55u7XRV98JLs2hlE5DJOWCIsPxybUDiddFvR+yzi/4FimsxJlEmaQAQcki
-uJ9DceVP03StPzFJSDRlqa4yF6xkZW5piNoANQ4MyI67V2Qf8g/L1UPYAi4hUMxQGo7Clw2hBRag
-ZTm65Xc7+ovBYxl5YaXAmNoJbss34Lw8tdrn4EECAwEAAaNQME4wDAYDVR0TBAUwAwEB/zAdBgNV
-HQ4EFgQU+hQdFrOGuCDI+bbebssw9TL5FcYwHwYDVR0jBBgwFoAU+hQdFrOGuCDI+bbebssw9TL5
-FcYwDQYJKoZIhvcNAQELBQADggIBAGmyZHXddei/zUUMowiyi/MTtqXf9hKDEN4zhAXkuiuHxqA9
-Ii0J1Sxz2dd5NkqMmtePKYFSGA884yVm1KAne/uoCWj57IK3jswiRYnKhXa293DxA/K9wY27IGbp
-ulSuuxbpjjV2tqGUuoNQGKX7Oy6s0GcibyZFc+LpD7ttGk5QoLC9qQdpXZgUv/yG2B99ERSXLCaL
-EWMNP/oVZQOCQGfsFM1fPLn3X0ZuCOQg9bljxFf3jTl+H6PIAhpCjKeeUQYLc41eQkCyR/f67aRB
-GvO4YDpXLn9eH23B+26rjPyFiVtMJ/jJZ7UEPeJ3XBj1COS/X7p9gGRS5rtfr9z7XxuMxvG0JU9U
-XA+bMfOOfCqflvw6IyUg+oxjBFIhgiP4fxna51+BqpctvB0OeRwUm6y4nN06AwqtD8SteQrEn0b0
-IDWOKlVeh0lJWrDDEHr55dXSF+CbOPUDmMxmGoulOEOy/qSWIQi8BfvdX+e88CmracNRYVffLuQj
-pRYN3TeiCJd+6/X9/x1Q8VLW7vOAb6uRyE2lOjX40DYBxK3xSq6J7Vp38f6z0vtQm2sAAQ4xqqon
-A9tB5p+nJlYHgSxXOZx3C13Rs/eMmiGCKkSpCTnGCgBC7PfJDdMK6SLw5Gn4oyGoZo4fXbADuHrU
-0JD1T1qdCm3aUSEmFgEA4rOL/0K3
------END CERTIFICATE-----
+-----BEGIN CERTIFICATE-----
+MIIFxjCCA66gAwIBAgIURH+ESClecwsP2Et2gQ1RAHxabWcwDQYJKoZIhvcNAQELBQAwdDELMAkG
+A1UEBhMCVVMxEzARBgNVBAgTCkNhbGlmb3JuaWExFjAUBgNVBAcTDU1vdW50YWluIFZpZXcxFDAS
+BgNVBAoTC0dvb2dsZSBJbmMuMRAwDgYDVQQLEwdBbmRyb2lkMRAwDgYDVQQDEwdBbmRyb2lkMB4X
+DTE5MDIyODE5MjIxNloXDTQ5MDIyODE5MjIxNlowdDELMAkGA1UEBhMCVVMxEzARBgNVBAgTCkNh
+bGlmb3JuaWExFjAUBgNVBAcTDU1vdW50YWluIFZpZXcxFDASBgNVBAoTC0dvb2dsZSBJbmMuMRAw
+DgYDVQQLEwdBbmRyb2lkMRAwDgYDVQQDEwdBbmRyb2lkMIICIjANBgkqhkiG9w0BAQEFAAOCAg8A
+MIICCgKCAgEA5AVOe4SKiCOnR4DQ2V3sIo5LNpGtmdzZ54MnHIrsSX8n43xtCTpfQWDWnDZFCIHS
+mR8KAOQ0BNxL8ajtr66gU6tFzD5Vlistwl9P9uUlYWgGaeyEoOUqtiN2HtsJDpcCLYKOz6oH2c5N
+eruDp5n/Z49xpXXXLgoOTlsoS65tsTcWFrcSuuOE40UyFJ+Rwhh1EiXGPvT99gaXNnDq5WIsPNNe
+39jV7f01lZs/g5iUn4dVA/DxLMam/CQh7qQkh6qWkDL8koQ21N9xEZYTR8qvGvgz3Zd1yfT0P1Hs
+gJaPXK5Fqb2vLV1NP8KoYIlB2KqadCn+HJjIgH8UIbB+R8o6KuWCYzLb5vPs87HkXG5/Y+GB7HrC
+IC+6a8BJ4UUyjUkg/HtBd7GlEixZKLtbcJ3erdfL7uigjCJEqAYDXr2Zes31898ePcl3YQO5/rHo
+bB7f4w3iF/TwIAAyRRlOceoskCEa/vCbmb7I8HQIJthSNedWcBiKUneohCtfLT3qS0JUVZewiFRM
+OVD8mwcZFr4o/UfVslEe8DpBp0WXs/83OeEJdtfRc861jdOJ7EIyfDmBX91iWgLCBgv6aXtMvP7C
+wgZV7y+C+WbbsjYTYSjsNVSA1uexVPozsSkIjxote0aAiu6+b8LAq9bq2c6Yc6MoldgBqlfcwvFz
+lKqlm966q6UCAwEAAaNQME4wDAYDVR0TBAUwAwEB/zAdBgNVHQ4EFgQUuH5K2ov/9L++x+8UhrCD
+hNdJm6EwHwYDVR0jBBgwFoAUuH5K2ov/9L++x+8UhrCDhNdJm6EwDQYJKoZIhvcNAQELBQADggIB
+AIV1Wx+iwchzxx+ggbWlmJx+oPya2axvj8cgbLGujxI+nmtY2b7UvzazggubioxJJW7rzemLMDwf
+KPlfiZkIeQmBe2YJhHiwIPaRAB2juZTfQARsEkd4qYvcIDui6PbbgitLWOh3lYNDcVe/c8+EwbJu
+NNSqjPwIZvj2lodTQNI7uUy1ff5hytHsznObr/rh+MeJlKKY56JL6VEzsD694iVFxJ7f4FXK5Y0p
+jqYmGj1krcfMFoxHPAmj57yf3VVzeGKx5re+5WIMe5K0RZB9IWxfvx1DsxXvzVeaHYW/c6VF7TVT
+/RUV+iLtst+1A1RJbeXDu3uLHxPAC44WUb3FQOUKPRP2cIul70ifJSbvu+qLuyfgwltXyYIeQMSr
+Uw4WK6NMNYaIPgEq1BX4rLUlKxlH4xaNwT5ZCWLTRdWozYP5FFSMdQhhOb1Ki81wKmr1f9EkXoW9
+eGRZBj3tAg90k0qltel30eLpW6gmnNg+la84nyaXfBF3vQAbaAuW5D3TAMWR/Wl6nHoPItdrXHky
+MRvQkzx2ezKz61ZP3uDfEZvMLXR0lle8s6pTZB3GLS4mY9LFQdDwPlc1xk8yEcdnUAZs+9U6zZF1
++FKSgb3UNy81g2DHUMp0FCBXTy+kLm0LQVYU91kLd+fTkmgkWl4xSyXeV5g3FFuiv9ahl7//vvCG
+
+-----END CERTIFICATE-----
diff --git a/whitechapel/vendor/google/certs/com_google_mds.x509.pem b/whitechapel/vendor/google/certs/com_google_mds.x509.pem
index 640c6fb98894114884c759da0403321116da2f14..73fadc269b6aa004eaec832fc4d7684f5edd1423 100644
--- a/whitechapel/vendor/google/certs/com_google_mds.x509.pem
+++ b/whitechapel/vendor/google/certs/com_google_mds.x509.pem
@@ -1,29 +1,29 @@
------BEGIN CERTIFICATE-----
-MIIF1TCCA72gAwIBAgIVAPZ4KZV2jpxRBCoVAidCu62l3cDqMA0GCSqGSIb3DQEBCwUAMHsxCzAJ
-BgNVBAYTAlVTMRMwEQYDVQQIEwpDYWxpZm9ybmlhMRYwFAYDVQQHEw1Nb3VudGFpbiBWaWV3MRQw
-EgYDVQQKEwtHb29nbGUgSW5jLjEQMA4GA1UECxMHQW5kcm9pZDEXMBUGA1UEAwwOY29tX2dvb2ds
-ZV9tZHMwHhcNMTkwNDIyMTQ1NzA1WhcNNDkwNDIyMTQ1NzA1WjB7MQswCQYDVQQGEwJVUzETMBEG
-A1UECBMKQ2FsaWZvcm5pYTEWMBQGA1UEBxMNTW91bnRhaW4gVmlldzEUMBIGA1UEChMLR29vZ2xl
-IEluYy4xEDAOBgNVBAsTB0FuZHJvaWQxFzAVBgNVBAMMDmNvbV9nb29nbGVfbWRzMIICIjANBgkq
-hkiG9w0BAQEFAAOCAg8AMIICCgKCAgEAqgNC0hhI3NzaPUllJfe01hCTuEpl35D02+DKJ5prPFxv
-6KGTk6skjZOwV87Zf2pyj/cbnv28ioDjwvqMBe4ntFdKtH9gl2tTAVl69HMKXF4Iny/wnrt2mxzh
-WxFUd5PuW+mWug+UQw/NGUuaf5d/yys/RrchHKM1+zBV6aOzH6BXiwDoOF2i43d5GlNQ/tFuMySW
-LJftJN0QULFelxNDFFJZhw2P3c4opxjmF2yCoIiDfBEIhTZFKUbHX6YDLXmtUpXl35q+cxK4TCxP
-URyzwdfiyheF3TTxagfzhvXNg/ifrY67S4qCGfzoEMPxrTz02gS0u3D6r/2+hl9vAJChLKDNdIs6
-TqIw+YnABrELiZLLFnaABnjQ7xC3xv1s3W6dWxaxnoVMtC1YvdgwhC5gSpJ4A+AGcCLv96hoeB1I
-IoGV9Yt0Z97MFpXeHFpAxFZ1F9feBqwOCDbu50dmdKZvqGHZ4Ts3uy7ukDQ08dquHpT+NmqkmmW5
-GGhkuyZS3HHpU/QeVsZiyJCJBbDe5lz6NGXK56ruuF9ILeGHtldjQm40oYRc01ESScyVjSU0kpMO
-C7hn1B7rKAm8xxG7eH04ieQrNnbbee7atOO4C3157W5CqujfLMeo6OCRVtcYkYIuSi8hIPNySu/q
-OaEtEP4owVNZR0H6mCHy5pANsyBofMkCAwEAAaNQME4wDAYDVR0TBAUwAwEB/zAdBgNVHQ4EFgQU
-gk8pmLx8yP3RILwR5am1G10PBEowHwYDVR0jBBgwFoAUgk8pmLx8yP3RILwR5am1G10PBEowDQYJ
-KoZIhvcNAQELBQADggIBAC9iQ1huo6CzjcsB1IIw3WYPYVfHtvG7fiB49QO6cjth8fxM36YOxnMz
-K9Zh89cnFx7BeXG4MdbR3lAWO+wTbEpM/5azAQfqHB/ZEEAo1THtqS58C1bTwJ5zxkA+wL/x1ucT
-EV0QZtPHC1K5nIV5FuICiJjui5FHfj2HYu2A5a5729rdZ7sL8Vgx6TUFKpEPs5iCrlx5X/E+/wJa
-DM5iIjVvrGJJq0VWHHeDJEE+Sw1CDxWYRzvu1WvCvhk149hf4LlfrR0A5t8QJRGx0WwF10DLGgJx
-7epMBpzhMIXc529FTIx4Rx2PcufjTZC9EN7PkLgVfYahWEkt/YIfV/0F6U6viLxdNC5O0pimSV57
-vT6HIthX1OC34eZca0cPqH1kOuhRDKOhbP4yIgdYX6knpvw8aXsYcyTfAmDyrt0EWffeBPedaxMo
-xfijdlsBQUymviUQ8qBbfl1Ew9VoC+VEsiobK7Ubog0IK+82LQ7FOLMoNYnhk5wJ63i1kVvBVAgH
-64PMME2KG//BwYFfKK6jUXibabyNke72+1Jr0xpw1BHJPxNJ8Q8yCBLF0wmXmFJSM+9lSDd10Bni
-FJeMFMQ0T1Sf8GUSIxYYbMK5pDguRs+JOYkUID02ylJ3L6GAnxXCjGWzpdxw29/WWJc+qsYFEIbP
-kKzTUNQHaaLHmcLK22Ht
------END CERTIFICATE-----
+-----BEGIN CERTIFICATE-----
+MIIFxjCCA66gAwIBAgIUHaTgvNgfCuCnEGvjMtysCgoCclIwDQYJKoZIhvcNAQELBQAwdDELMAkG
+A1UEBhMCVVMxEzARBgNVBAgTCkNhbGlmb3JuaWExFjAUBgNVBAcTDU1vdW50YWluIFZpZXcxFDAS
+BgNVBAoTC0dvb2dsZSBJbmMuMRAwDgYDVQQLEwdBbmRyb2lkMRAwDgYDVQQDEwdBbmRyb2lkMB4X
+DTE5MDQyMjE0NTcwNVoXDTQ5MDQyMjE0NTcwNVowdDELMAkGA1UEBhMCVVMxEzARBgNVBAgTCkNh
+bGlmb3JuaWExFjAUBgNVBAcTDU1vdW50YWluIFZpZXcxFDASBgNVBAoTC0dvb2dsZSBJbmMuMRAw
+DgYDVQQLEwdBbmRyb2lkMRAwDgYDVQQDEwdBbmRyb2lkMIICIjANBgkqhkiG9w0BAQEFAAOCAg8A
+MIICCgKCAgEAwrx6YQqIIvZEULv/1AAF8HR4t0kPnZsgGwoR3SrumpGCNRPjAN8yztJi6fdNZSLn
+lj7giXZm16lDTWQ+/bKwuDof5adaRuE7nrf2oVTzRQ3Z1XFcw0400mQ0EHZYTBV6wgl9/K4zepIi
+/149Vyy0ynkiB3kmZYCDS6VfOvHHyqxxuKlwF2ry0YILGo3PwaNDiONizpq2RtLNIYseyK6ow5QH
+wHtL81n8bc3bIbwJjrKnCef2WDEy8ZaVMyLIYZwYZ3rw4MLQVF5Pqy93RKMfz7ZzJaERlwWsqz01
+2Ae1QpP82MBQVMoAUhjFKO3XAlD1592nx1zNzf5kpwGhTEpSWrnVS3UUW3ISBactM/fihmjOot5S
+UXidLa0W2FvJuLDn0XL7TnwLU8MOekesKKQQa17ESEGTpSlJP3nw/xccbaYAzXof6yRJ3iJnNsGG
+2njAxC9XqxwaaV4PsomfFueqgx0u3wQsPWskTbRgLQK3z/V8+hoTxsrZ4VE23DZ3z4vz4CXn/1Iz
+up7Gceun4cBqEYz+leVsc3ML28dsbOmoju910uOeCH28D6aDHRKzsGClj09bUeL/ZpStLEPA1AU+
+Nju2Y7rQI1T0l7tWIhKq5W6pPPpZcePNNflLvF72gudEa5v/PQGjWmElXOEMmzpRhqZovaDbcpej
+CWu11DeYtfkCAwEAAaNQME4wDAYDVR0TBAUwAwEB/zAdBgNVHQ4EFgQUEdfzOO0hHPuLPlpdLAtl
+gtAUNckwHwYDVR0jBBgwFoAUEdfzOO0hHPuLPlpdLAtlgtAUNckwDQYJKoZIhvcNAQELBQADggIB
+AHUv2QmPiuvFHmroIn0GztonAEKcHYENCKvC7nDGrj7MedD46Fn7mC1Nej2yuXM8KOkpjapjOA9o
+4ggV75R28HDkHP3Ies1xK1TejPGekxfvvLP+RmWFJPiuKaVhwn78BM4IWSSqKA3vh/pZH+OqK8kO
+HK1BpFkwvlyira025XGnCPWzBNij9pMqioUpGjz3Pp7cw2iPY1tTlcmYXsCns7AbZ9Z3YNav7Zx6
+jku9aJRsdAtW3tfKi4rmuh0VAYVmlp4BmcVkmRKozYn8QKyB/PAhGbDAnIwDzoHsrFvwxpKwMJJs
+JFVumvh9JrGq0YvY6R52DzA7+KvWkAMe22JXW70EhSZ8QD5t7WphZ683Hpjf5fWpWXcU/fUqkihi
+HPy9ogiNlJ5hYaDMbkKyA2vzsagJorK4V1pXg3gk7D96MOE5wFSROd/WQit8W+4ApkF3DOIjyCEC
+KHAZVkcp8nx//hs50GoirtUhLpj4PcYHUg6I2c+Gx/krSOQD/fxuC7PWxE5whIZRBaXIkHWALufR
+e7eeFI9peEu/nvn/MjNXyVoUbuQ3Ja4QFt+Ku7+KU+numH8ajBCzaPeu6bxosVNXyiDAxDI+Tfuk
+jn37lHw/TQ8athakHqhxg63+nwsbnkyd0S1qPG38ocHqLliPBVz8nntcmUR1PdeFZpvGGlD83sJV
+
+-----END CERTIFICATE-----
diff --git a/whitechapel/vendor/google/certs/com_qorvo_uwb.x509.pem b/whitechapel/vendor/google/certs/com_qorvo_uwb.x509.pem
index 0e7c9ed5845a9263ec874c1ec06933ec41c778e8..f0527b5b01aa07fd71c27054c0c86ff112c00d9c 100644
--- a/whitechapel/vendor/google/certs/com_qorvo_uwb.x509.pem
+++ b/whitechapel/vendor/google/certs/com_qorvo_uwb.x509.pem
@@ -1,29 +1,29 @@
 -----BEGIN CERTIFICATE-----
-MIIF1TCCA72gAwIBAgIVALSpAFqvtr1ntTS7YgB0Y5R6WqEtMA0GCSqGSIb3DQEBCwUAMHoxCzAJ
+MIIFyTCCA7GgAwIBAgIVANWkcWcmZf4abdvo9BViyvCckwRrMA0GCSqGSIb3DQEBCwUAMHQxCzAJ
 BgNVBAYTAlVTMRMwEQYDVQQIEwpDYWxpZm9ybmlhMRYwFAYDVQQHEw1Nb3VudGFpbiBWaWV3MRQw
-EgYDVQQKEwtHb29nbGUgSW5jLjEQMA4GA1UECxMHQW5kcm9pZDEWMBQGA1UEAwwNY29tX3FvcnZv
-X3V3YjAgFw0yMTA1MDQwNTAyMDlaGA8yMDUxMDUwNDA1MDIwOVowejELMAkGA1UEBhMCVVMxEzAR
-BgNVBAgTCkNhbGlmb3JuaWExFjAUBgNVBAcTDU1vdW50YWluIFZpZXcxFDASBgNVBAoTC0dvb2ds
-ZSBJbmMuMRAwDgYDVQQLEwdBbmRyb2lkMRYwFAYDVQQDDA1jb21fcW9ydm9fdXdiMIICIjANBgkq
-hkiG9w0BAQEFAAOCAg8AMIICCgKCAgEAyoe1/UDAyMZd5iWqaKPDKN0cCESsWBTTkuLFpzMfcTEa
-IyMORaIYriuAxvWhNzidPQvvRPyw0XQbl7GZLjXLF004G5xPTXFHIdtWv/scuC53INqTerppcHeW
-fP4hfJPbZMQNcDB9EHa2bhA0wPdfoJD4cz8T7sgQcbRirdR8KoiOVWYe5UTSdk0df2IbiMZav2DJ
-KhFql323emi4QHoDeUMAYy35mTh5vhfJ8NrCRAUwMh0zlw6LwZw/Dr8AbzDXl4Mo6Ij2pTn3/1zW
-BPNkJonvONiMvuUUDl6LnP/41qhxYSg9RBp3wBJLknmfD/hEaXxTSLdkJyF43t61sU12mDQbLu4s
-ZoiQKeKMJ0VpC56gUzkpnx3pzusq+/bAlTXf8Tfqrm7nizwR/69kntNYp8iaUJnvQQzlChc2lg2X
-QNzf6zShPptpPqJIgmWawH6DL8JPHgkpguWyz47dWHCLnTfp8miEZPrQkPKL13SCMYCwxmlNYNWG
-gUFPX5UJfnNVH4y2gPpXssROyKQKp/ArZkWb2zURrC1RUvNFADvvFt+hb2iXXVnfVeEtKAkSdhOj
-RHwXhc/EtraSMMYUeO/uhUiPmPFR0FVLxCIm6i91/xqgWhKgRN0uatornO3lSNgzk4c7b0JCncEn
-iArWJ516/nqWIvEdYjcqIBDAdSx8S1sCAwEAAaNQME4wDAYDVR0TBAUwAwEB/zAdBgNVHQ4EFgQU
-EGKtCMO6w0UKLbAmd/laZERZZrkwHwYDVR0jBBgwFoAUEGKtCMO6w0UKLbAmd/laZERZZrkwDQYJ
-KoZIhvcNAQELBQADggIBAIRowmuGiFeZdyDsbYi0iYISNW2HID4uLM3Pp8CEx5swlntJu1Z19R9t
-fzzY9lvcMgdbdVJYnGrHzUGUCVqbhfDH7GxP9ybg1QUqYxi6AvZU3wrRqjoUoDw7HlecNBXFZI6z
-0f2J3XSzST3kq5lCuUaEKGHkU8jVgwqVGMcz1foLGzBXQhMgIKl966c5DWoXsLToBCXrNgDokkHe
-cj9tI1ufsWrSxl5/AT0/DMjHkcBmZk78RiTcGJtSZU8YwqNIQa+U2hpDE34iy2LC6YEqMKggjCm0
-6nOBbIH0EXnrr0iBX3YJmDM8O4a9eDpI7FSjabPx9YvfQne08pNwYkExOMafibyAwt7Du0cpxNkg
-NE3xeDZ+TVr+4I10HF1gKpJ+rQsBOIYVTWLKATO4TMQxLNLY9oy2gt12PcsCdkOIThX4bAHXq1eY
-ulAxoA7Hba2xq/wnh2JH5VZIjz3yZBJXX/GyFeHkqv7wFRVrx4DjZC1s5uTdqDh6y8pfM49w9/Zp
-BKtz5B+37bC9FmM+ux39MElqx+kbsITzBDtDWa2Q8onWQR0R4WHI43n1mJSvW4cdR6Xf/a1msPXh
-NHc3XCJYq4WvlMuXWEGVka20LPJXIjiuU3sB088YpjAG1+roSn//CL8N9iDWHCRXy+UKElIbhWLz
-lHV8gmlwBAuAx9ITcTJr
+EgYDVQQKEwtHb29nbGUgSW5jLjEQMA4GA1UECxMHQW5kcm9pZDEQMA4GA1UEAxMHQW5kcm9pZDAg
+Fw0yMTA1MDQwNTAyMDhaGA8yMDUxMDUwNDA1MDIwOFowdDELMAkGA1UEBhMCVVMxEzARBgNVBAgT
+CkNhbGlmb3JuaWExFjAUBgNVBAcTDU1vdW50YWluIFZpZXcxFDASBgNVBAoTC0dvb2dsZSBJbmMu
+MRAwDgYDVQQLEwdBbmRyb2lkMRAwDgYDVQQDEwdBbmRyb2lkMIICIjANBgkqhkiG9w0BAQEFAAOC
+Ag8AMIICCgKCAgEAs41Lur5ric6Q5biv8m8gDzTJfGausbkJ0QRNXUOE2m5BaAs9YOoE1FRalYld
+6VxySfDLpiSanE0O21Gk9QMRNZmN7Aybci79uyWF7zTPrP1yNTC0UJZu1ke5OzOtp5rLGSDRuFP2
+oF/momrDT9w51ucDLGkhCr5a97O78yQRiN16MPrRjiB5/pTlt+d95auF5ZNnfshs5/z95Aw8HD/M
+T2KjzeF6xANhkLL3pcaPN3CjSxFuj0o6W4R2rIezaw7yBvKlg2UtVaHMvPoEvrQTffCOL9PZeKWR
+xwqKWwOWcG0mJNMYX9czOHS72UOfYEpAL5rqlrFslDG+oAm3Jt39aZwyJXIu6RutXDqzlPYE+vXY
+K8bSUeLtBKklJA2VzfldIhjg8/+LNbLDjTYIGZqQjEbf25ACru9coeo49sTCepFAdW0eb+6wPlI9
+xuK0DW1YEKP0yJRPsvM7beCwWIMZnT/dqITb5ALQI2lQ7Mfy6Oc5q5DB5eichP7wccpfPG5sls8e
+q071Jx7SUFwqgXRlyrkTzsq+VachUGFs+4E43HeFLDsKdAuvnLBnxwpI33DwNzEVDnf4UVqc/mbg
+tkLlTuYheqHnyJSJU6rzqXEe8vCjQwc5nz0MrQ0JHBTIEJ35y3tlQLzd8Km+NO2nspMDZA0fRO/V
+Xaqr5ZftECU3fGUCAwEAAaNQME4wDAYDVR0TBAUwAwEB/zAdBgNVHQ4EFgQUk38scNBtcZ9dICGl
+jytNyyMgaikwHwYDVR0jBBgwFoAUk38scNBtcZ9dICGljytNyyMgaikwDQYJKoZIhvcNAQELBQAD
+ggIBAAthh8JaDOEFLUWXv7JhDWy/bsIg23p7adOui8ubWmE4843v2ZF874F09mHavP6oXfq69Ppq
+H0K8+u8+vDunPLFutxSIvy+VCGq17T99LRE0d9aj11TNflanlONzt8qoBcWy7MEofqlxXkxx9upR
+lUO89ASqyCr7r7UbWSjSGJlSapMParMXRSzRhOJCEdfvyfAMqTYMoekRnytcqR3ujUIXktALqkZe
+WmVwJE+psstvPRSgDS3YR5j+B61u2GNBYie4x3Fwn0tcT5ioRlOGxptAUNtB/c7dEMYeYyeMw/rg
+SGwzC3l3cQrJIObsPJGY7T9B6e8njP2ssytrM7ExjdB9nboIFifgBpQxNYhQpT5JyRM+yj7tDTm6
+GdUzsxE6YgXxOazquIiF+K0RAprVj8Ztlz53VbHEubgFrc0zjc+KMNdGD7NvpP7Td4SNkb6hDLgO
+CP43SgdjpCdqeEpgZhJVYDZ2C9LXmDjAmcIDWHYt+/WX7NEEURgeuSNJtMgS+/TxI1SAUkSFPsmJ
+qoQUXywQJBJ8fZZv5dNXFr0C5GDql/Rjb7S2jB6ROcGr1wKEIakrFz0VFMhZetCogPZiwSN3IaET
+/ZJZg+O+eckcZTIhPO7o7l+4uuIh+8o7TOy4qDJiX4hI3rpYLJr2nTNypsU8OWjqJTqKxGbJWzG5
+Vtjc
 -----END CERTIFICATE-----
