commit ab072a38fc708f9ecac0e0781cf976f7fc6495c2
Author: Artem Borisov <dedsa2002@gmail.com>
Date:   Fri 2020-11-20 11:32:37+0000

    redbull: Switch to monolithic kernel builds
    
    Change-Id: Ibbba891cc1cee34611c9e03b431e6b998a35bd40
---
 BoardConfig-common.mk | 332 +-------------------------------------------------
 1 file changed, 3 insertions(+), 329 deletions(-)

diff --git a/BoardConfig-common.mk b/BoardConfig-common.mk
index 693d733be66024a561ff8bffb84d21f893b58adf..81ea1a9bb9bad85f1abc897667049f75d0d35f26 100644
--- a/BoardConfig-common.mk
+++ b/BoardConfig-common.mk
@@ -129,252 +129,20 @@ BOARD_PERSISTIMAGE_FILE_SYSTEM_TYPE := ext4
 
 # boot.img
 BOARD_BOOTIMAGE_PARTITION_SIZE := 0x06000000
 
 # vendor_boot.img
 BOARD_VENDOR_BOOTIMAGE_PARTITION_SIZE := 0x06000000
 
 # Allow LZ4 compression
 BOARD_RAMDISK_USE_LZ4 := true
 
-# Specify BOOT_KERNEL_MODULES
-#
-# modules for first stage in vendor_boot.img, remainder goes to vendor.img.
-# This list is a superset of all the possible modules required, and is
-# filtered and ordered as per the supplied kernel's modules.load file.
-# Any modules that do not exist will be silently dropped.  This is required
-# because some kernel configurations may have extra debug or test modules,
-# make sure any required to be loaded during first stage init are listed.
-BOOT_KERNEL_MODULES := \
-	msm_ipc_logging.ko \
-	qtee_shm_bridge.ko \
-	qcom_hwspinlock.ko \
-	smem.ko \
-	msm_minidump.ko \
-	watchdog_v2.ko \
-	early_random.ko \
-	qcom-pdc.ko \
-	cmd-db.ko \
-	qcom_rpmh.ko \
-	phy-qcom-ufs.ko \
-	phy-qcom-ufs-qrbtc-sdm845.ko \
-	phy-qcom-ufs-qmp-v4.ko \
-	phy-qcom-ufs-qmp-v4-lito.ko \
-	phy-qcom-ufs-qmp-v3-660.ko \
-	phy-qcom-ufs-qmp-v3.ko \
-	pinctrl-msm.ko \
-	pinctrl-lito.ko \
-	qcom-spmi-wled.ko \
-	msm_bus.ko \
-	clk-qcom.ko \
-	clk-aop-qmp.ko \
-	clk-rpmh.ko \
-	gcc-lito.ko \
-	clk-spmi-pmic-div.ko \
-	qrtr.ko \
-	qmi_helpers.ko \
-	secure_buffer.ko \
-	heap_mem_ext_v01.ko \
-	subsystem_notif.ko \
-	ramdump.ko \
-	msm_memshare.ko \
-	msm_bus_dbg_rpmh.ko \
-	msm_bus_rpmh.ko \
-	rpmh-regulator.ko \
-	qcom-geni-se.ko \
-	msm_geni_serial.ko \
-	msm_dma_iommu_mapping.ko \
-	arm-smmu-debug.ko \
-	iommu-logger.ko \
-	arm-smmu.ko \
-	ufshcd-core.ko \
-	ufshcd-pltfrm.ko \
-	ufs_qcom.ko \
-	spi-geni-qcom.ko \
-	i2c-qcom-geni.ko \
-	ion-alloc.ko \
-	msm_rtb.ko \
-	pinctrl-spmi-gpio.ko \
-	pinctrl-spmi-mpp.ko \
-	pwm-qti-lpg.ko \
-	debugcc-lito.ko \
-	dispcc-lito.ko \
-	gpucc-lito.ko \
-	npucc-lito.ko \
-	videocc-lito.ko \
-	virt-dma.ko \
-	gpi.ko \
-	msm_scm.ko \
-	mdt_loader.ko \
-	smem_state.ko \
-	smp2p.ko \
-	qcom_ipcc.ko \
-	llcc-slice.ko \
-	llcc-lito.ko \
-	core_hang_detect.ko \
-	gladiator_hang_detect.ko \
-	minidump_log.ko \
-	memory_dump_v2.ko \
-	dcc_v2.ko \
-	service-locator.ko \
-	service-notifier.ko \
-	subsystem-restart.ko \
-	peripheral-loader.ko \
-	subsys-pil-tz.ko \
-	cdsp-loader.ko \
-	qseecom.ko \
-	smcinvoke.ko \
-	microdump_collector.ko \
-	eud.ko \
-	qcom_socinfo.ko \
-	fsa4480-i2c.ko \
-	rpmsg_core.ko \
-	qcom_glink_native.ko \
-	qcom_glink_smem.ko \
-	qcom_glink_spss.ko \
-	glink_probe.ko \
-	glink_pkt.ko \
-	smp2p_sleepstate.ko \
-	event_timer.ko \
-	lpm-stats.ko \
-	msm_pm.ko \
-	rpmh_master_stat.ko \
-	system_pm.ko \
-	rpm_stats.ko \
-	ddr_stats.ko \
-	cdsprm.ko \
-	msm_icnss.ko \
-	modemsmem.ko \
-	qpnp-amoled-regulator.ko \
-	refgen.ko \
-	slg51000-regulator.ko \
-	tps-regulator.ko \
-	msm_rng.ko \
-	adsprpc_compat.ko \
-	adsprpc.ko \
-	fastcvpd.ko \
-	rdbg.ko \
-	qpnp-power-on.ko \
-	msm-poweroff.ko \
-	usb_f_diag.ko \
-	diagchar.ko \
-	governor_bw_vbif.ko \
-	governor_gpubw_mon.ko \
-	governor_msm_adreno_tz.ko \
-	msm_adreno.ko \
-	regmap-spmi.ko \
-	google-bms.ko \
-	at24.ko \
-	hdcp_qseecom.ko \
-	msm_hdcp.ko \
-	citadel-spi.ko \
-	qcom-i2c-pmic.ko \
-	qcom-spmi-pmic.ko \
-	st21nfc.ko \
-	st54j_se.ko \
-	qpnp-revid.ko \
-	devfreq_qcom_fw.ko \
-	adc_tm.ko \
-	msm_sps.ko \
-	qce50.ko \
-	qcedev-module.ko \
-	qcrypto.ko \
-	spmi-pmic-arb.ko \
-	cnss_utils.ko \
-	cnss_prealloc.ko \
-	cnss_nl.ko \
-	msm_sharedmem.ko \
-	phy-generic.ko \
-	phy-msm-ssusb-qmp.ko \
-	phy-msm-snps-hs.ko \
-	xhci-plat-hcd.ko \
-	rndis.ko \
-	usb_f_cdev.ko \
-	usb_f_ccid.ko \
-	dwc3.ko \
-	usb-dwc3-msm.ko \
-	usb_f_qdss.ko \
-	msm_gsi.ko \
-	ipa3.ko \
-	usb_f_gsi.ko \
-	usb_f_mtp.ko \
-	usb_f_ptp.ko \
-	roles.ko \
-	tcpm.ko \
-	logbuffer.ko \
-	pmic-voter.ko \
-	qpnp_pdphy.ko \
-	dwc3-haps.ko \
-	dwc3-of-simple.ko \
-	dwc3-qcom.ko \
-	touchscreen_tbn.ko \
-	vd6281_module.ko \
-	fpc1020_platform_tee.ko \
-	rtc-pm8xxx.ko \
-	i2c-qcom-geni.ko \
-	devfreq_devbw.ko \
-	msm_npu.ko \
-	qpnp-battery.ko \
-	of_batterydata.ko \
-	qpnp-smb5-charger.ko \
-	qpnp-qgauge.ko \
-	sm7250_bms.ko \
-	google_charger.ko \
-	google-battery.ko \
-	overheat_mitigation.ko \
-	p9221_charger.ko \
-	qti_qmi_sensor.ko \
-	bcl_pmic5.ko \
-	bcl_soc.ko \
-	qmi_cdev.ko \
-	lmh_dbg.ko \
-	msm_lmh_dcvs.ko \
-	regulator_aop_cdev.ko \
-	cpu_isolate.ko \
-	lmh_cpu_vdd_cdev.ko \
-	qcom-spmi-temp-alarm.ko \
-	thermal-tsens.ko \
-	slimbus.ko \
-	bluetooth_power.ko \
-	qcom_edac.ko \
-	qcom-cpufreq-hw.ko \
-	leds-qpnp-flash-common.ko \
-	leds-qpnp-flash-v2.ko \
-	of_slimbus.ko \
-	tz_log.ko \
-	google_wlan_mac.ko \
-	msm_ext_display.ko \
-	msm_qmp.ko \
-	governor_bw_hwmon.ko \
-	bimc-bwmon.ko \
-	governor_memlat.ko \
-	arm-memlat-mon.ko \
-	governor_cdsp_l3.ko \
-	qcom-vadc-common.ko \
-	qcom-spmi-adc5.ko \
-	pac193x.ko \
-	qcom_llcc_pmu.ko \
-	nvmem_qfprom.ko \
-	qcom-spmi-sdam.ko \
-	slim_msm_ngd.ko \
-	rpmsg_char.ko \
-	rmnet.ko \
-	usb-audio-qmi.ko \
-	msm-vidc.ko \
-	ebtables.ko \
-	ebtable_broute.ko \
-	sctp.ko \
-	sctp_diag.ko \
-	qrtr-smd.ko \
-	msm_drm.ko \
-	dm-user.ko \
-
 # system_ext.img
 BOARD_SYSTEM_EXTIMAGE_FILE_SYSTEM_TYPE := ext4
 
 BOARD_FLASH_BLOCK_SIZE := 131072
 
 BOARD_ROOT_EXTRA_SYMLINKS := /vendor/lib/dsp:/dsp
 BOARD_ROOT_EXTRA_SYMLINKS += /mnt/vendor/persist:/persist
 
 include device/google/redbull-sepolicy/redbull-sepolicy.mk
 
@@ -518,115 +286,21 @@ TARGET_BOARD_INFO_FILE := $(TARGET_BOARD_NAME_DIR)/board-info.txt
 TARGET_BOARD_COMMON_PATH := $(TARGET_BOARD_NAME_DIR)/sm7250
 
 # Common kernel file handling
 ifneq (,$(filter $(TARGET_DEVICE),bramble redfin))
     TARGET_KERNEL_DIR := device/google/redbull-kernel
 else
     TARGET_KERNEL_DIR := $(TARGET_BOARD_NAME_DIR:%/=%)-kernel
 endif
 
 # DTBO partition definitions
-ifneq (,$(filter userdebug eng, $(TARGET_BUILD_VARIANT)))
-    BOARD_PREBUILT_DTBOIMAGE := $(TARGET_KERNEL_DIR)/dtbo.img
-else
-    BOARD_PREBUILT_DTBOIMAGE := $(TARGET_KERNEL_DIR)/vintf/dtbo.img
-endif
-TARGET_FS_CONFIG_GEN := $(TARGET_BOARD_NAME_DIR)/config.fs
+BOARD_PREBUILT_DTBOIMAGE := $(TARGET_KERNEL_DIR)/dtbo.img
 
-# Kernel modules
-ifeq (,$(filter-out $(TARGET_BOOTLOADER_BOARD_NAME)_kasan, $(TARGET_PRODUCT)))
-    KERNEL_MODULE_DIR := $(TARGET_KERNEL_DIR)/kasan
-else ifeq (,$(filter-out $(TARGET_BOOTLOADER_BOARD_NAME)_kernel_debug_memory, $(TARGET_PRODUCT)))
-    KERNEL_MODULE_DIR := $(TARGET_KERNEL_DIR)/debug_memory
-else ifeq (,$(filter-out $(TARGET_BOOTLOADER_BOARD_NAME)_kernel_debug_memory_accounting, $(TARGET_PRODUCT)))
-    KERNEL_MODULE_DIR := $(TARGET_KERNEL_DIR)/debug_memory_accounting
-BOARD_KERNEL_CMDLINE += page_owner=on
-else ifeq (,$(filter-out $(TARGET_BOOTLOADER_BOARD_NAME)_kernel_debug_locking, $(TARGET_PRODUCT)))
-    KERNEL_MODULE_DIR := $(TARGET_KERNEL_DIR)/debug_locking
-else ifeq (,$(filter-out $(TARGET_BOOTLOADER_BOARD_NAME)_kernel_debug_hang, $(TARGET_PRODUCT)))
-    KERNEL_MODULE_DIR := $(TARGET_KERNEL_DIR)/debug_hang
-else ifeq (,$(filter-out $(TARGET_BOOTLOADER_BOARD_NAME)_kernel_debug_api, $(TARGET_PRODUCT)))
-    KERNEL_MODULE_DIR := $(TARGET_KERNEL_DIR)/debug_api
-else
-    ifneq (,$(filter userdebug eng, $(TARGET_BUILD_VARIANT)))
-        KERNEL_MODULE_DIR := $(TARGET_KERNEL_DIR)
-    else
-        KERNEL_MODULE_DIR := $(TARGET_KERNEL_DIR)/vintf
-    endif
-endif
-
-# Copy kheaders.ko to vendor/lib/modules for VTS test
-BOARD_VENDOR_KERNEL_MODULES += $(KERNEL_MODULE_DIR)/kheaders.ko
-
-KERNEL_MODULES := $(wildcard $(KERNEL_MODULE_DIR)/*.ko)
-KERNEL_MODULES_LOAD := $(strip $(shell cat $(firstword $(wildcard \
-        $(KERNEL_MODULE_DIR)/modules.load \
-        $(if $(filter userdebug eng,$(TARGET_BUILD_VARIANT)), \
-            $(TARGET_KERNEL_DIR)/vintf/modules.load,) \
-        $(TARGET_KERNEL_DIR)/modules.load))))
+TARGET_FS_CONFIG_GEN := $(TARGET_BOARD_NAME_DIR)/config.fs
 
 # DTB
-BOARD_PREBUILT_DTBIMAGE_DIR := $(KERNEL_MODULE_DIR)
-
-ifeq (,$(BOOT_KERNEL_MODULES))
-    BOARD_VENDOR_RAMDISK_KERNEL_MODULES := $(KERNEL_MODULES)
-    BOARD_VENDOR_RAMDISK_KERNEL_MODULES_LOAD := $(KERNEL_MODULES_LOAD)
-else
-    #
-    # BEWARE: This is a tuning exercise to get right, splitting between
-    # boot essential drivers, fastboot/recovery drivers, and the remainder
-    # used by Android, but not the blocklist (device specific drivers not
-    # common between platforms or drivers that must not be autoloaded) which
-    # are loaded later.
-    #
-    # BOOT_KERNEL_MODULES     - Modules loaded in first stage init.
-    # RECOVERY_KERNEL_MODULES - Additional modules loaded in recovery/fastbootd
-    #                           or in second stage init.
-    # file: modules.blocklist - Not autoloaded. loaded on demand product or HAL.
-    # Remainder               - In second stage init, but after recovery set;
-    #                           minus the blocklist.
-    #
-    BOOT_KERNEL_MODULES_FILTER := $(foreach m,$(BOOT_KERNEL_MODULES),%/$(m))
-    ifneq (,$(RECOVERY_KERNEL_MODULES))
-        RECOVERY_KERNEL_MODULES_FILTER := \
-            $(foreach m,$(RECOVERY_KERNEL_MODULES),%/$(m))
-    endif
-    BOARD_VENDOR_RAMDISK_KERNEL_MODULES += \
-            $(filter $(BOOT_KERNEL_MODULES_FILTER) \
-                     $(RECOVERY_KERNEL_MODULES_FILTER),$(KERNEL_MODULES))
-
-    # ALL modules land in /vendor/lib/modules so they could be rmmod/insmod'd,
-    # and modules.list actually limits us to the ones we intend to load.
-    BOARD_VENDOR_KERNEL_MODULES := $(KERNEL_MODULES)
-    # To limit /vendor/lib/modules to just the ones loaded, use:
-    #
-    #   BOARD_VENDOR_KERNEL_MODULES := $(filter-out \
-    #       $(BOOT_KERNEL_MODULES_FILTER),$(KERNEL_MODULES))
-
-    # Group set of /vendor/lib/modules loading order to recovery modules first,
-    # then remainder, subtracting both recovery and boot modules.
-    BOARD_VENDOR_KERNEL_MODULES_LOAD := \
-            $(filter-out $(BOOT_KERNEL_MODULES_FILTER), \
-            $(filter $(RECOVERY_KERNEL_MODULES_FILTER),$(KERNEL_MODULES_LOAD)))
-    BOARD_VENDOR_KERNEL_MODULES_LOAD += \
-            $(filter-out $(BOOT_KERNEL_MODULES_FILTER) \
-                 $(RECOVERY_KERNEL_MODULES_FILTER),$(KERNEL_MODULES_LOAD))
-
-    # NB: Load order governed by modules.load and not by $(BOOT_KERNEL_MODULES)
-    BOARD_VENDOR_RAMDISK_KERNEL_MODULES_LOAD := \
-            $(filter $(BOOT_KERNEL_MODULES_FILTER),$(KERNEL_MODULES_LOAD))
-
-    ifneq (,$(RECOVERY_KERNEL_MODULES_FILTER))
-        # Group set of /vendor/lib/modules loading order to boot modules first,
-        # then remainder of recovery modules.
-        BOARD_VENDOR_RAMDISK_RECOVERY_KERNEL_MODULES_LOAD := \
-            $(filter $(BOOT_KERNEL_MODULES_FILTER),$(KERNEL_MODULES_LOAD))
-        BOARD_VENDOR_RAMDISK_RECOVERY_KERNEL_MODULES_LOAD += \
-            $(filter-out $(BOOT_KERNEL_MODULES_FILTER), \
-            $(filter $(RECOVERY_KERNEL_MODULES_FILTER),$(KERNEL_MODULES_LOAD)))
-    endif
-endif
+BOARD_PREBUILT_DTBIMAGE_DIR := $(TARGET_KERNEL_DIR)
 
 BOARD_BUILD_VENDOR_RAMDISK_IMAGE := true
 
 # Testing related defines
 BOARD_PERFSETUP_SCRIPT := platform_testing/scripts/perf-setup/b5r3-setup.sh

commit 9986d4c7bb4490b7000b4a651217df14bdc3ab27
Author: Daniel Micay <danielmicay@gmail.com>
Date:   Tue 2021-03-02 05:48:10-0500

    use specialized kernel builds
---
 BoardConfig-common.mk | 6 +-----
 1 file changed, 1 insertion(+), 5 deletions(-)

diff --git a/BoardConfig-common.mk b/BoardConfig-common.mk
index 81ea1a9bb9bad85f1abc897667049f75d0d35f26..7367b4cc8c852ac7b1dcc30e1c006f3c02cb6fca 100644
--- a/BoardConfig-common.mk
+++ b/BoardConfig-common.mk
@@ -279,25 +279,21 @@ PRODUCT_COPY_FILES += \
 
 # TARGET_BOOLOADER_BOARD_NAME sensitive common boilerplate
 
 TARGET_BOARD_NAME_DIR := device/google/$(TARGET_BOOTLOADER_BOARD_NAME)
 -include $(TARGET_BOARD_NAME_DIR:%/=%)-sepolicy/$(TARGET_BOOTLOADER_BOARD_NAME)-sepolicy.mk
 
 TARGET_BOARD_INFO_FILE := $(TARGET_BOARD_NAME_DIR)/board-info.txt
 TARGET_BOARD_COMMON_PATH := $(TARGET_BOARD_NAME_DIR)/sm7250
 
 # Common kernel file handling
-ifneq (,$(filter $(TARGET_DEVICE),bramble redfin))
-    TARGET_KERNEL_DIR := device/google/redbull-kernel
-else
-    TARGET_KERNEL_DIR := $(TARGET_BOARD_NAME_DIR:%/=%)-kernel
-endif
+TARGET_KERNEL_DIR := $(TARGET_BOARD_NAME_DIR:%/=%)-kernel
 
 # DTBO partition definitions
 BOARD_PREBUILT_DTBOIMAGE := $(TARGET_KERNEL_DIR)/dtbo.img
 
 TARGET_FS_CONFIG_GEN := $(TARGET_BOARD_NAME_DIR)/config.fs
 
 # DTB
 BOARD_PREBUILT_DTBIMAGE_DIR := $(TARGET_KERNEL_DIR)
 
 BOARD_BUILD_VENDOR_RAMDISK_IMAGE := true

commit 4401c6c60638b7d4798f3a92a7ea545c9db686ad
Author: Daniel Micay <danielmicay@gmail.com>
Date:   Wed 2020-10-14 19:16:12-0400

    disable system_other odex
---
 device-common.mk | 4 ----
 1 file changed, 4 deletions(-)

diff --git a/device-common.mk b/device-common.mk
index b4304fffbe4769b58e49d3eac1ea4c12324d8f9c..372a82bbf89a30c3d7df47dcdbf931865e97f741 100644
--- a/device-common.mk
+++ b/device-common.mk
@@ -133,44 +133,40 @@ ifneq (,$(filter userdebug eng, $(TARGET_BUILD_VARIANT)))
 else
   PRODUCT_COPY_FILES += \
       $(LOCAL_PATH)/init.hardware.mpssrfs.rc.user:$(TARGET_COPY_OUT_VENDOR)/etc/init/hw/init.$(PRODUCT_PLATFORM).mpssrfs.rc
   PRODUCT_COPY_FILES += \
       $(LOCAL_PATH)/init.hardware.diag.rc.user:$(TARGET_COPY_OUT_VENDOR)/etc/init/hw/init.$(PRODUCT_PLATFORM).diag.rc
 endif
 
 # A/B support
 PRODUCT_PACKAGES += \
     otapreopt_script \
-    cppreopts.sh \
     update_engine \
     update_verifier
 
 PRODUCT_PACKAGES += \
     linker.vendor_ramdisk \
     tune2fs.vendor_ramdisk \
     resize2fs.vendor_ramdisk
 
 # Use Sdcardfs
 PRODUCT_PRODUCT_PROPERTIES += \
     ro.sys.sdcardfs=1
 
 # Use FUSE passthrough
 PRODUCT_PRODUCT_PROPERTIES += \
     persist.sys.fuse.passthrough.enable=true
 
 PRODUCT_PACKAGES += \
     bootctrl.lito \
     bootctrl.lito.recovery
 
-PRODUCT_PROPERTY_OVERRIDES += \
-    ro.cp_system_other_odex=1
-
 AB_OTA_POSTINSTALL_CONFIG += \
     RUN_POSTINSTALL_system=true \
     POSTINSTALL_PATH_system=system/bin/otapreopt_script \
     FILESYSTEM_TYPE_system=ext4 \
     POSTINSTALL_OPTIONAL_system=true
 
 PRODUCT_PACKAGES += \
     update_engine_sideload
 
 PRODUCT_PACKAGES_DEBUG += \

commit 0192ec0dc711a2fd7c12d0a41e3a79120c3fd982
Author: Daniel Micay <danielmicay@gmail.com>
Date:   Wed 2020-10-14 19:16:59-0400

    SystemUIGoogle -> SystemUI
---
 device-common.mk                                       | 2 +-
 overlay/frameworks/base/core/res/res/values/config.xml | 2 +-
 2 files changed, 2 insertions(+), 2 deletions(-)

diff --git a/device-common.mk b/device-common.mk
index 372a82bbf89a30c3d7df47dcdbf931865e97f741..645939df424086e09d7feb3fe33636088d366c38 100644
--- a/device-common.mk
+++ b/device-common.mk
@@ -754,21 +754,21 @@ PRODUCT_PROPERTY_OVERRIDES += \
 
 # Enable tcpdump_logger on userdebug and eng
 ifneq (,$(filter userdebug eng, $(TARGET_BUILD_VARIANT)))
     PRODUCT_PROPERTY_OVERRIDES += \
         persist.vendor.tcpdump.log.alwayson=false \
         persist.vendor.tcpdump.log.br_num=5
 endif
 
 # Preopt SystemUI
 PRODUCT_DEXPREOPT_SPEED_APPS += \
-    SystemUIGoogle
+    SystemUI
 
 # Enable stats logging in LMKD
 TARGET_LMKD_STATS_LOG := true
 
 PRODUCT_COPY_FILES += \
     $(LOCAL_PATH)/init.gadgethal.sh:$(TARGET_COPY_OUT_VENDOR)/bin/init.gadgethal.sh
 
 # default usb oem functions
 ifneq (,$(filter userdebug eng, $(TARGET_BUILD_VARIANT)))
   PRODUCT_PROPERTY_OVERRIDES += \
diff --git a/overlay/frameworks/base/core/res/res/values/config.xml b/overlay/frameworks/base/core/res/res/values/config.xml
index ea46820150f4cb83a6d65525c9c75da527c86a7d..1ab6df86faac622ac426ddf239c677d957da6f0b 100755
--- a/overlay/frameworks/base/core/res/res/values/config.xml
+++ b/overlay/frameworks/base/core/res/res/values/config.xml
@@ -268,21 +268,21 @@
     <bool name="config_LTE_eri_for_network_name">false</bool>
 
     <!-- Default list of files pinned by the Pinner Service -->
     <string-array translatable="false" name="config_defaultPinnerServiceFiles">
         <item>"/apex/com.android.art/javalib/core-oj.jar"</item>
         <item>"/apex/com.android.art/javalib/core-libart.jar"</item>
         <item>"/apex/com.android.media/javalib/updatable-media.jar"</item>
         <item>"/system/framework/framework.jar"</item>
         <item>"/system/framework/services.jar"</item>
         <item>"/system/bin/surfaceflinger"</item>
-        <item>"/system_ext/priv-app/SystemUIGoogle/SystemUIGoogle.apk"</item>
+        <item>"/system_ext/priv-app/SystemUI/SystemUI.apk"</item>
         <item>"/vendor/lib64/lib_aion_buffer.so"</item>
         <item>"/vendor/lib64/libcamxexternalformatutils.so"</item>
         <item>"/vendor/lib64/libipebpsstriping.so"</item>
         <item>"/vendor/lib64/libCB.so"</item>
         <item>"/vendor/lib64/libgsl.so"</item>
     </string-array>
 
     <!-- Should the pinner service pin the Camera application? -->
     <bool name="config_pinnerCameraApp">true</bool>
 

commit 9deb218817c8ec7a2c06aad5885f56a0bfc965d0
Author: Daniel Micay <danielmicay@gmail.com>
Date:   Wed 2020-10-14 19:17:25-0400

    raise maximum users to 16
---
 overlay/frameworks/base/core/res/res/values/config.xml | 2 +-
 1 file changed, 1 insertion(+), 1 deletion(-)

diff --git a/overlay/frameworks/base/core/res/res/values/config.xml b/overlay/frameworks/base/core/res/res/values/config.xml
index 1ab6df86faac622ac426ddf239c677d957da6f0b..99fa2f8a623cfb31647560cb5bab30d7c2205412 100755
--- a/overlay/frameworks/base/core/res/res/values/config.xml
+++ b/overlay/frameworks/base/core/res/res/values/config.xml
@@ -111,21 +111,21 @@
     <!-- Set to true to add links to Cell Broadcast app from Settings and MMS app. -->
     <bool name="config_cellBroadcastAppLinks">true</bool>
 
     <!-- reference volume index for music stream to limit headphone volume and display warning -->
     <integer name="config_safe_media_volume_index">7</integer>
 
     <!--  Whether Multiuser UI should be shown -->
     <bool name="config_enableMultiUserUI">true</bool>
 
     <!--  Maximum number of supported users -->
-    <integer name="config_multiuserMaximumUsers">4</integer>
+    <integer name="config_multiuserMaximumUsers">16</integer>
 
     <!-- Whether Hearing Aid profile is supported -->
     <bool name="config_hearing_aid_profile_supported">true</bool>
 
     <!-- List of regexpressions describing the interface (if any) that represent tetherable
          USB interfaces.  If the device doesn't want to support tething over USB this should
          be empty.  An example would be "usb.*" -->
     <string-array translatable="false" name="config_tether_usb_regexs">
         <item>"usb\\d"</item>
         <item>"rndis\\d"</item>

commit 6a17fdada9dc7929ba7df0d15b465fef9346c028
Author: Daniel Micay <danielmicay@gmail.com>
Date:   Wed 2020-10-14 19:17:50-0400

    disable GSI keys
---
 device-common.mk | 3 ---
 1 file changed, 3 deletions(-)

diff --git a/device-common.mk b/device-common.mk
index 645939df424086e09d7feb3fe33636088d366c38..84f9fc260643cdd7e072b9c945fc8644cf20a947 100644
--- a/device-common.mk
+++ b/device-common.mk
@@ -88,23 +88,20 @@ PRODUCT_COPY_FILES += \
 PRODUCT_PROPERTY_OVERRIDES += \
     ro.control_privapp_permissions=enforce
 
 PRODUCT_PACKAGES += \
     messaging \
 
 TARGET_PRODUCT_PROP := $(LOCAL_PATH)/product.prop
 
 $(call inherit-product, $(LOCAL_PATH)/utils.mk)
 
-# Installs gsi keys into ramdisk, to boot a developer GSI with verified boot.
-$(call inherit-product, $(SRC_TARGET_DIR)/product/developer_gsi_keys.mk)
-
 PRODUCT_CHARACTERISTICS := nosdcard
 PRODUCT_SHIPPING_API_LEVEL := 30
 BOARD_SHIPPING_API_LEVEL := 30
 
 DEVICE_PACKAGE_OVERLAYS += $(LOCAL_PATH)/overlay
 
 PRODUCT_COPY_FILES += \
     $(LOCAL_KERNEL):kernel \
     $(LOCAL_PATH)/fstab.hardware:$(TARGET_COPY_OUT_VENDOR_RAMDISK)/first_stage_ramdisk/fstab.$(PRODUCT_PLATFORM) \
     $(LOCAL_PATH)/fstab.hardware:$(TARGET_COPY_OUT_VENDOR)/etc/fstab.$(PRODUCT_PLATFORM) \

commit 87618dda8949950b6dd45b9ce8830b76c8152e48
Author: Artem Borisov <dedsa2002@gmail.com>
Date:   Wed 2020-07-22 18:40:15+0000

    redbull: Trigger boot_wlan on boot
    
    Signed-off-by: anupritaisno1 <www.anuprita804@gmail.com>
    Change-Id: Id8f0dc92733625656ad19463ae2fa685178242da
---
 init.hardware.rc | 3 +++
 1 file changed, 3 insertions(+)

diff --git a/init.hardware.rc b/init.hardware.rc
index cc808edd3fd4aaa324e0cfa4b37c3fb55d1cd92c..678fb9a10733c1da5b32d550e83709203b8e23db 100644
--- a/init.hardware.rc
+++ b/init.hardware.rc
@@ -347,20 +347,23 @@ on zygote-start
     mkdir /data/vendor/location/mq 0770 gps gps
     mkdir /data/vendor/location/xtwifi 0770 gps gps
     mkdir /dev/socket/location 0770 gps gps
     mkdir /dev/socket/location/mq 0770 gps gps
     mkdir /dev/socket/location/xtra 0770 gps gps
 
     #Create directories for wifihal services
     mkdir /dev/socket/wifihal 0770 wifi wifi
     chmod 2770 /dev/socket/wifihal
 
+    # Trigger WLAN driver load
+    write /sys/kernel/boot_wlan/boot_wlan 1
+
 on early-boot
     # Change owner for sensors-related directories
     chown root system /mnt/vendor/persist/sensors/registry
     chown root system /mnt/vendor/persist/sensors/registry/registry
     chown system root /mnt/vendor/persist/sensors/sensors_settings
     chown root root /mnt/vendor/persist/sensors/registry/registry/sensors_settings
 
     # Set up sensors-related data directories and permissions
     mkdir /data/vendor/sensors 0770
     chown system system /data/vendor/sensors

commit 95d87b7add0a2be85c84332eb3906c4adaabc78e
Author: anupritaisno1 <www.anuprita804@gmail.com>
Date:   Sat 2020-11-14 02:09:38+0000

    redbull: disable chained vbmeta
    
    Signed-off-by: anupritaisno1 <www.anuprita804@gmail.com>
    Change-Id: Iba8e6a3a2ee9e969e90ca422d85355b212d02634
---
 BoardConfig-common.mk | 41 ++++++++---------------------------------
 fstab.hardware        |  6 +++---
 2 files changed, 11 insertions(+), 36 deletions(-)

diff --git a/BoardConfig-common.mk b/BoardConfig-common.mk
index 7367b4cc8c852ac7b1dcc30e1c006f3c02cb6fca..f7d1f95f671a1da497d140fbb163d539f63a5c6a 100644
--- a/BoardConfig-common.mk
+++ b/BoardConfig-common.mk
@@ -66,62 +66,37 @@ TARGET_NO_KERNEL := false
 BOARD_USES_GENERIC_KERNEL_IMAGE := true
 BOARD_MOVE_GSI_AVB_KEYS_TO_VENDOR_BOOT := true
 ifneq ($(PRODUCT_BUILD_VENDOR_BOOT_IMAGE),false)
 BOARD_MOVE_RECOVERY_RESOURCES_TO_VENDOR_BOOT := true
 endif
 
 BOARD_USES_METADATA_PARTITION := true
 
 AB_OTA_UPDATER := true
 
-ifneq ($(PRODUCT_BUILD_SYSTEM_IMAGE),false)
-AB_OTA_PARTITIONS += system
-AB_OTA_PARTITIONS += vbmeta_system
-endif
-ifneq ($(PRODUCT_BUILD_PRODUCT_IMAGE),false)
-AB_OTA_PARTITIONS += product
-endif
-ifneq ($(PRODUCT_BUILD_SYSTEM_EXT_IMAGE),false)
-AB_OTA_PARTITIONS += system_ext
-endif
-ifneq ($(PRODUCT_BUILD_BOOT_IMAGE),false)
-AB_OTA_PARTITIONS += boot
-endif
-ifneq ($(PRODUCT_BUILD_VENDOR_BOOT_IMAGE),false)
-AB_OTA_PARTITIONS += vendor_boot
-AB_OTA_PARTITIONS += dtbo
-endif
-ifneq ($(PRODUCT_BUILD_VBMETA_IMAGE),false)
-AB_OTA_PARTITIONS += vbmeta
-endif
+AB_OTA_PARTITIONS += \
+    boot \
+    vendor_boot \
+    system \
+    vbmeta \
+    dtbo \
+    product \
+    system_ext
 
 # Partitions (listed in the file) to be wiped under recovery.
 TARGET_RECOVERY_WIPE := device/google/redbull/recovery.wipe
 TARGET_RECOVERY_FSTAB := device/google/redbull/fstab.hardware
 TARGET_RECOVERY_PIXEL_FORMAT := RGBX_8888
 TARGET_RECOVERY_UI_LIB := \
     librecovery_ui_pixel \
     libfstab
 
-# Enable chain partition for system.
-BOARD_AVB_VBMETA_SYSTEM := system system_ext product
-BOARD_AVB_VBMETA_SYSTEM_KEY_PATH := external/avb/test/data/testkey_rsa2048.pem
-BOARD_AVB_VBMETA_SYSTEM_ALGORITHM := SHA256_RSA2048
-BOARD_AVB_VBMETA_SYSTEM_ROLLBACK_INDEX := $(PLATFORM_SECURITY_PATCH_TIMESTAMP)
-BOARD_AVB_VBMETA_SYSTEM_ROLLBACK_INDEX_LOCATION := 1
-
-# Enable chained vbmeta for boot images
-BOARD_AVB_BOOT_KEY_PATH := external/avb/test/data/testkey_rsa2048.pem
-BOARD_AVB_BOOT_ALGORITHM := SHA256_RSA2048
-BOARD_AVB_BOOT_ROLLBACK_INDEX := $(PLATFORM_SECURITY_PATCH_TIMESTAMP)
-BOARD_AVB_BOOT_ROLLBACK_INDEX_LOCATION := 2
-
 # product.img
 BOARD_PRODUCTIMAGE_FILE_SYSTEM_TYPE := ext4
 
 # userdata.img
 TARGET_USERIMAGES_USE_F2FS := true
 BOARD_USERDATAIMAGE_PARTITION_SIZE := 10737418240
 BOARD_USERDATAIMAGE_FILE_SYSTEM_TYPE := f2fs
 
 # persist.img
 BOARD_PERSISTIMAGE_PARTITION_SIZE := 33554432
diff --git a/fstab.hardware b/fstab.hardware
index d27d483bdd519620efa0f58c2da2a92108332b14..e6d6cbe0d83817969f2b904a57afe12a79f2309a 100644
--- a/fstab.hardware
+++ b/fstab.hardware
@@ -1,14 +1,14 @@
 # Android fstab file.
 
 #<src>                                                  <mnt_point>            <type>  <mnt_flags and options>                              <fs_mgr_flags>
 /dev/block/bootdevice/by-name/boot                      /boot                  emmc    defaults                                             slotselect,avb=boot,first_stage_mount
-system                                                  /system                ext4    ro,barrier=1                                         wait,slotselect,avb=vbmeta_system,logical,first_stage_mount
-system_ext                                              /system_ext            ext4    ro,barrier=1                                         wait,slotselect,avb=vbmeta_system,logical,first_stage_mount
-vendor                                                  /vendor                ext4    ro,barrier=1                                         wait,slotselect,avb=vbmeta,logical,first_stage_mount
+system                                                  /system                ext4    ro,barrier=1                                         wait,slotselect,avb=vbmeta,logical,first_stage_mount
+system_ext                                              /system_ext            ext4    ro,barrier=1                                         wait,slotselect,avb,logical,first_stage_mount
+vendor                                                  /vendor                ext4    ro,barrier=1                                         wait,slotselect,avb,logical,first_stage_mount
 product                                                 /product               ext4    ro,barrier=1                                         wait,slotselect,avb,logical,first_stage_mount
 /dev/block/by-name/metadata                             /metadata              ext4    noatime,nosuid,nodev,discard,data=journal,commit=1   wait,formattable,first_stage_mount,check,metadata_csum
 /dev/block/bootdevice/by-name/modem                     /vendor/firmware_mnt   vfat    ro,shortname=lower,uid=0,gid=1000,dmask=227,fmask=337,context=u:object_r:firmware_file:s0 wait,slotselect
 /dev/block/bootdevice/by-name/misc                      /misc                  emmc    defaults                                             defaults
 /dev/block/bootdevice/by-name/userdata                  /data                  f2fs    noatime,nosuid,nodev,discard,reserve_root=32768,resgid=1065,fsync_mode=nobarrier,inlinecrypt       latemount,wait,check,quota,formattable,fileencryption=aes-256-xts:aes-256-cts:v2+inlinecrypt_optimized,reservedsize=128M,sysfs_path=/dev/sys/block/bootdevice,keydirectory=/metadata/vold/metadata_encryption,checkpoint=fs
 /devices/platform/soc/a600000.ssusb/a600000.dwc3*       auto                   vfat    defaults                                             voldmanaged=usb:auto
 /dev/block/zram0                                        none                   swap    defaults                                             zramsize=2147483648,max_comp_streams=8,zram_backingdev_size=512M

commit 801f25179f15d9332a541b7eb6caed640f4b0a41
Author: Daniel Micay <danielmicay@gmail.com>
Date:   Thu 2021-02-11 22:30:29-0500

    set boot security patch level
---
 device-common.mk | 2 ++
 1 file changed, 2 insertions(+)

diff --git a/device-common.mk b/device-common.mk
index 84f9fc260643cdd7e072b9c945fc8644cf20a947..fa75e087f4876314a62b7825ebe106c6f5ab373d 100644
--- a/device-common.mk
+++ b/device-common.mk
@@ -842,20 +842,22 @@ endif
 
 PRODUCT_COPY_FILES += \
     $(LOCAL_PATH)/powerhint.json:$(TARGET_COPY_OUT_VENDOR)/etc/powerhint.json
 
 PRODUCT_COPY_FILES += \
     $(LOCAL_PATH)/task_profiles.json:$(TARGET_COPY_OUT_VENDOR)/etc/task_profiles.json
 
 # Set Vendor SPL to match platform
 VENDOR_SECURITY_PATCH = $(PLATFORM_SECURITY_PATCH)
 
+BOOT_SECURITY_PATCH = $(PLATFORM_SECURITY_PATCH)
+
 PRODUCT_PROPERTY_OVERRIDES += vendor.audio.adm.buffering.ms=2
 PRODUCT_PROPERTY_OVERRIDES += vendor.audio_hal.period_multiplier=2
 PRODUCT_PROPERTY_OVERRIDES += af.fast_track_multiplier=1
 
 # Enable AAudio MMAP/NOIRQ data path.
 # 1 is AAUDIO_POLICY_NEVER  means only use Legacy path.
 # 2 is AAUDIO_POLICY_AUTO   means try MMAP then fallback to Legacy path.
 # 3 is AAUDIO_POLICY_ALWAYS means only use MMAP path.
 PRODUCT_PROPERTY_OVERRIDES += aaudio.mmap_policy=2
 # 1 is AAUDIO_POLICY_NEVER  means only use SHARED mode

commit 077d853f1a8e002e2eec2f1908aa735c9c7ec153
Author: razorloves <razorloves@gmail.com>
Date:   Tue 2020-05-12 23:50:50-0500

    redbull: Set slotId# of non-removable esim
    
    This is needed for esim to function properly.
    Without it the EID value could not be read.
    
    Change-Id: I414a7c98362523c5880cfa90b6ce9c0ce92e9c32
---
 .../base/core/res/res/values/arrays.xml (new)      | 37 ++++++++++++++++++++++
 1 file changed, 37 insertions(+)

diff --git a/overlay/frameworks/base/core/res/res/values/arrays.xml b/overlay/frameworks/base/core/res/res/values/arrays.xml
new file mode 100644
index 0000000000000000000000000000000000000000..333bb3248d690c8fdeef553d5dbb801ca1da0a5a
--- /dev/null
+++ b/overlay/frameworks/base/core/res/res/values/arrays.xml
@@ -0,0 +1,37 @@
+<?xml version="1.0" encoding="utf-8"?>
+<!--
+/*
+** Copyright 2021, The LineageOS Project
+**
+** Licensed under the Apache License, Version 2.0 (the "License");
+** you may not use this file except in compliance with the License.
+** You may obtain a copy of the License at
+**
+**     http://www.apache.org/licenses/LICENSE-2.0
+**
+** Unless required by applicable law or agreed to in writing, software
+** distributed under the License is distributed on an "AS IS" BASIS,
+** WITHOUT WARRANTIES OR CONDITIONS OF ANY KIND, either express or implied.
+** See the License for the specific language governing permissions and
+** limitations under the License.
+*/
+-->
+<resources xmlns:xliff="urn:oasis:names:tc:xliff:document:1.2">
+    <!-- Device-specific array of SIM slot indexes which are are embedded eUICCs.
+         e.g. If a device has two physical slots with indexes 0, 1, and slot 1 is an
+         eUICC, then the value of this array should be:
+             <integer-array name="non_removable_euicc_slots">
+                 <item>1</item>
+             </integer-array>
+         If a device has three physical slots and slot 1 and 2 are eUICCs, then the value of
+         this array should be:
+             <integer-array name="non_removable_euicc_slots">
+                <item>1</item>
+                <item>2</item>
+             </integer-array>
+         This is used to differentiate between removable eUICCs and built in eUICCs, and should
+         be set by OEMs for devices which use eUICCs. -->
+    <integer-array name="non_removable_euicc_slots">
+        <item>1</item>
+    </integer-array>
+</resources>

commit 4c735a714ddf66badedb5dac48c2578d5f0e66fd
Author: flawedworld <flawedworld@flawed.world>
Date:   Sun 2021-10-10 02:35:39+0100

    Do not set ro.incremental.enable via kernel module
---
 device-common.mk | 3 ---
 1 file changed, 3 deletions(-)

diff --git a/device-common.mk b/device-common.mk
index fa75e087f4876314a62b7825ebe106c6f5ab373d..b02d89426cc4f80b2fd61dafb35aaeebb372e1d1 100644
--- a/device-common.mk
+++ b/device-common.mk
@@ -947,23 +947,20 @@ endif
 # Disable Rescue Party on userdebug & eng build
 ifneq (,$(filter userdebug eng, $(TARGET_BUILD_VARIANT)))
 PRODUCT_PRODUCT_PROPERTIES += \
     persist.sys.disable_rescue=true
 endif
 
 # Set support one-handed mode
 PRODUCT_PRODUCT_PROPERTIES += \
     ro.support_one_handed_mode=true
 
-# Enable Incremental on the device via kernel module
-PRODUCT_PROPERTY_OVERRIDES += \
-        ro.incremental.enable=module:/vendor/lib/modules/incrementalfs.ko
 
 # Enforce generic ramdisk allow list
 $(call inherit-product, $(SRC_TARGET_DIR)/product/generic_ramdisk.mk)
 
 # Enable watchdog timeout loop breaker.
 PRODUCT_PROPERTY_OVERRIDES += \
     framework_watchdog.fatal_window.second=600 \
     framework_watchdog.fatal_count=3
 
 # Set system properties identifying the chipset

commit ba76f54509f1b6a19da50655a8f75ad66893acad
Author: Danny Lin <danny@kdrag0n.dev>
Date:   Tue 2021-10-05 19:12:42-0700

    Enable microphone and camera privacy toggles
    
    The HALs on this device support microphone and camera toggles, and they
    are enabled on stock.
    
    Change-Id: I3342364f2e1deed5678776783d55fc7d364317d7
---
 overlay/frameworks/base/core/res/res/values/config.xml | 5 +++++
 1 file changed, 5 insertions(+)

diff --git a/overlay/frameworks/base/core/res/res/values/config.xml b/overlay/frameworks/base/core/res/res/values/config.xml
index 99fa2f8a623cfb31647560cb5bab30d7c2205412..7642a8919c0d52d003adc7144cbc2194557b2614 100755
--- a/overlay/frameworks/base/core/res/res/values/config.xml
+++ b/overlay/frameworks/base/core/res/res/values/config.xml
@@ -338,11 +338,16 @@
     </integer-array>
 
     <!-- Delay that allows some content to arrive at the display before switching
          from DOZE to ON, in millis. -->
     <integer name="config_wakeUpDelayDoze">32</integer>
 
     <!-- Whether the device enable the standalone (SA) mode of 5G NR.-->
     <bool name="config_telephony5gStandalone">true</bool>
     <!-- Whether the device enable the non-standalone (NSA) mode of 5G NR.-->
     <bool name="config_telephony5gNonStandalone">true</bool>
+
+    <!-- Whether this device is supporting the microphone toggle -->
+    <bool name="config_supportsMicToggle">true</bool>
+    <!-- Whether this device is supporting the camera toggle -->
+    <bool name="config_supportsCamToggle">true</bool>
 </resources>

commit a77df09a451b741bf2202de79eefbebdeacdfb7e (HEAD, m/master, grapheneos/12)
Author: Daniel Micay <danielmicay@gmail.com>
Date:   Mon 2021-10-11 17:56:30-0400

    use more modern target CPU configuration
---
 BoardConfig-common.mk | 10 ++++------
 1 file changed, 4 insertions(+), 6 deletions(-)

diff --git a/BoardConfig-common.mk b/BoardConfig-common.mk
index f7d1f95f671a1da497d140fbb163d539f63a5c6a..cde1cbced48d2eb90451ff30942222b3a37bad12 100644
--- a/BoardConfig-common.mk
+++ b/BoardConfig-common.mk
@@ -14,33 +14,31 @@
 # limitations under the License.
 #
 
 include build/make/target/board/BoardConfigMainlineCommon.mk
 include build/make/target/board/BoardConfigPixelCommon.mk
 
 TARGET_BOARD_PLATFORM := lito
 USES_DEVICE_GOOGLE_REDBULL := true
 
 TARGET_ARCH := arm64
-TARGET_ARCH_VARIANT := armv8-a
+TARGET_ARCH_VARIANT := armv8-2a-dotprod
 TARGET_CPU_ABI := arm64-v8a
 TARGET_CPU_ABI2 :=
-TARGET_CPU_VARIANT := generic
-TARGET_CPU_VARIANT_RUNTIME := cortex-a76
+TARGET_CPU_VARIANT := cortex-a76
 
 ifeq (,$(filter %_64,$(TARGET_PRODUCT)))
 TARGET_2ND_ARCH := arm
-TARGET_2ND_ARCH_VARIANT := armv8-a
+TARGET_2ND_ARCH_VARIANT := armv8-2a
 TARGET_2ND_CPU_ABI := armeabi-v7a
 TARGET_2ND_CPU_ABI2 := armeabi
-TARGET_2ND_CPU_VARIANT := generic
-TARGET_2ND_CPU_VARIANT_RUNTIME := cortex-a76
+TARGET_2ND_CPU_VARIANT := cortex-a76
 endif
 
 BUILD_BROKEN_DUP_RULES := true
 BOARD_KERNEL_CMDLINE += console=ttyMSM0,115200n8 androidboot.console=ttyMSM0 printk.devkmsg=on
 BOARD_KERNEL_CMDLINE += msm_rtb.filter=0x237
 BOARD_KERNEL_CMDLINE += ehci-hcd.park=3
 BOARD_KERNEL_CMDLINE += service_locator.enable=1
 BOARD_KERNEL_CMDLINE += androidboot.memcg=1 cgroup.memory=nokmem
 BOARD_KERNEL_CMDLINE += lpm_levels.sleep_disabled=1 # STOPSHIP b/113233473
 BOARD_KERNEL_CMDLINE += usbcore.autosuspend=7
