commit d438c0f88ac933a2052b50d4bd159ccab918cca1 (HEAD, tag: SQ1A.220105.002.2022010500, m/master, grapheneos/12)
Author: Daniel Micay <danielmicay@gmail.com>
Date:   Wed 2020-10-14 19:14:00-0400

    update for isolated app split
---
 vendor/qcom/common/hal_drm_widevine.te | 2 +-
 1 file changed, 1 insertion(+), 1 deletion(-)

diff --git a/vendor/qcom/common/hal_drm_widevine.te b/vendor/qcom/common/hal_drm_widevine.te
index b2be68ff872e3e35bb70a16d2b2702624a02a7ce..d4af5114d54835367fce981218cc2e584e2fe7e0 100644
--- a/vendor/qcom/common/hal_drm_widevine.te
+++ b/vendor/qcom/common/hal_drm_widevine.te
@@ -3,14 +3,14 @@ type hal_drm_widevine, domain;
 type hal_drm_widevine_exec, exec_type, vendor_file_type, file_type;
 init_daemon_domain(hal_drm_widevine)
 
 hal_server_domain(hal_drm_widevine, hal_drm)
 vndbinder_use(hal_drm_widevine);
 allow hal_drm_widevine mediadrm_vendor_data_file:dir create_dir_perms;
 allow hal_drm_widevine mediadrm_vendor_data_file:file create_file_perms;
 allow hal_drm_widevine hal_display_config_hwservice:hwservice_manager find;
 binder_call(hal_drm_widevine, hal_graphics_composer_default)
 
-allow hal_drm_widevine { appdomain -isolated_app }:fd use;
+allow hal_drm_widevine { appdomain -isolated_app -isolated_base_app }:fd use;
 
 allow hal_drm_widevine qce_device:chr_file rw_file_perms;
 allow hal_drm_widevine smcinvoke_device:chr_file rw_file_perms;
